<?xml version="1.0" encoding="UTF-8"?>
<testsuite xmlns:xsi="http://www.w3.org/2001/XMLSchema-instance" xsi:noNamespaceSchemaLocation="https://maven.apache.org/surefire/maven-surefire-plugin/xsd/surefire-test-report-3.0.xsd" version="3.0" name="implementaciones.UsuarioDAOTest" time="0.996" tests="19" errors="4" skipped="0" failures="0">
  <properties>
    <property name="java.specification.version" value="21"/>
    <property name="sun.cpu.isalist" value="amd64"/>
    <property name="sun.jnu.encoding" value="Cp1252"/>
    <property name="java.class.path" value="C:\Users\Familia\Documents\GitHub\Ejteechi_Pruebas\Persistencia\target\test-classes;C:\Users\Familia\Documents\GitHub\Ejteechi_Pruebas\Persistencia\target\classes;C:\Users\Familia\.m2\repository\org\mongodb\mongo-java-driver\3.10.2\mongo-java-driver-3.10.2.jar;C:\Users\Familia\.m2\repository\org\mongodb\bson\3.10.2\bson-3.10.2.jar;C:\Users\Familia\.m2\repository\org\mongodb\mongodb-driver-core\3.10.2\mongodb-driver-core-3.10.2.jar;C:\Users\Familia\.m2\repository\org\junit\jupiter\junit-jupiter-api\5.10.2\junit-jupiter-api-5.10.2.jar;C:\Users\Familia\.m2\repository\org\opentest4j\opentest4j\1.3.0\opentest4j-1.3.0.jar;C:\Users\Familia\.m2\repository\org\junit\platform\junit-platform-commons\1.10.2\junit-platform-commons-1.10.2.jar;C:\Users\Familia\.m2\repository\org\apiguardian\apiguardian-api\1.1.2\apiguardian-api-1.1.2.jar;C:\Users\Familia\.m2\repository\org\junit\jupiter\junit-jupiter-params\5.10.2\junit-jupiter-params-5.10.2.jar;C:\Users\Familia\.m2\repository\org\junit\jupiter\junit-jupiter-engine\5.10.2\junit-jupiter-engine-5.10.2.jar;C:\Users\Familia\.m2\repository\org\junit\platform\junit-platform-engine\1.10.2\junit-platform-engine-1.10.2.jar;C:\Users\Familia\.m2\repository\junit\junit\4.13.2\junit-4.13.2.jar;C:\Users\Familia\.m2\repository\org\hamcrest\hamcrest-core\1.3\hamcrest-core-1.3.jar;C:\Users\Familia\.m2\repository\org\mockito\mockito-junit-jupiter\5.12.0\mockito-junit-jupiter-5.12.0.jar;C:\Users\Familia\.m2\repository\org\mockito\mockito-core\5.12.0\mockito-core-5.12.0.jar;C:\Users\Familia\.m2\repository\net\bytebuddy\byte-buddy\1.14.15\byte-buddy-1.14.15.jar;C:\Users\Familia\.m2\repository\net\bytebuddy\byte-buddy-agent\1.14.15\byte-buddy-agent-1.14.15.jar;C:\Users\Familia\.m2\repository\org\objenesis\objenesis\3.3\objenesis-3.3.jar;"/>
    <property name="java.vm.vendor" value="Oracle Corporation"/>
    <property name="sun.arch.data.model" value="64"/>
    <property name="user.variant" value=""/>
    <property name="java.vendor.url" value="https://java.oracle.com/"/>
    <property name="user.timezone" value="America/Hermosillo"/>
    <property name="os.name" value="Windows 11"/>
    <property name="java.vm.specification.version" value="21"/>
    <property name="user.country" value="MX"/>
    <property name="sun.java.launcher" value="SUN_STANDARD"/>
    <property name="sun.boot.library.path" value="C:\Program Files\Java\jdk-21\bin"/>
    <property name="sun.java.command" value="C:\Users\Familia\AppData\Local\Temp\surefire11971460019796856139\surefirebooter-20241109232914609_3.jar C:\Users\Familia\AppData\Local\Temp\surefire11971460019796856139 2024-11-09T23-29-14_486-jvmRun1 surefire-20241109232914609_1tmp surefire_0-20241109232914609_2tmp"/>
    <property name="jdk.debug" value="release"/>
    <property name="test" value="implementaciones.UsuarioDAOTest"/>
    <property name="surefire.test.class.path" value="C:\Users\Familia\Documents\GitHub\Ejteechi_Pruebas\Persistencia\target\test-classes;C:\Users\Familia\Documents\GitHub\Ejteechi_Pruebas\Persistencia\target\classes;C:\Users\Familia\.m2\repository\org\mongodb\mongo-java-driver\3.10.2\mongo-java-driver-3.10.2.jar;C:\Users\Familia\.m2\repository\org\mongodb\bson\3.10.2\bson-3.10.2.jar;C:\Users\Familia\.m2\repository\org\mongodb\mongodb-driver-core\3.10.2\mongodb-driver-core-3.10.2.jar;C:\Users\Familia\.m2\repository\org\junit\jupiter\junit-jupiter-api\5.10.2\junit-jupiter-api-5.10.2.jar;C:\Users\Familia\.m2\repository\org\opentest4j\opentest4j\1.3.0\opentest4j-1.3.0.jar;C:\Users\Familia\.m2\repository\org\junit\platform\junit-platform-commons\1.10.2\junit-platform-commons-1.10.2.jar;C:\Users\Familia\.m2\repository\org\apiguardian\apiguardian-api\1.1.2\apiguardian-api-1.1.2.jar;C:\Users\Familia\.m2\repository\org\junit\jupiter\junit-jupiter-params\5.10.2\junit-jupiter-params-5.10.2.jar;C:\Users\Familia\.m2\repository\org\junit\jupiter\junit-jupiter-engine\5.10.2\junit-jupiter-engine-5.10.2.jar;C:\Users\Familia\.m2\repository\org\junit\platform\junit-platform-engine\1.10.2\junit-platform-engine-1.10.2.jar;C:\Users\Familia\.m2\repository\junit\junit\4.13.2\junit-4.13.2.jar;C:\Users\Familia\.m2\repository\org\hamcrest\hamcrest-core\1.3\hamcrest-core-1.3.jar;C:\Users\Familia\.m2\repository\org\mockito\mockito-junit-jupiter\5.12.0\mockito-junit-jupiter-5.12.0.jar;C:\Users\Familia\.m2\repository\org\mockito\mockito-core\5.12.0\mockito-core-5.12.0.jar;C:\Users\Familia\.m2\repository\net\bytebuddy\byte-buddy\1.14.15\byte-buddy-1.14.15.jar;C:\Users\Familia\.m2\repository\net\bytebuddy\byte-buddy-agent\1.14.15\byte-buddy-agent-1.14.15.jar;C:\Users\Familia\.m2\repository\org\objenesis\objenesis\3.3\objenesis-3.3.jar;"/>
    <property name="sun.cpu.endian" value="little"/>
    <property name="user.home" value="C:\Users\Familia"/>
    <property name="user.language" value="es"/>
    <property name="java.specification.vendor" value="Oracle Corporation"/>
    <property name="java.version.date" value="2024-07-16"/>
    <property name="java.home" value="C:\Program Files\Java\jdk-21"/>
    <property name="file.separator" value="\"/>
    <property name="basedir" value="C:\Users\Familia\Documents\GitHub\Ejteechi_Pruebas\Persistencia"/>
    <property name="java.vm.compressedOopsMode" value="Zero based"/>
    <property name="line.separator" value="&#10;"/>
    <property name="java.vm.specification.vendor" value="Oracle Corporation"/>
    <property name="java.specification.name" value="Java Platform API Specification"/>
    <property name="surefire.real.class.path" value="C:\Users\Familia\AppData\Local\Temp\surefire11971460019796856139\surefirebooter-20241109232914609_3.jar"/>
    <property name="user.script" value=""/>
    <property name="sun.management.compiler" value="HotSpot 64-Bit Tiered Compilers"/>
    <property name="java.runtime.version" value="21.0.4+8-LTS-274"/>
    <property name="user.name" value="Familia"/>
    <property name="stdout.encoding" value="Cp1252"/>
    <property name="path.separator" value=";"/>
    <property name="os.version" value="10.0"/>
    <property name="java.runtime.name" value="Java(TM) SE Runtime Environment"/>
    <property name="file.encoding" value="UTF-8"/>
    <property name="java.vm.name" value="Java HotSpot(TM) 64-Bit Server VM"/>
    <property name="maven.ext.class.path" value="C:\Program Files\NetBeans-22\netbeans\java\maven-nblib\netbeans-eventspy.jar"/>
    <property name="localRepository" value="C:\Users\Familia\.m2\repository"/>
    <property name="java.vendor.url.bug" value="https://bugreport.java.com/bugreport/"/>
    <property name="java.io.tmpdir" value="C:\Users\Familia\AppData\Local\Temp\"/>
    <property name="java.version" value="21.0.4"/>
    <property name="user.dir" value="C:\Users\Familia\Documents\GitHub\Ejteechi_Pruebas\Persistencia"/>
    <property name="os.arch" value="amd64"/>
    <property name="java.vm.specification.name" value="Java Virtual Machine Specification"/>
    <property name="sun.os.patch.level" value=""/>
    <property name="native.encoding" value="Cp1252"/>
    <property name="java.library.path" value="C:\Program Files\Java\jdk-21\bin;C:\WINDOWS\Sun\Java\bin;C:\WINDOWS\system32;C:\WINDOWS;C:\Program Files\Common Files\Oracle\Java\javapath;C:\Program Files (x86)\Common Files\Oracle\Java\java8path;C:\Program Files (x86)\Common Files\Oracle\Java\javapath;C:\WINDOWS\system32;C:\WINDOWS;C:\WINDOWS\System32\Wbem;C:\WINDOWS\System32\WindowsPowerShell\v1.0\;C:\WINDOWS\System32\OpenSSH\;C:\Program Files\Git\cmd;C:\Program Files\MySQL\MySQL Shell 8.0\bin\;C:\Users\Familia\AppData\Local\Programs\Python\Python312\Scripts\;C:\Users\Familia\AppData\Local\Programs\Python\Python312\;C:\Users\Familia\AppData\Local\Microsoft\WindowsApps;C:\Users\Familia\AppData\Local\spicetify;C:\Users\Familia\AppData\Local\Programs\Microsoft VS Code\bin;C:\Users\Familia\AppData\Local\GitHubDesktop\bin;%IntelliJ IDEA%;C:\Users\Familia\AppData\Local\JetBrains\Toolbox\scripts;;."/>
    <property name="java.vm.info" value="mixed mode, sharing"/>
    <property name="stderr.encoding" value="Cp1252"/>
    <property name="java.vendor" value="Oracle Corporation"/>
    <property name="java.vm.version" value="21.0.4+8-LTS-274"/>
    <property name="sun.io.unicode.encoding" value="UnicodeLittle"/>
    <property name="java.class.version" value="65.0"/>
  </properties>
  <testcase name="agregarEmpleado_EmpleadoCorreoExistente_ReturnFail" classname="implementaciones.UsuarioDAOTest" time="0.293">
    <error message="Ya existe un usuario con ese correo." type="java.lang.Exception"><![CDATA[java.lang.Exception: Ya existe un usuario con ese correo.
	at implementaciones.UsuarioDAOTest.agregarEmpleado_EmpleadoCorreoExistente_ReturnFail(UsuarioDAOTest.java:294)
	at java.base/java.lang.reflect.Method.invoke(Method.java:580)
	at java.base/java.util.ArrayList.forEach(ArrayList.java:1596)
	at java.base/java.util.ArrayList.forEach(ArrayList.java:1596)
]]></error>
    <system-err><![CDATA[nov 09, 2024 11:29:15 P. M. com.mongodb.diagnostics.logging.JULLogger log
INFO: Cluster created with settings {hosts=[localhost:27017], mode=SINGLE, requiredClusterType=UNKNOWN, serverSelectionTimeout='30000 ms', maxWaitQueueSize=500}
nov 09, 2024 11:29:15 P. M. conexion.Conexion crearConexion
INFO: Se ha establecido la conexión con el servidor.
nov 09, 2024 11:29:15 P. M. com.mongodb.diagnostics.logging.JULLogger log
INFO: Cluster description not yet available. Waiting for 30000 ms before timing out
nov 09, 2024 11:29:15 P. M. com.mongodb.diagnostics.logging.JULLogger log
INFO: Opened connection [connectionId{localValue:1}] to localhost:27017
nov 09, 2024 11:29:15 P. M. com.mongodb.diagnostics.logging.JULLogger log
INFO: Monitor thread successfully connected to server with description ServerDescription{address=localhost:27017, type=STANDALONE, state=CONNECTED, ok=true, version=ServerVersion{versionList=[8, 0, 3]}, minWireVersion=0, maxWireVersion=25, maxDocumentSize=16777216, logicalSessionTimeoutMinutes=30, roundTripTimeNanos=3491800}
nov 09, 2024 11:29:15 P. M. com.mongodb.diagnostics.logging.JULLogger log
INFO: Opened connection [connectionId{localValue:2}] to localhost:27017
nov 09, 2024 11:29:15 P. M. implementaciones.UsuarioDAO obtenerUsuarioCorreo
INFO: Se ha consultado la colección 'usuarios'.
nov 09, 2024 11:29:15 P. M. com.mongodb.diagnostics.logging.JULLogger log
INFO: Closed connection [connectionId{localValue:2}] to localhost:27017 because the pool has been closed.
nov 09, 2024 11:29:15 P. M. conexion.Conexion cerrarConexion
INFO: Se ha cerrado la conexión con el servidor.
nov 09, 2024 11:29:15 P. M. com.mongodb.diagnostics.logging.JULLogger log
INFO: Cluster created with settings {hosts=[localhost:27017], mode=SINGLE, requiredClusterType=UNKNOWN, serverSelectionTimeout='30000 ms', maxWaitQueueSize=500}
nov 09, 2024 11:29:15 P. M. conexion.Conexion crearConexion
INFO: Se ha establecido la conexión con el servidor.
nov 09, 2024 11:29:15 P. M. com.mongodb.diagnostics.logging.JULLogger log
INFO: Cluster description not yet available. Waiting for 30000 ms before timing out
nov 09, 2024 11:29:15 P. M. com.mongodb.diagnostics.logging.JULLogger log
INFO: Opened connection [connectionId{localValue:3}] to localhost:27017
nov 09, 2024 11:29:15 P. M. com.mongodb.diagnostics.logging.JULLogger log
INFO: Monitor thread successfully connected to server with description ServerDescription{address=localhost:27017, type=STANDALONE, state=CONNECTED, ok=true, version=ServerVersion{versionList=[8, 0, 3]}, minWireVersion=0, maxWireVersion=25, maxDocumentSize=16777216, logicalSessionTimeoutMinutes=30, roundTripTimeNanos=391500}
nov 09, 2024 11:29:15 P. M. com.mongodb.diagnostics.logging.JULLogger log
INFO: Opened connection [connectionId{localValue:4}] to localhost:27017
nov 09, 2024 11:29:15 P. M. implementaciones.UsuarioDAO obtenerEmpleadoCurp
INFO: Se ha consultado la colección 'usuarios'.
nov 09, 2024 11:29:15 P. M. com.mongodb.diagnostics.logging.JULLogger log
INFO: Closed connection [connectionId{localValue:4}] to localhost:27017 because the pool has been closed.
nov 09, 2024 11:29:15 P. M. conexion.Conexion cerrarConexion
INFO: Se ha cerrado la conexión con el servidor.
nov 09, 2024 11:29:15 P. M. com.mongodb.diagnostics.logging.JULLogger log
INFO: Cluster created with settings {hosts=[localhost:27017], mode=SINGLE, requiredClusterType=UNKNOWN, serverSelectionTimeout='30000 ms', maxWaitQueueSize=500}
nov 09, 2024 11:29:15 P. M. conexion.Conexion crearConexion
INFO: Se ha establecido la conexión con el servidor.
nov 09, 2024 11:29:15 P. M. com.mongodb.diagnostics.logging.JULLogger log
INFO: Cluster description not yet available. Waiting for 30000 ms before timing out
nov 09, 2024 11:29:15 P. M. com.mongodb.diagnostics.logging.JULLogger log
INFO: Opened connection [connectionId{localValue:5}] to localhost:27017
nov 09, 2024 11:29:15 P. M. com.mongodb.diagnostics.logging.JULLogger log
INFO: Monitor thread successfully connected to server with description ServerDescription{address=localhost:27017, type=STANDALONE, state=CONNECTED, ok=true, version=ServerVersion{versionList=[8, 0, 3]}, minWireVersion=0, maxWireVersion=25, maxDocumentSize=16777216, logicalSessionTimeoutMinutes=30, roundTripTimeNanos=329900}
nov 09, 2024 11:29:15 P. M. com.mongodb.diagnostics.logging.JULLogger log
INFO: Opened connection [connectionId{localValue:6}] to localhost:27017
nov 09, 2024 11:29:15 P. M. implementaciones.UsuarioDAO obtenerEmpleadoRfc
INFO: Se ha consultado la colección 'usuarios'.
nov 09, 2024 11:29:15 P. M. com.mongodb.diagnostics.logging.JULLogger log
INFO: Closed connection [connectionId{localValue:6}] to localhost:27017 because the pool has been closed.
nov 09, 2024 11:29:15 P. M. conexion.Conexion cerrarConexion
INFO: Se ha cerrado la conexión con el servidor.
nov 09, 2024 11:29:15 P. M. com.mongodb.diagnostics.logging.JULLogger log
INFO: Cluster created with settings {hosts=[localhost:27017], mode=SINGLE, requiredClusterType=UNKNOWN, serverSelectionTimeout='30000 ms', maxWaitQueueSize=500}
nov 09, 2024 11:29:15 P. M. conexion.Conexion crearConexion
INFO: Se ha establecido la conexión con el servidor.
nov 09, 2024 11:29:15 P. M. com.mongodb.diagnostics.logging.JULLogger log
INFO: Opened connection [connectionId{localValue:7}] to localhost:27017
nov 09, 2024 11:29:15 P. M. com.mongodb.diagnostics.logging.JULLogger log
INFO: Monitor thread successfully connected to server with description ServerDescription{address=localhost:27017, type=STANDALONE, state=CONNECTED, ok=true, version=ServerVersion{versionList=[8, 0, 3]}, minWireVersion=0, maxWireVersion=25, maxDocumentSize=16777216, logicalSessionTimeoutMinutes=30, roundTripTimeNanos=347700}
nov 09, 2024 11:29:15 P. M. com.mongodb.diagnostics.logging.JULLogger log
INFO: Cluster description not yet available. Waiting for 30000 ms before timing out
nov 09, 2024 11:29:15 P. M. com.mongodb.diagnostics.logging.JULLogger log
INFO: Opened connection [connectionId{localValue:8}] to localhost:27017
nov 09, 2024 11:29:15 P. M. implementaciones.UsuarioDAO agregarEmpleado
INFO: Se ha insertado un documento en la colección 'usuarios'.
nov 09, 2024 11:29:15 P. M. com.mongodb.diagnostics.logging.JULLogger log
INFO: Closed connection [connectionId{localValue:8}] to localhost:27017 because the pool has been closed.
nov 09, 2024 11:29:15 P. M. conexion.Conexion cerrarConexion
INFO: Se ha cerrado la conexión con el servidor.
nov 09, 2024 11:29:15 P. M. com.mongodb.diagnostics.logging.JULLogger log
INFO: Cluster created with settings {hosts=[localhost:27017], mode=SINGLE, requiredClusterType=UNKNOWN, serverSelectionTimeout='30000 ms', maxWaitQueueSize=500}
nov 09, 2024 11:29:15 P. M. conexion.Conexion crearConexion
INFO: Se ha establecido la conexión con el servidor.
nov 09, 2024 11:29:15 P. M. com.mongodb.diagnostics.logging.JULLogger log
INFO: Cluster description not yet available. Waiting for 30000 ms before timing out
nov 09, 2024 11:29:15 P. M. com.mongodb.diagnostics.logging.JULLogger log
INFO: Opened connection [connectionId{localValue:9}] to localhost:27017
nov 09, 2024 11:29:15 P. M. com.mongodb.diagnostics.logging.JULLogger log
INFO: Monitor thread successfully connected to server with description ServerDescription{address=localhost:27017, type=STANDALONE, state=CONNECTED, ok=true, version=ServerVersion{versionList=[8, 0, 3]}, minWireVersion=0, maxWireVersion=25, maxDocumentSize=16777216, logicalSessionTimeoutMinutes=30, roundTripTimeNanos=322300}
nov 09, 2024 11:29:15 P. M. com.mongodb.diagnostics.logging.JULLogger log
INFO: Opened connection [connectionId{localValue:10}] to localhost:27017
nov 09, 2024 11:29:15 P. M. implementaciones.UsuarioDAO obtenerUsuarioCorreo
INFO: Se ha consultado la colección 'usuarios'.
nov 09, 2024 11:29:15 P. M. com.mongodb.diagnostics.logging.JULLogger log
INFO: Closed connection [connectionId{localValue:10}] to localhost:27017 because the pool has been closed.
nov 09, 2024 11:29:15 P. M. conexion.Conexion cerrarConexion
INFO: Se ha cerrado la conexión con el servidor.
nov 09, 2024 11:29:15 P. M. com.mongodb.diagnostics.logging.JULLogger log
INFO: Cluster created with settings {hosts=[localhost:27017], mode=SINGLE, requiredClusterType=UNKNOWN, serverSelectionTimeout='30000 ms', maxWaitQueueSize=500}
nov 09, 2024 11:29:15 P. M. conexion.Conexion crearConexion
INFO: Se ha establecido la conexión con el servidor.
nov 09, 2024 11:29:15 P. M. com.mongodb.diagnostics.logging.JULLogger log
INFO: Cluster description not yet available. Waiting for 30000 ms before timing out
nov 09, 2024 11:29:15 P. M. com.mongodb.diagnostics.logging.JULLogger log
INFO: Opened connection [connectionId{localValue:11}] to localhost:27017
nov 09, 2024 11:29:15 P. M. com.mongodb.diagnostics.logging.JULLogger log
INFO: Monitor thread successfully connected to server with description ServerDescription{address=localhost:27017, type=STANDALONE, state=CONNECTED, ok=true, version=ServerVersion{versionList=[8, 0, 3]}, minWireVersion=0, maxWireVersion=25, maxDocumentSize=16777216, logicalSessionTimeoutMinutes=30, roundTripTimeNanos=267200}
nov 09, 2024 11:29:15 P. M. com.mongodb.diagnostics.logging.JULLogger log
INFO: Opened connection [connectionId{localValue:12}] to localhost:27017
nov 09, 2024 11:29:15 P. M. implementaciones.UsuarioDAO obtenerUsuarioCorreo
INFO: Se ha consultado la colección 'usuarios'.
nov 09, 2024 11:29:15 P. M. com.mongodb.diagnostics.logging.JULLogger log
INFO: Closed connection [connectionId{localValue:12}] to localhost:27017 because the pool has been closed.
nov 09, 2024 11:29:15 P. M. conexion.Conexion cerrarConexion
INFO: Se ha cerrado la conexión con el servidor.
nov 09, 2024 11:29:15 P. M. com.mongodb.diagnostics.logging.JULLogger log
INFO: Cluster created with settings {hosts=[localhost:27017], mode=SINGLE, requiredClusterType=UNKNOWN, serverSelectionTimeout='30000 ms', maxWaitQueueSize=500}
nov 09, 2024 11:29:15 P. M. conexion.Conexion crearConexion
INFO: Se ha establecido la conexión con el servidor.
nov 09, 2024 11:29:15 P. M. com.mongodb.diagnostics.logging.JULLogger log
INFO: Cluster description not yet available. Waiting for 30000 ms before timing out
nov 09, 2024 11:29:15 P. M. com.mongodb.diagnostics.logging.JULLogger log
INFO: Opened connection [connectionId{localValue:13}] to localhost:27017
nov 09, 2024 11:29:15 P. M. com.mongodb.diagnostics.logging.JULLogger log
INFO: Monitor thread successfully connected to server with description ServerDescription{address=localhost:27017, type=STANDALONE, state=CONNECTED, ok=true, version=ServerVersion{versionList=[8, 0, 3]}, minWireVersion=0, maxWireVersion=25, maxDocumentSize=16777216, logicalSessionTimeoutMinutes=30, roundTripTimeNanos=306900}
nov 09, 2024 11:29:15 P. M. com.mongodb.diagnostics.logging.JULLogger log
INFO: Opened connection [connectionId{localValue:14}] to localhost:27017
nov 09, 2024 11:29:15 P. M. implementaciones.UsuarioDAO borrarUsuarios
INFO: Se han eliminado 1 registros de la colección 'usuarios'.
nov 09, 2024 11:29:15 P. M. com.mongodb.diagnostics.logging.JULLogger log
INFO: Closed connection [connectionId{localValue:14}] to localhost:27017 because the pool has been closed.
nov 09, 2024 11:29:15 P. M. conexion.Conexion cerrarConexion
INFO: Se ha cerrado la conexión con el servidor.
]]></system-err>
  </testcase>
  <testcase name="agregarEmpleado_EmpleadoMantenimiento_ReturnSuccess" classname="implementaciones.UsuarioDAOTest" time="0.051">
    <system-err><![CDATA[nov 09, 2024 11:29:15 P. M. com.mongodb.diagnostics.logging.JULLogger log
INFO: Cluster created with settings {hosts=[localhost:27017], mode=SINGLE, requiredClusterType=UNKNOWN, serverSelectionTimeout='30000 ms', maxWaitQueueSize=500}
nov 09, 2024 11:29:15 P. M. conexion.Conexion crearConexion
INFO: Se ha establecido la conexión con el servidor.
nov 09, 2024 11:29:15 P. M. com.mongodb.diagnostics.logging.JULLogger log
INFO: Cluster description not yet available. Waiting for 30000 ms before timing out
nov 09, 2024 11:29:15 P. M. com.mongodb.diagnostics.logging.JULLogger log
INFO: Opened connection [connectionId{localValue:15}] to localhost:27017
nov 09, 2024 11:29:15 P. M. com.mongodb.diagnostics.logging.JULLogger log
INFO: Monitor thread successfully connected to server with description ServerDescription{address=localhost:27017, type=STANDALONE, state=CONNECTED, ok=true, version=ServerVersion{versionList=[8, 0, 3]}, minWireVersion=0, maxWireVersion=25, maxDocumentSize=16777216, logicalSessionTimeoutMinutes=30, roundTripTimeNanos=377600}
nov 09, 2024 11:29:15 P. M. com.mongodb.diagnostics.logging.JULLogger log
INFO: Opened connection [connectionId{localValue:16}] to localhost:27017
nov 09, 2024 11:29:15 P. M. implementaciones.UsuarioDAO obtenerUsuarioCorreo
INFO: Se ha consultado la colección 'usuarios'.
nov 09, 2024 11:29:15 P. M. com.mongodb.diagnostics.logging.JULLogger log
INFO: Closed connection [connectionId{localValue:16}] to localhost:27017 because the pool has been closed.
nov 09, 2024 11:29:15 P. M. conexion.Conexion cerrarConexion
INFO: Se ha cerrado la conexión con el servidor.
nov 09, 2024 11:29:15 P. M. com.mongodb.diagnostics.logging.JULLogger log
INFO: Cluster created with settings {hosts=[localhost:27017], mode=SINGLE, requiredClusterType=UNKNOWN, serverSelectionTimeout='30000 ms', maxWaitQueueSize=500}
nov 09, 2024 11:29:15 P. M. conexion.Conexion crearConexion
INFO: Se ha establecido la conexión con el servidor.
nov 09, 2024 11:29:15 P. M. com.mongodb.diagnostics.logging.JULLogger log
INFO: Cluster description not yet available. Waiting for 30000 ms before timing out
nov 09, 2024 11:29:15 P. M. com.mongodb.diagnostics.logging.JULLogger log
INFO: Opened connection [connectionId{localValue:17}] to localhost:27017
nov 09, 2024 11:29:15 P. M. com.mongodb.diagnostics.logging.JULLogger log
INFO: Monitor thread successfully connected to server with description ServerDescription{address=localhost:27017, type=STANDALONE, state=CONNECTED, ok=true, version=ServerVersion{versionList=[8, 0, 3]}, minWireVersion=0, maxWireVersion=25, maxDocumentSize=16777216, logicalSessionTimeoutMinutes=30, roundTripTimeNanos=234000}
nov 09, 2024 11:29:15 P. M. com.mongodb.diagnostics.logging.JULLogger log
INFO: Opened connection [connectionId{localValue:18}] to localhost:27017
nov 09, 2024 11:29:15 P. M. implementaciones.UsuarioDAO obtenerEmpleadoCurp
INFO: Se ha consultado la colección 'usuarios'.
nov 09, 2024 11:29:15 P. M. com.mongodb.diagnostics.logging.JULLogger log
INFO: Closed connection [connectionId{localValue:18}] to localhost:27017 because the pool has been closed.
nov 09, 2024 11:29:15 P. M. conexion.Conexion cerrarConexion
INFO: Se ha cerrado la conexión con el servidor.
nov 09, 2024 11:29:15 P. M. com.mongodb.diagnostics.logging.JULLogger log
INFO: Cluster created with settings {hosts=[localhost:27017], mode=SINGLE, requiredClusterType=UNKNOWN, serverSelectionTimeout='30000 ms', maxWaitQueueSize=500}
nov 09, 2024 11:29:15 P. M. conexion.Conexion crearConexion
INFO: Se ha establecido la conexión con el servidor.
nov 09, 2024 11:29:15 P. M. com.mongodb.diagnostics.logging.JULLogger log
INFO: Cluster description not yet available. Waiting for 30000 ms before timing out
nov 09, 2024 11:29:15 P. M. com.mongodb.diagnostics.logging.JULLogger log
INFO: Opened connection [connectionId{localValue:19}] to localhost:27017
nov 09, 2024 11:29:15 P. M. com.mongodb.diagnostics.logging.JULLogger log
INFO: Monitor thread successfully connected to server with description ServerDescription{address=localhost:27017, type=STANDALONE, state=CONNECTED, ok=true, version=ServerVersion{versionList=[8, 0, 3]}, minWireVersion=0, maxWireVersion=25, maxDocumentSize=16777216, logicalSessionTimeoutMinutes=30, roundTripTimeNanos=293400}
nov 09, 2024 11:29:15 P. M. com.mongodb.diagnostics.logging.JULLogger log
INFO: Opened connection [connectionId{localValue:20}] to localhost:27017
nov 09, 2024 11:29:15 P. M. implementaciones.UsuarioDAO obtenerEmpleadoRfc
INFO: Se ha consultado la colección 'usuarios'.
nov 09, 2024 11:29:15 P. M. com.mongodb.diagnostics.logging.JULLogger log
INFO: Closed connection [connectionId{localValue:20}] to localhost:27017 because the pool has been closed.
nov 09, 2024 11:29:15 P. M. conexion.Conexion cerrarConexion
INFO: Se ha cerrado la conexión con el servidor.
nov 09, 2024 11:29:15 P. M. com.mongodb.diagnostics.logging.JULLogger log
INFO: Cluster created with settings {hosts=[localhost:27017], mode=SINGLE, requiredClusterType=UNKNOWN, serverSelectionTimeout='30000 ms', maxWaitQueueSize=500}
nov 09, 2024 11:29:15 P. M. conexion.Conexion crearConexion
INFO: Se ha establecido la conexión con el servidor.
nov 09, 2024 11:29:15 P. M. com.mongodb.diagnostics.logging.JULLogger log
INFO: Cluster description not yet available. Waiting for 30000 ms before timing out
nov 09, 2024 11:29:15 P. M. com.mongodb.diagnostics.logging.JULLogger log
INFO: Opened connection [connectionId{localValue:21}] to localhost:27017
nov 09, 2024 11:29:15 P. M. com.mongodb.diagnostics.logging.JULLogger log
INFO: Monitor thread successfully connected to server with description ServerDescription{address=localhost:27017, type=STANDALONE, state=CONNECTED, ok=true, version=ServerVersion{versionList=[8, 0, 3]}, minWireVersion=0, maxWireVersion=25, maxDocumentSize=16777216, logicalSessionTimeoutMinutes=30, roundTripTimeNanos=298700}
nov 09, 2024 11:29:15 P. M. com.mongodb.diagnostics.logging.JULLogger log
INFO: Opened connection [connectionId{localValue:22}] to localhost:27017
nov 09, 2024 11:29:15 P. M. implementaciones.UsuarioDAO agregarEmpleado
INFO: Se ha insertado un documento en la colección 'usuarios'.
nov 09, 2024 11:29:15 P. M. com.mongodb.diagnostics.logging.JULLogger log
INFO: Closed connection [connectionId{localValue:22}] to localhost:27017 because the pool has been closed.
nov 09, 2024 11:29:15 P. M. conexion.Conexion cerrarConexion
INFO: Se ha cerrado la conexión con el servidor.
nov 09, 2024 11:29:15 P. M. com.mongodb.diagnostics.logging.JULLogger log
INFO: Cluster created with settings {hosts=[localhost:27017], mode=SINGLE, requiredClusterType=UNKNOWN, serverSelectionTimeout='30000 ms', maxWaitQueueSize=500}
nov 09, 2024 11:29:15 P. M. conexion.Conexion crearConexion
INFO: Se ha establecido la conexión con el servidor.
nov 09, 2024 11:29:15 P. M. com.mongodb.diagnostics.logging.JULLogger log
INFO: Cluster description not yet available. Waiting for 30000 ms before timing out
nov 09, 2024 11:29:15 P. M. com.mongodb.diagnostics.logging.JULLogger log
INFO: Opened connection [connectionId{localValue:23}] to localhost:27017
nov 09, 2024 11:29:15 P. M. com.mongodb.diagnostics.logging.JULLogger log
INFO: Monitor thread successfully connected to server with description ServerDescription{address=localhost:27017, type=STANDALONE, state=CONNECTED, ok=true, version=ServerVersion{versionList=[8, 0, 3]}, minWireVersion=0, maxWireVersion=25, maxDocumentSize=16777216, logicalSessionTimeoutMinutes=30, roundTripTimeNanos=313900}
nov 09, 2024 11:29:15 P. M. com.mongodb.diagnostics.logging.JULLogger log
INFO: Opened connection [connectionId{localValue:24}] to localhost:27017
nov 09, 2024 11:29:15 P. M. implementaciones.UsuarioDAO obtenerUsuarioCorreo
INFO: Se ha consultado la colección 'usuarios'.
nov 09, 2024 11:29:15 P. M. com.mongodb.diagnostics.logging.JULLogger log
INFO: Closed connection [connectionId{localValue:24}] to localhost:27017 because the pool has been closed.
nov 09, 2024 11:29:15 P. M. conexion.Conexion cerrarConexion
INFO: Se ha cerrado la conexión con el servidor.
nov 09, 2024 11:29:15 P. M. com.mongodb.diagnostics.logging.JULLogger log
INFO: Cluster created with settings {hosts=[localhost:27017], mode=SINGLE, requiredClusterType=UNKNOWN, serverSelectionTimeout='30000 ms', maxWaitQueueSize=500}
nov 09, 2024 11:29:15 P. M. conexion.Conexion crearConexion
INFO: Se ha establecido la conexión con el servidor.
nov 09, 2024 11:29:15 P. M. com.mongodb.diagnostics.logging.JULLogger log
INFO: Cluster description not yet available. Waiting for 30000 ms before timing out
nov 09, 2024 11:29:15 P. M. com.mongodb.diagnostics.logging.JULLogger log
INFO: Opened connection [connectionId{localValue:25}] to localhost:27017
nov 09, 2024 11:29:15 P. M. com.mongodb.diagnostics.logging.JULLogger log
INFO: Monitor thread successfully connected to server with description ServerDescription{address=localhost:27017, type=STANDALONE, state=CONNECTED, ok=true, version=ServerVersion{versionList=[8, 0, 3]}, minWireVersion=0, maxWireVersion=25, maxDocumentSize=16777216, logicalSessionTimeoutMinutes=30, roundTripTimeNanos=444400}
nov 09, 2024 11:29:15 P. M. com.mongodb.diagnostics.logging.JULLogger log
INFO: Opened connection [connectionId{localValue:26}] to localhost:27017
nov 09, 2024 11:29:15 P. M. implementaciones.UsuarioDAO borrarUsuarios
INFO: Se han eliminado 1 registros de la colección 'usuarios'.
nov 09, 2024 11:29:15 P. M. com.mongodb.diagnostics.logging.JULLogger log
INFO: Closed connection [connectionId{localValue:26}] to localhost:27017 because the pool has been closed.
nov 09, 2024 11:29:15 P. M. conexion.Conexion cerrarConexion
INFO: Se ha cerrado la conexión con el servidor.
]]></system-err>
  </testcase>
  <testcase name="agregarEmpleado_EmpleadoAtencionCliente_ReturnSuccess" classname="implementaciones.UsuarioDAOTest" time="0.044">
    <system-err><![CDATA[nov 09, 2024 11:29:15 P. M. com.mongodb.diagnostics.logging.JULLogger log
INFO: Cluster created with settings {hosts=[localhost:27017], mode=SINGLE, requiredClusterType=UNKNOWN, serverSelectionTimeout='30000 ms', maxWaitQueueSize=500}
nov 09, 2024 11:29:15 P. M. conexion.Conexion crearConexion
INFO: Se ha establecido la conexión con el servidor.
nov 09, 2024 11:29:15 P. M. com.mongodb.diagnostics.logging.JULLogger log
INFO: Cluster description not yet available. Waiting for 30000 ms before timing out
nov 09, 2024 11:29:15 P. M. com.mongodb.diagnostics.logging.JULLogger log
INFO: Opened connection [connectionId{localValue:27}] to localhost:27017
nov 09, 2024 11:29:15 P. M. com.mongodb.diagnostics.logging.JULLogger log
INFO: Monitor thread successfully connected to server with description ServerDescription{address=localhost:27017, type=STANDALONE, state=CONNECTED, ok=true, version=ServerVersion{versionList=[8, 0, 3]}, minWireVersion=0, maxWireVersion=25, maxDocumentSize=16777216, logicalSessionTimeoutMinutes=30, roundTripTimeNanos=349500}
nov 09, 2024 11:29:15 P. M. com.mongodb.diagnostics.logging.JULLogger log
INFO: Opened connection [connectionId{localValue:28}] to localhost:27017
nov 09, 2024 11:29:15 P. M. implementaciones.UsuarioDAO obtenerUsuarioCorreo
INFO: Se ha consultado la colección 'usuarios'.
nov 09, 2024 11:29:15 P. M. com.mongodb.diagnostics.logging.JULLogger log
INFO: Closed connection [connectionId{localValue:28}] to localhost:27017 because the pool has been closed.
nov 09, 2024 11:29:15 P. M. conexion.Conexion cerrarConexion
INFO: Se ha cerrado la conexión con el servidor.
nov 09, 2024 11:29:15 P. M. com.mongodb.diagnostics.logging.JULLogger log
INFO: Cluster created with settings {hosts=[localhost:27017], mode=SINGLE, requiredClusterType=UNKNOWN, serverSelectionTimeout='30000 ms', maxWaitQueueSize=500}
nov 09, 2024 11:29:15 P. M. conexion.Conexion crearConexion
INFO: Se ha establecido la conexión con el servidor.
nov 09, 2024 11:29:15 P. M. com.mongodb.diagnostics.logging.JULLogger log
INFO: Cluster description not yet available. Waiting for 30000 ms before timing out
nov 09, 2024 11:29:15 P. M. com.mongodb.diagnostics.logging.JULLogger log
INFO: Opened connection [connectionId{localValue:29}] to localhost:27017
nov 09, 2024 11:29:15 P. M. com.mongodb.diagnostics.logging.JULLogger log
INFO: Monitor thread successfully connected to server with description ServerDescription{address=localhost:27017, type=STANDALONE, state=CONNECTED, ok=true, version=ServerVersion{versionList=[8, 0, 3]}, minWireVersion=0, maxWireVersion=25, maxDocumentSize=16777216, logicalSessionTimeoutMinutes=30, roundTripTimeNanos=414400}
nov 09, 2024 11:29:15 P. M. com.mongodb.diagnostics.logging.JULLogger log
INFO: Opened connection [connectionId{localValue:30}] to localhost:27017
nov 09, 2024 11:29:15 P. M. implementaciones.UsuarioDAO obtenerEmpleadoCurp
INFO: Se ha consultado la colección 'usuarios'.
nov 09, 2024 11:29:15 P. M. com.mongodb.diagnostics.logging.JULLogger log
INFO: Closed connection [connectionId{localValue:30}] to localhost:27017 because the pool has been closed.
nov 09, 2024 11:29:15 P. M. conexion.Conexion cerrarConexion
INFO: Se ha cerrado la conexión con el servidor.
nov 09, 2024 11:29:15 P. M. com.mongodb.diagnostics.logging.JULLogger log
INFO: Cluster created with settings {hosts=[localhost:27017], mode=SINGLE, requiredClusterType=UNKNOWN, serverSelectionTimeout='30000 ms', maxWaitQueueSize=500}
nov 09, 2024 11:29:15 P. M. conexion.Conexion crearConexion
INFO: Se ha establecido la conexión con el servidor.
nov 09, 2024 11:29:15 P. M. com.mongodb.diagnostics.logging.JULLogger log
INFO: Cluster description not yet available. Waiting for 30000 ms before timing out
nov 09, 2024 11:29:15 P. M. com.mongodb.diagnostics.logging.JULLogger log
INFO: Opened connection [connectionId{localValue:31}] to localhost:27017
nov 09, 2024 11:29:15 P. M. com.mongodb.diagnostics.logging.JULLogger log
INFO: Monitor thread successfully connected to server with description ServerDescription{address=localhost:27017, type=STANDALONE, state=CONNECTED, ok=true, version=ServerVersion{versionList=[8, 0, 3]}, minWireVersion=0, maxWireVersion=25, maxDocumentSize=16777216, logicalSessionTimeoutMinutes=30, roundTripTimeNanos=229500}
nov 09, 2024 11:29:15 P. M. com.mongodb.diagnostics.logging.JULLogger log
INFO: Opened connection [connectionId{localValue:32}] to localhost:27017
nov 09, 2024 11:29:15 P. M. implementaciones.UsuarioDAO obtenerEmpleadoRfc
INFO: Se ha consultado la colección 'usuarios'.
nov 09, 2024 11:29:15 P. M. com.mongodb.diagnostics.logging.JULLogger log
INFO: Closed connection [connectionId{localValue:32}] to localhost:27017 because the pool has been closed.
nov 09, 2024 11:29:15 P. M. conexion.Conexion cerrarConexion
INFO: Se ha cerrado la conexión con el servidor.
nov 09, 2024 11:29:15 P. M. com.mongodb.diagnostics.logging.JULLogger log
INFO: Cluster created with settings {hosts=[localhost:27017], mode=SINGLE, requiredClusterType=UNKNOWN, serverSelectionTimeout='30000 ms', maxWaitQueueSize=500}
nov 09, 2024 11:29:15 P. M. conexion.Conexion crearConexion
INFO: Se ha establecido la conexión con el servidor.
nov 09, 2024 11:29:15 P. M. com.mongodb.diagnostics.logging.JULLogger log
INFO: Cluster description not yet available. Waiting for 30000 ms before timing out
nov 09, 2024 11:29:15 P. M. com.mongodb.diagnostics.logging.JULLogger log
INFO: Opened connection [connectionId{localValue:33}] to localhost:27017
nov 09, 2024 11:29:15 P. M. com.mongodb.diagnostics.logging.JULLogger log
INFO: Monitor thread successfully connected to server with description ServerDescription{address=localhost:27017, type=STANDALONE, state=CONNECTED, ok=true, version=ServerVersion{versionList=[8, 0, 3]}, minWireVersion=0, maxWireVersion=25, maxDocumentSize=16777216, logicalSessionTimeoutMinutes=30, roundTripTimeNanos=238600}
nov 09, 2024 11:29:15 P. M. com.mongodb.diagnostics.logging.JULLogger log
INFO: Opened connection [connectionId{localValue:34}] to localhost:27017
nov 09, 2024 11:29:15 P. M. implementaciones.UsuarioDAO agregarEmpleado
INFO: Se ha insertado un documento en la colección 'usuarios'.
nov 09, 2024 11:29:15 P. M. com.mongodb.diagnostics.logging.JULLogger log
INFO: Closed connection [connectionId{localValue:34}] to localhost:27017 because the pool has been closed.
nov 09, 2024 11:29:15 P. M. conexion.Conexion cerrarConexion
INFO: Se ha cerrado la conexión con el servidor.
nov 09, 2024 11:29:15 P. M. com.mongodb.diagnostics.logging.JULLogger log
INFO: Cluster created with settings {hosts=[localhost:27017], mode=SINGLE, requiredClusterType=UNKNOWN, serverSelectionTimeout='30000 ms', maxWaitQueueSize=500}
nov 09, 2024 11:29:15 P. M. conexion.Conexion crearConexion
INFO: Se ha establecido la conexión con el servidor.
nov 09, 2024 11:29:15 P. M. com.mongodb.diagnostics.logging.JULLogger log
INFO: Cluster description not yet available. Waiting for 30000 ms before timing out
nov 09, 2024 11:29:15 P. M. com.mongodb.diagnostics.logging.JULLogger log
INFO: Opened connection [connectionId{localValue:35}] to localhost:27017
nov 09, 2024 11:29:15 P. M. com.mongodb.diagnostics.logging.JULLogger log
INFO: Monitor thread successfully connected to server with description ServerDescription{address=localhost:27017, type=STANDALONE, state=CONNECTED, ok=true, version=ServerVersion{versionList=[8, 0, 3]}, minWireVersion=0, maxWireVersion=25, maxDocumentSize=16777216, logicalSessionTimeoutMinutes=30, roundTripTimeNanos=245000}
nov 09, 2024 11:29:15 P. M. com.mongodb.diagnostics.logging.JULLogger log
INFO: Opened connection [connectionId{localValue:36}] to localhost:27017
nov 09, 2024 11:29:15 P. M. implementaciones.UsuarioDAO obtenerUsuarioCorreo
INFO: Se ha consultado la colección 'usuarios'.
nov 09, 2024 11:29:15 P. M. com.mongodb.diagnostics.logging.JULLogger log
INFO: Closed connection [connectionId{localValue:36}] to localhost:27017 because the pool has been closed.
nov 09, 2024 11:29:15 P. M. conexion.Conexion cerrarConexion
INFO: Se ha cerrado la conexión con el servidor.
nov 09, 2024 11:29:15 P. M. com.mongodb.diagnostics.logging.JULLogger log
INFO: Cluster created with settings {hosts=[localhost:27017], mode=SINGLE, requiredClusterType=UNKNOWN, serverSelectionTimeout='30000 ms', maxWaitQueueSize=500}
nov 09, 2024 11:29:15 P. M. conexion.Conexion crearConexion
INFO: Se ha establecido la conexión con el servidor.
nov 09, 2024 11:29:15 P. M. com.mongodb.diagnostics.logging.JULLogger log
INFO: Cluster description not yet available. Waiting for 30000 ms before timing out
nov 09, 2024 11:29:15 P. M. com.mongodb.diagnostics.logging.JULLogger log
INFO: Opened connection [connectionId{localValue:37}] to localhost:27017
nov 09, 2024 11:29:15 P. M. com.mongodb.diagnostics.logging.JULLogger log
INFO: Monitor thread successfully connected to server with description ServerDescription{address=localhost:27017, type=STANDALONE, state=CONNECTED, ok=true, version=ServerVersion{versionList=[8, 0, 3]}, minWireVersion=0, maxWireVersion=25, maxDocumentSize=16777216, logicalSessionTimeoutMinutes=30, roundTripTimeNanos=206600}
nov 09, 2024 11:29:15 P. M. com.mongodb.diagnostics.logging.JULLogger log
INFO: Opened connection [connectionId{localValue:38}] to localhost:27017
nov 09, 2024 11:29:15 P. M. implementaciones.UsuarioDAO borrarUsuarios
INFO: Se han eliminado 1 registros de la colección 'usuarios'.
nov 09, 2024 11:29:15 P. M. com.mongodb.diagnostics.logging.JULLogger log
INFO: Closed connection [connectionId{localValue:38}] to localhost:27017 because the pool has been closed.
nov 09, 2024 11:29:15 P. M. conexion.Conexion cerrarConexion
INFO: Se ha cerrado la conexión con el servidor.
]]></system-err>
  </testcase>
  <testcase name="obtenerEmpleadoCurp_CurpInexistente_ReturnSuccess" classname="implementaciones.UsuarioDAOTest" time="0.017">
    <system-err><![CDATA[nov 09, 2024 11:29:15 P. M. com.mongodb.diagnostics.logging.JULLogger log
INFO: Cluster created with settings {hosts=[localhost:27017], mode=SINGLE, requiredClusterType=UNKNOWN, serverSelectionTimeout='30000 ms', maxWaitQueueSize=500}
nov 09, 2024 11:29:15 P. M. conexion.Conexion crearConexion
INFO: Se ha establecido la conexión con el servidor.
nov 09, 2024 11:29:15 P. M. com.mongodb.diagnostics.logging.JULLogger log
INFO: Cluster description not yet available. Waiting for 30000 ms before timing out
nov 09, 2024 11:29:15 P. M. com.mongodb.diagnostics.logging.JULLogger log
INFO: Opened connection [connectionId{localValue:39}] to localhost:27017
nov 09, 2024 11:29:15 P. M. com.mongodb.diagnostics.logging.JULLogger log
INFO: Monitor thread successfully connected to server with description ServerDescription{address=localhost:27017, type=STANDALONE, state=CONNECTED, ok=true, version=ServerVersion{versionList=[8, 0, 3]}, minWireVersion=0, maxWireVersion=25, maxDocumentSize=16777216, logicalSessionTimeoutMinutes=30, roundTripTimeNanos=267400}
nov 09, 2024 11:29:15 P. M. com.mongodb.diagnostics.logging.JULLogger log
INFO: Opened connection [connectionId{localValue:40}] to localhost:27017
nov 09, 2024 11:29:15 P. M. implementaciones.UsuarioDAO obtenerEmpleadoCurp
INFO: Se ha consultado la colección 'usuarios'.
nov 09, 2024 11:29:15 P. M. com.mongodb.diagnostics.logging.JULLogger log
INFO: Closed connection [connectionId{localValue:40}] to localhost:27017 because the pool has been closed.
nov 09, 2024 11:29:15 P. M. conexion.Conexion cerrarConexion
INFO: Se ha cerrado la conexión con el servidor.
nov 09, 2024 11:29:15 P. M. com.mongodb.diagnostics.logging.JULLogger log
INFO: Cluster created with settings {hosts=[localhost:27017], mode=SINGLE, requiredClusterType=UNKNOWN, serverSelectionTimeout='30000 ms', maxWaitQueueSize=500}
nov 09, 2024 11:29:15 P. M. conexion.Conexion crearConexion
INFO: Se ha establecido la conexión con el servidor.
nov 09, 2024 11:29:15 P. M. com.mongodb.diagnostics.logging.JULLogger log
INFO: Cluster description not yet available. Waiting for 30000 ms before timing out
nov 09, 2024 11:29:15 P. M. com.mongodb.diagnostics.logging.JULLogger log
INFO: Opened connection [connectionId{localValue:41}] to localhost:27017
nov 09, 2024 11:29:15 P. M. com.mongodb.diagnostics.logging.JULLogger log
INFO: Monitor thread successfully connected to server with description ServerDescription{address=localhost:27017, type=STANDALONE, state=CONNECTED, ok=true, version=ServerVersion{versionList=[8, 0, 3]}, minWireVersion=0, maxWireVersion=25, maxDocumentSize=16777216, logicalSessionTimeoutMinutes=30, roundTripTimeNanos=250000}
nov 09, 2024 11:29:15 P. M. com.mongodb.diagnostics.logging.JULLogger log
INFO: Opened connection [connectionId{localValue:42}] to localhost:27017
nov 09, 2024 11:29:15 P. M. implementaciones.UsuarioDAO borrarUsuarios
INFO: Se han eliminado 0 registros de la colección 'usuarios'.
nov 09, 2024 11:29:15 P. M. com.mongodb.diagnostics.logging.JULLogger log
INFO: Closed connection [connectionId{localValue:42}] to localhost:27017 because the pool has been closed.
nov 09, 2024 11:29:15 P. M. conexion.Conexion cerrarConexion
INFO: Se ha cerrado la conexión con el servidor.
]]></system-err>
  </testcase>
  <testcase name="obtenerEmpleadoRfc_RfcExistente_ReturnSuccess" classname="implementaciones.UsuarioDAOTest" time="0.059">
    <system-err><![CDATA[nov 09, 2024 11:29:15 P. M. com.mongodb.diagnostics.logging.JULLogger log
INFO: Cluster created with settings {hosts=[localhost:27017], mode=SINGLE, requiredClusterType=UNKNOWN, serverSelectionTimeout='30000 ms', maxWaitQueueSize=500}
nov 09, 2024 11:29:15 P. M. conexion.Conexion crearConexion
INFO: Se ha establecido la conexión con el servidor.
nov 09, 2024 11:29:15 P. M. com.mongodb.diagnostics.logging.JULLogger log
INFO: Cluster description not yet available. Waiting for 30000 ms before timing out
nov 09, 2024 11:29:15 P. M. com.mongodb.diagnostics.logging.JULLogger log
INFO: Opened connection [connectionId{localValue:43}] to localhost:27017
nov 09, 2024 11:29:15 P. M. com.mongodb.diagnostics.logging.JULLogger log
INFO: Monitor thread successfully connected to server with description ServerDescription{address=localhost:27017, type=STANDALONE, state=CONNECTED, ok=true, version=ServerVersion{versionList=[8, 0, 3]}, minWireVersion=0, maxWireVersion=25, maxDocumentSize=16777216, logicalSessionTimeoutMinutes=30, roundTripTimeNanos=232000}
nov 09, 2024 11:29:15 P. M. com.mongodb.diagnostics.logging.JULLogger log
INFO: Opened connection [connectionId{localValue:44}] to localhost:27017
nov 09, 2024 11:29:15 P. M. implementaciones.UsuarioDAO obtenerUsuarioCorreo
INFO: Se ha consultado la colección 'usuarios'.
nov 09, 2024 11:29:15 P. M. com.mongodb.diagnostics.logging.JULLogger log
INFO: Closed connection [connectionId{localValue:44}] to localhost:27017 because the pool has been closed.
nov 09, 2024 11:29:15 P. M. conexion.Conexion cerrarConexion
INFO: Se ha cerrado la conexión con el servidor.
nov 09, 2024 11:29:15 P. M. com.mongodb.diagnostics.logging.JULLogger log
INFO: Cluster created with settings {hosts=[localhost:27017], mode=SINGLE, requiredClusterType=UNKNOWN, serverSelectionTimeout='30000 ms', maxWaitQueueSize=500}
nov 09, 2024 11:29:15 P. M. conexion.Conexion crearConexion
INFO: Se ha establecido la conexión con el servidor.
nov 09, 2024 11:29:15 P. M. com.mongodb.diagnostics.logging.JULLogger log
INFO: Cluster description not yet available. Waiting for 30000 ms before timing out
nov 09, 2024 11:29:15 P. M. com.mongodb.diagnostics.logging.JULLogger log
INFO: Opened connection [connectionId{localValue:45}] to localhost:27017
nov 09, 2024 11:29:15 P. M. com.mongodb.diagnostics.logging.JULLogger log
INFO: Monitor thread successfully connected to server with description ServerDescription{address=localhost:27017, type=STANDALONE, state=CONNECTED, ok=true, version=ServerVersion{versionList=[8, 0, 3]}, minWireVersion=0, maxWireVersion=25, maxDocumentSize=16777216, logicalSessionTimeoutMinutes=30, roundTripTimeNanos=199700}
nov 09, 2024 11:29:15 P. M. com.mongodb.diagnostics.logging.JULLogger log
INFO: Opened connection [connectionId{localValue:46}] to localhost:27017
nov 09, 2024 11:29:15 P. M. implementaciones.UsuarioDAO obtenerEmpleadoCurp
INFO: Se ha consultado la colección 'usuarios'.
nov 09, 2024 11:29:15 P. M. com.mongodb.diagnostics.logging.JULLogger log
INFO: Closed connection [connectionId{localValue:46}] to localhost:27017 because the pool has been closed.
nov 09, 2024 11:29:15 P. M. conexion.Conexion cerrarConexion
INFO: Se ha cerrado la conexión con el servidor.
nov 09, 2024 11:29:15 P. M. com.mongodb.diagnostics.logging.JULLogger log
INFO: Cluster created with settings {hosts=[localhost:27017], mode=SINGLE, requiredClusterType=UNKNOWN, serverSelectionTimeout='30000 ms', maxWaitQueueSize=500}
nov 09, 2024 11:29:15 P. M. conexion.Conexion crearConexion
INFO: Se ha establecido la conexión con el servidor.
nov 09, 2024 11:29:15 P. M. com.mongodb.diagnostics.logging.JULLogger log
INFO: Cluster description not yet available. Waiting for 30000 ms before timing out
nov 09, 2024 11:29:15 P. M. com.mongodb.diagnostics.logging.JULLogger log
INFO: Opened connection [connectionId{localValue:47}] to localhost:27017
nov 09, 2024 11:29:15 P. M. com.mongodb.diagnostics.logging.JULLogger log
INFO: Monitor thread successfully connected to server with description ServerDescription{address=localhost:27017, type=STANDALONE, state=CONNECTED, ok=true, version=ServerVersion{versionList=[8, 0, 3]}, minWireVersion=0, maxWireVersion=25, maxDocumentSize=16777216, logicalSessionTimeoutMinutes=30, roundTripTimeNanos=245700}
nov 09, 2024 11:29:15 P. M. com.mongodb.diagnostics.logging.JULLogger log
INFO: Opened connection [connectionId{localValue:48}] to localhost:27017
nov 09, 2024 11:29:15 P. M. implementaciones.UsuarioDAO obtenerEmpleadoRfc
INFO: Se ha consultado la colección 'usuarios'.
nov 09, 2024 11:29:15 P. M. com.mongodb.diagnostics.logging.JULLogger log
INFO: Closed connection [connectionId{localValue:48}] to localhost:27017 because the pool has been closed.
nov 09, 2024 11:29:15 P. M. conexion.Conexion cerrarConexion
INFO: Se ha cerrado la conexión con el servidor.
nov 09, 2024 11:29:15 P. M. com.mongodb.diagnostics.logging.JULLogger log
INFO: Cluster created with settings {hosts=[localhost:27017], mode=SINGLE, requiredClusterType=UNKNOWN, serverSelectionTimeout='30000 ms', maxWaitQueueSize=500}
nov 09, 2024 11:29:15 P. M. conexion.Conexion crearConexion
INFO: Se ha establecido la conexión con el servidor.
nov 09, 2024 11:29:15 P. M. com.mongodb.diagnostics.logging.JULLogger log
INFO: Cluster description not yet available. Waiting for 30000 ms before timing out
nov 09, 2024 11:29:15 P. M. com.mongodb.diagnostics.logging.JULLogger log
INFO: Opened connection [connectionId{localValue:49}] to localhost:27017
nov 09, 2024 11:29:15 P. M. com.mongodb.diagnostics.logging.JULLogger log
INFO: Monitor thread successfully connected to server with description ServerDescription{address=localhost:27017, type=STANDALONE, state=CONNECTED, ok=true, version=ServerVersion{versionList=[8, 0, 3]}, minWireVersion=0, maxWireVersion=25, maxDocumentSize=16777216, logicalSessionTimeoutMinutes=30, roundTripTimeNanos=207200}
nov 09, 2024 11:29:15 P. M. com.mongodb.diagnostics.logging.JULLogger log
INFO: Opened connection [connectionId{localValue:50}] to localhost:27017
nov 09, 2024 11:29:15 P. M. implementaciones.UsuarioDAO agregarEmpleado
INFO: Se ha insertado un documento en la colección 'usuarios'.
nov 09, 2024 11:29:15 P. M. com.mongodb.diagnostics.logging.JULLogger log
INFO: Closed connection [connectionId{localValue:50}] to localhost:27017 because the pool has been closed.
nov 09, 2024 11:29:15 P. M. conexion.Conexion cerrarConexion
INFO: Se ha cerrado la conexión con el servidor.
nov 09, 2024 11:29:15 P. M. com.mongodb.diagnostics.logging.JULLogger log
INFO: Cluster created with settings {hosts=[localhost:27017], mode=SINGLE, requiredClusterType=UNKNOWN, serverSelectionTimeout='30000 ms', maxWaitQueueSize=500}
nov 09, 2024 11:29:15 P. M. conexion.Conexion crearConexion
INFO: Se ha establecido la conexión con el servidor.
nov 09, 2024 11:29:15 P. M. com.mongodb.diagnostics.logging.JULLogger log
INFO: Cluster description not yet available. Waiting for 30000 ms before timing out
nov 09, 2024 11:29:15 P. M. com.mongodb.diagnostics.logging.JULLogger log
INFO: Opened connection [connectionId{localValue:51}] to localhost:27017
nov 09, 2024 11:29:15 P. M. com.mongodb.diagnostics.logging.JULLogger log
INFO: Monitor thread successfully connected to server with description ServerDescription{address=localhost:27017, type=STANDALONE, state=CONNECTED, ok=true, version=ServerVersion{versionList=[8, 0, 3]}, minWireVersion=0, maxWireVersion=25, maxDocumentSize=16777216, logicalSessionTimeoutMinutes=30, roundTripTimeNanos=281100}
nov 09, 2024 11:29:15 P. M. com.mongodb.diagnostics.logging.JULLogger log
INFO: Opened connection [connectionId{localValue:52}] to localhost:27017
nov 09, 2024 11:29:15 P. M. implementaciones.UsuarioDAO obtenerUsuarioCorreo
INFO: Se ha consultado la colección 'usuarios'.
nov 09, 2024 11:29:15 P. M. com.mongodb.diagnostics.logging.JULLogger log
INFO: Closed connection [connectionId{localValue:52}] to localhost:27017 because the pool has been closed.
nov 09, 2024 11:29:15 P. M. conexion.Conexion cerrarConexion
INFO: Se ha cerrado la conexión con el servidor.
nov 09, 2024 11:29:15 P. M. com.mongodb.diagnostics.logging.JULLogger log
INFO: Cluster created with settings {hosts=[localhost:27017], mode=SINGLE, requiredClusterType=UNKNOWN, serverSelectionTimeout='30000 ms', maxWaitQueueSize=500}
nov 09, 2024 11:29:15 P. M. conexion.Conexion crearConexion
INFO: Se ha establecido la conexión con el servidor.
nov 09, 2024 11:29:15 P. M. com.mongodb.diagnostics.logging.JULLogger log
INFO: Cluster description not yet available. Waiting for 30000 ms before timing out
nov 09, 2024 11:29:15 P. M. com.mongodb.diagnostics.logging.JULLogger log
INFO: Opened connection [connectionId{localValue:53}] to localhost:27017
nov 09, 2024 11:29:15 P. M. com.mongodb.diagnostics.logging.JULLogger log
INFO: Monitor thread successfully connected to server with description ServerDescription{address=localhost:27017, type=STANDALONE, state=CONNECTED, ok=true, version=ServerVersion{versionList=[8, 0, 3]}, minWireVersion=0, maxWireVersion=25, maxDocumentSize=16777216, logicalSessionTimeoutMinutes=30, roundTripTimeNanos=250800}
nov 09, 2024 11:29:15 P. M. com.mongodb.diagnostics.logging.JULLogger log
INFO: Opened connection [connectionId{localValue:54}] to localhost:27017
nov 09, 2024 11:29:15 P. M. implementaciones.UsuarioDAO obtenerEmpleadoRfc
INFO: Se ha consultado la colección 'usuarios'.
nov 09, 2024 11:29:15 P. M. com.mongodb.diagnostics.logging.JULLogger log
INFO: Closed connection [connectionId{localValue:54}] to localhost:27017 because the pool has been closed.
nov 09, 2024 11:29:15 P. M. conexion.Conexion cerrarConexion
INFO: Se ha cerrado la conexión con el servidor.
nov 09, 2024 11:29:15 P. M. com.mongodb.diagnostics.logging.JULLogger log
INFO: Cluster created with settings {hosts=[localhost:27017], mode=SINGLE, requiredClusterType=UNKNOWN, serverSelectionTimeout='30000 ms', maxWaitQueueSize=500}
nov 09, 2024 11:29:15 P. M. conexion.Conexion crearConexion
INFO: Se ha establecido la conexión con el servidor.
nov 09, 2024 11:29:15 P. M. com.mongodb.diagnostics.logging.JULLogger log
INFO: Cluster description not yet available. Waiting for 30000 ms before timing out
nov 09, 2024 11:29:15 P. M. com.mongodb.diagnostics.logging.JULLogger log
INFO: Opened connection [connectionId{localValue:55}] to localhost:27017
nov 09, 2024 11:29:15 P. M. com.mongodb.diagnostics.logging.JULLogger log
INFO: Monitor thread successfully connected to server with description ServerDescription{address=localhost:27017, type=STANDALONE, state=CONNECTED, ok=true, version=ServerVersion{versionList=[8, 0, 3]}, minWireVersion=0, maxWireVersion=25, maxDocumentSize=16777216, logicalSessionTimeoutMinutes=30, roundTripTimeNanos=267500}
nov 09, 2024 11:29:15 P. M. com.mongodb.diagnostics.logging.JULLogger log
INFO: Opened connection [connectionId{localValue:56}] to localhost:27017
nov 09, 2024 11:29:15 P. M. implementaciones.UsuarioDAO borrarUsuarios
INFO: Se han eliminado 1 registros de la colección 'usuarios'.
nov 09, 2024 11:29:15 P. M. com.mongodb.diagnostics.logging.JULLogger log
INFO: Closed connection [connectionId{localValue:56}] to localhost:27017 because the pool has been closed.
nov 09, 2024 11:29:15 P. M. conexion.Conexion cerrarConexion
INFO: Se ha cerrado la conexión con el servidor.
]]></system-err>
  </testcase>
  <testcase name="agregarCliente_ClienteValido_ReturnSuccess" classname="implementaciones.UsuarioDAOTest" time="0.033">
    <system-err><![CDATA[nov 09, 2024 11:29:15 P. M. com.mongodb.diagnostics.logging.JULLogger log
INFO: Cluster created with settings {hosts=[localhost:27017], mode=SINGLE, requiredClusterType=UNKNOWN, serverSelectionTimeout='30000 ms', maxWaitQueueSize=500}
nov 09, 2024 11:29:15 P. M. conexion.Conexion crearConexion
INFO: Se ha establecido la conexión con el servidor.
nov 09, 2024 11:29:15 P. M. com.mongodb.diagnostics.logging.JULLogger log
INFO: Cluster description not yet available. Waiting for 30000 ms before timing out
nov 09, 2024 11:29:15 P. M. com.mongodb.diagnostics.logging.JULLogger log
INFO: Opened connection [connectionId{localValue:57}] to localhost:27017
nov 09, 2024 11:29:15 P. M. com.mongodb.diagnostics.logging.JULLogger log
INFO: Monitor thread successfully connected to server with description ServerDescription{address=localhost:27017, type=STANDALONE, state=CONNECTED, ok=true, version=ServerVersion{versionList=[8, 0, 3]}, minWireVersion=0, maxWireVersion=25, maxDocumentSize=16777216, logicalSessionTimeoutMinutes=30, roundTripTimeNanos=464200}
nov 09, 2024 11:29:15 P. M. com.mongodb.diagnostics.logging.JULLogger log
INFO: Opened connection [connectionId{localValue:58}] to localhost:27017
nov 09, 2024 11:29:15 P. M. implementaciones.UsuarioDAO obtenerUsuarioCorreo
INFO: Se ha consultado la colección 'usuarios'.
nov 09, 2024 11:29:15 P. M. com.mongodb.diagnostics.logging.JULLogger log
INFO: Closed connection [connectionId{localValue:58}] to localhost:27017 because the pool has been closed.
nov 09, 2024 11:29:15 P. M. conexion.Conexion cerrarConexion
INFO: Se ha cerrado la conexión con el servidor.
nov 09, 2024 11:29:15 P. M. com.mongodb.diagnostics.logging.JULLogger log
INFO: Cluster created with settings {hosts=[localhost:27017], mode=SINGLE, requiredClusterType=UNKNOWN, serverSelectionTimeout='30000 ms', maxWaitQueueSize=500}
nov 09, 2024 11:29:15 P. M. conexion.Conexion crearConexion
INFO: Se ha establecido la conexión con el servidor.
nov 09, 2024 11:29:15 P. M. com.mongodb.diagnostics.logging.JULLogger log
INFO: Cluster description not yet available. Waiting for 30000 ms before timing out
nov 09, 2024 11:29:15 P. M. com.mongodb.diagnostics.logging.JULLogger log
INFO: Opened connection [connectionId{localValue:59}] to localhost:27017
nov 09, 2024 11:29:15 P. M. com.mongodb.diagnostics.logging.JULLogger log
INFO: Monitor thread successfully connected to server with description ServerDescription{address=localhost:27017, type=STANDALONE, state=CONNECTED, ok=true, version=ServerVersion{versionList=[8, 0, 3]}, minWireVersion=0, maxWireVersion=25, maxDocumentSize=16777216, logicalSessionTimeoutMinutes=30, roundTripTimeNanos=202500}
nov 09, 2024 11:29:15 P. M. com.mongodb.diagnostics.logging.JULLogger log
INFO: Opened connection [connectionId{localValue:60}] to localhost:27017
nov 09, 2024 11:29:15 P. M. implementaciones.UsuarioDAO agregarCliente
INFO: Se ha insertado un documento en la colección 'usuarios'.
nov 09, 2024 11:29:15 P. M. com.mongodb.diagnostics.logging.JULLogger log
INFO: Closed connection [connectionId{localValue:60}] to localhost:27017 because the pool has been closed.
nov 09, 2024 11:29:15 P. M. conexion.Conexion cerrarConexion
INFO: Se ha cerrado la conexión con el servidor.
nov 09, 2024 11:29:15 P. M. com.mongodb.diagnostics.logging.JULLogger log
INFO: Cluster created with settings {hosts=[localhost:27017], mode=SINGLE, requiredClusterType=UNKNOWN, serverSelectionTimeout='30000 ms', maxWaitQueueSize=500}
nov 09, 2024 11:29:15 P. M. conexion.Conexion crearConexion
INFO: Se ha establecido la conexión con el servidor.
nov 09, 2024 11:29:15 P. M. com.mongodb.diagnostics.logging.JULLogger log
INFO: Cluster description not yet available. Waiting for 30000 ms before timing out
nov 09, 2024 11:29:15 P. M. com.mongodb.diagnostics.logging.JULLogger log
INFO: Opened connection [connectionId{localValue:61}] to localhost:27017
nov 09, 2024 11:29:15 P. M. com.mongodb.diagnostics.logging.JULLogger log
INFO: Monitor thread successfully connected to server with description ServerDescription{address=localhost:27017, type=STANDALONE, state=CONNECTED, ok=true, version=ServerVersion{versionList=[8, 0, 3]}, minWireVersion=0, maxWireVersion=25, maxDocumentSize=16777216, logicalSessionTimeoutMinutes=30, roundTripTimeNanos=465500}
nov 09, 2024 11:29:15 P. M. com.mongodb.diagnostics.logging.JULLogger log
INFO: Opened connection [connectionId{localValue:62}] to localhost:27017
nov 09, 2024 11:29:15 P. M. implementaciones.UsuarioDAO obtenerUsuarioCorreo
INFO: Se ha consultado la colección 'usuarios'.
nov 09, 2024 11:29:15 P. M. com.mongodb.diagnostics.logging.JULLogger log
INFO: Closed connection [connectionId{localValue:62}] to localhost:27017 because the pool has been closed.
nov 09, 2024 11:29:15 P. M. conexion.Conexion cerrarConexion
INFO: Se ha cerrado la conexión con el servidor.
nov 09, 2024 11:29:15 P. M. com.mongodb.diagnostics.logging.JULLogger log
INFO: Cluster created with settings {hosts=[localhost:27017], mode=SINGLE, requiredClusterType=UNKNOWN, serverSelectionTimeout='30000 ms', maxWaitQueueSize=500}
nov 09, 2024 11:29:15 P. M. conexion.Conexion crearConexion
INFO: Se ha establecido la conexión con el servidor.
nov 09, 2024 11:29:15 P. M. com.mongodb.diagnostics.logging.JULLogger log
INFO: Cluster description not yet available. Waiting for 30000 ms before timing out
nov 09, 2024 11:29:15 P. M. com.mongodb.diagnostics.logging.JULLogger log
INFO: Opened connection [connectionId{localValue:63}] to localhost:27017
nov 09, 2024 11:29:15 P. M. com.mongodb.diagnostics.logging.JULLogger log
INFO: Monitor thread successfully connected to server with description ServerDescription{address=localhost:27017, type=STANDALONE, state=CONNECTED, ok=true, version=ServerVersion{versionList=[8, 0, 3]}, minWireVersion=0, maxWireVersion=25, maxDocumentSize=16777216, logicalSessionTimeoutMinutes=30, roundTripTimeNanos=198600}
nov 09, 2024 11:29:15 P. M. com.mongodb.diagnostics.logging.JULLogger log
INFO: Opened connection [connectionId{localValue:64}] to localhost:27017
nov 09, 2024 11:29:15 P. M. implementaciones.UsuarioDAO borrarUsuarios
INFO: Se han eliminado 1 registros de la colección 'usuarios'.
nov 09, 2024 11:29:15 P. M. com.mongodb.diagnostics.logging.JULLogger log
INFO: Closed connection [connectionId{localValue:64}] to localhost:27017 because the pool has been closed.
nov 09, 2024 11:29:15 P. M. conexion.Conexion cerrarConexion
INFO: Se ha cerrado la conexión con el servidor.
]]></system-err>
  </testcase>
  <testcase name="agregarEmpleado_EmpleadoRfcExistente_ReturnFail" classname="implementaciones.UsuarioDAOTest" time="0.068">
    <error message="Ya existe un empleado con ese RFC." type="java.lang.Exception"><![CDATA[java.lang.Exception: Ya existe un empleado con ese RFC.
	at implementaciones.UsuarioDAOTest.agregarEmpleado_EmpleadoRfcExistente_ReturnFail(UsuarioDAOTest.java:343)
	at java.base/java.lang.reflect.Method.invoke(Method.java:580)
	at java.base/java.util.ArrayList.forEach(ArrayList.java:1596)
	at java.base/java.util.ArrayList.forEach(ArrayList.java:1596)
]]></error>
    <system-err><![CDATA[nov 09, 2024 11:29:15 P. M. com.mongodb.diagnostics.logging.JULLogger log
INFO: Cluster created with settings {hosts=[localhost:27017], mode=SINGLE, requiredClusterType=UNKNOWN, serverSelectionTimeout='30000 ms', maxWaitQueueSize=500}
nov 09, 2024 11:29:15 P. M. conexion.Conexion crearConexion
INFO: Se ha establecido la conexión con el servidor.
nov 09, 2024 11:29:15 P. M. com.mongodb.diagnostics.logging.JULLogger log
INFO: Cluster description not yet available. Waiting for 30000 ms before timing out
nov 09, 2024 11:29:15 P. M. com.mongodb.diagnostics.logging.JULLogger log
INFO: Opened connection [connectionId{localValue:65}] to localhost:27017
nov 09, 2024 11:29:15 P. M. com.mongodb.diagnostics.logging.JULLogger log
INFO: Monitor thread successfully connected to server with description ServerDescription{address=localhost:27017, type=STANDALONE, state=CONNECTED, ok=true, version=ServerVersion{versionList=[8, 0, 3]}, minWireVersion=0, maxWireVersion=25, maxDocumentSize=16777216, logicalSessionTimeoutMinutes=30, roundTripTimeNanos=351700}
nov 09, 2024 11:29:15 P. M. com.mongodb.diagnostics.logging.JULLogger log
INFO: Opened connection [connectionId{localValue:66}] to localhost:27017
nov 09, 2024 11:29:15 P. M. implementaciones.UsuarioDAO obtenerUsuarioCorreo
INFO: Se ha consultado la colección 'usuarios'.
nov 09, 2024 11:29:15 P. M. com.mongodb.diagnostics.logging.JULLogger log
INFO: Closed connection [connectionId{localValue:66}] to localhost:27017 because the pool has been closed.
nov 09, 2024 11:29:15 P. M. conexion.Conexion cerrarConexion
INFO: Se ha cerrado la conexión con el servidor.
nov 09, 2024 11:29:15 P. M. com.mongodb.diagnostics.logging.JULLogger log
INFO: Cluster created with settings {hosts=[localhost:27017], mode=SINGLE, requiredClusterType=UNKNOWN, serverSelectionTimeout='30000 ms', maxWaitQueueSize=500}
nov 09, 2024 11:29:15 P. M. conexion.Conexion crearConexion
INFO: Se ha establecido la conexión con el servidor.
nov 09, 2024 11:29:15 P. M. com.mongodb.diagnostics.logging.JULLogger log
INFO: Cluster description not yet available. Waiting for 30000 ms before timing out
nov 09, 2024 11:29:15 P. M. com.mongodb.diagnostics.logging.JULLogger log
INFO: Opened connection [connectionId{localValue:67}] to localhost:27017
nov 09, 2024 11:29:15 P. M. com.mongodb.diagnostics.logging.JULLogger log
INFO: Monitor thread successfully connected to server with description ServerDescription{address=localhost:27017, type=STANDALONE, state=CONNECTED, ok=true, version=ServerVersion{versionList=[8, 0, 3]}, minWireVersion=0, maxWireVersion=25, maxDocumentSize=16777216, logicalSessionTimeoutMinutes=30, roundTripTimeNanos=212900}
nov 09, 2024 11:29:15 P. M. com.mongodb.diagnostics.logging.JULLogger log
INFO: Opened connection [connectionId{localValue:68}] to localhost:27017
nov 09, 2024 11:29:15 P. M. implementaciones.UsuarioDAO obtenerEmpleadoCurp
INFO: Se ha consultado la colección 'usuarios'.
nov 09, 2024 11:29:15 P. M. com.mongodb.diagnostics.logging.JULLogger log
INFO: Closed connection [connectionId{localValue:68}] to localhost:27017 because the pool has been closed.
nov 09, 2024 11:29:15 P. M. conexion.Conexion cerrarConexion
INFO: Se ha cerrado la conexión con el servidor.
nov 09, 2024 11:29:15 P. M. com.mongodb.diagnostics.logging.JULLogger log
INFO: Cluster created with settings {hosts=[localhost:27017], mode=SINGLE, requiredClusterType=UNKNOWN, serverSelectionTimeout='30000 ms', maxWaitQueueSize=500}
nov 09, 2024 11:29:15 P. M. conexion.Conexion crearConexion
INFO: Se ha establecido la conexión con el servidor.
nov 09, 2024 11:29:15 P. M. com.mongodb.diagnostics.logging.JULLogger log
INFO: Cluster description not yet available. Waiting for 30000 ms before timing out
nov 09, 2024 11:29:15 P. M. com.mongodb.diagnostics.logging.JULLogger log
INFO: Opened connection [connectionId{localValue:69}] to localhost:27017
nov 09, 2024 11:29:15 P. M. com.mongodb.diagnostics.logging.JULLogger log
INFO: Monitor thread successfully connected to server with description ServerDescription{address=localhost:27017, type=STANDALONE, state=CONNECTED, ok=true, version=ServerVersion{versionList=[8, 0, 3]}, minWireVersion=0, maxWireVersion=25, maxDocumentSize=16777216, logicalSessionTimeoutMinutes=30, roundTripTimeNanos=406600}
nov 09, 2024 11:29:15 P. M. com.mongodb.diagnostics.logging.JULLogger log
INFO: Opened connection [connectionId{localValue:70}] to localhost:27017
nov 09, 2024 11:29:15 P. M. implementaciones.UsuarioDAO obtenerEmpleadoRfc
INFO: Se ha consultado la colección 'usuarios'.
nov 09, 2024 11:29:15 P. M. com.mongodb.diagnostics.logging.JULLogger log
INFO: Closed connection [connectionId{localValue:70}] to localhost:27017 because the pool has been closed.
nov 09, 2024 11:29:15 P. M. conexion.Conexion cerrarConexion
INFO: Se ha cerrado la conexión con el servidor.
nov 09, 2024 11:29:15 P. M. com.mongodb.diagnostics.logging.JULLogger log
INFO: Cluster created with settings {hosts=[localhost:27017], mode=SINGLE, requiredClusterType=UNKNOWN, serverSelectionTimeout='30000 ms', maxWaitQueueSize=500}
nov 09, 2024 11:29:15 P. M. conexion.Conexion crearConexion
INFO: Se ha establecido la conexión con el servidor.
nov 09, 2024 11:29:15 P. M. com.mongodb.diagnostics.logging.JULLogger log
INFO: Cluster description not yet available. Waiting for 30000 ms before timing out
nov 09, 2024 11:29:15 P. M. com.mongodb.diagnostics.logging.JULLogger log
INFO: Opened connection [connectionId{localValue:71}] to localhost:27017
nov 09, 2024 11:29:15 P. M. com.mongodb.diagnostics.logging.JULLogger log
INFO: Monitor thread successfully connected to server with description ServerDescription{address=localhost:27017, type=STANDALONE, state=CONNECTED, ok=true, version=ServerVersion{versionList=[8, 0, 3]}, minWireVersion=0, maxWireVersion=25, maxDocumentSize=16777216, logicalSessionTimeoutMinutes=30, roundTripTimeNanos=213900}
nov 09, 2024 11:29:15 P. M. com.mongodb.diagnostics.logging.JULLogger log
INFO: Opened connection [connectionId{localValue:72}] to localhost:27017
nov 09, 2024 11:29:15 P. M. implementaciones.UsuarioDAO agregarEmpleado
INFO: Se ha insertado un documento en la colección 'usuarios'.
nov 09, 2024 11:29:15 P. M. com.mongodb.diagnostics.logging.JULLogger log
INFO: Closed connection [connectionId{localValue:72}] to localhost:27017 because the pool has been closed.
nov 09, 2024 11:29:15 P. M. conexion.Conexion cerrarConexion
INFO: Se ha cerrado la conexión con el servidor.
nov 09, 2024 11:29:15 P. M. com.mongodb.diagnostics.logging.JULLogger log
INFO: Cluster created with settings {hosts=[localhost:27017], mode=SINGLE, requiredClusterType=UNKNOWN, serverSelectionTimeout='30000 ms', maxWaitQueueSize=500}
nov 09, 2024 11:29:15 P. M. conexion.Conexion crearConexion
INFO: Se ha establecido la conexión con el servidor.
nov 09, 2024 11:29:15 P. M. com.mongodb.diagnostics.logging.JULLogger log
INFO: Cluster description not yet available. Waiting for 30000 ms before timing out
nov 09, 2024 11:29:15 P. M. com.mongodb.diagnostics.logging.JULLogger log
INFO: Opened connection [connectionId{localValue:73}] to localhost:27017
nov 09, 2024 11:29:15 P. M. com.mongodb.diagnostics.logging.JULLogger log
INFO: Monitor thread successfully connected to server with description ServerDescription{address=localhost:27017, type=STANDALONE, state=CONNECTED, ok=true, version=ServerVersion{versionList=[8, 0, 3]}, minWireVersion=0, maxWireVersion=25, maxDocumentSize=16777216, logicalSessionTimeoutMinutes=30, roundTripTimeNanos=237800}
nov 09, 2024 11:29:15 P. M. com.mongodb.diagnostics.logging.JULLogger log
INFO: Opened connection [connectionId{localValue:74}] to localhost:27017
nov 09, 2024 11:29:15 P. M. implementaciones.UsuarioDAO obtenerUsuarioCorreo
INFO: Se ha consultado la colección 'usuarios'.
nov 09, 2024 11:29:15 P. M. com.mongodb.diagnostics.logging.JULLogger log
INFO: Closed connection [connectionId{localValue:74}] to localhost:27017 because the pool has been closed.
nov 09, 2024 11:29:15 P. M. conexion.Conexion cerrarConexion
INFO: Se ha cerrado la conexión con el servidor.
nov 09, 2024 11:29:15 P. M. com.mongodb.diagnostics.logging.JULLogger log
INFO: Cluster created with settings {hosts=[localhost:27017], mode=SINGLE, requiredClusterType=UNKNOWN, serverSelectionTimeout='30000 ms', maxWaitQueueSize=500}
nov 09, 2024 11:29:15 P. M. conexion.Conexion crearConexion
INFO: Se ha establecido la conexión con el servidor.
nov 09, 2024 11:29:15 P. M. com.mongodb.diagnostics.logging.JULLogger log
INFO: Cluster description not yet available. Waiting for 30000 ms before timing out
nov 09, 2024 11:29:15 P. M. com.mongodb.diagnostics.logging.JULLogger log
INFO: Opened connection [connectionId{localValue:75}] to localhost:27017
nov 09, 2024 11:29:15 P. M. com.mongodb.diagnostics.logging.JULLogger log
INFO: Monitor thread successfully connected to server with description ServerDescription{address=localhost:27017, type=STANDALONE, state=CONNECTED, ok=true, version=ServerVersion{versionList=[8, 0, 3]}, minWireVersion=0, maxWireVersion=25, maxDocumentSize=16777216, logicalSessionTimeoutMinutes=30, roundTripTimeNanos=218400}
nov 09, 2024 11:29:15 P. M. com.mongodb.diagnostics.logging.JULLogger log
INFO: Opened connection [connectionId{localValue:76}] to localhost:27017
nov 09, 2024 11:29:15 P. M. implementaciones.UsuarioDAO obtenerUsuarioCorreo
INFO: Se ha consultado la colección 'usuarios'.
nov 09, 2024 11:29:15 P. M. com.mongodb.diagnostics.logging.JULLogger log
INFO: Closed connection [connectionId{localValue:76}] to localhost:27017 because the pool has been closed.
nov 09, 2024 11:29:15 P. M. conexion.Conexion cerrarConexion
INFO: Se ha cerrado la conexión con el servidor.
nov 09, 2024 11:29:15 P. M. com.mongodb.diagnostics.logging.JULLogger log
INFO: Cluster created with settings {hosts=[localhost:27017], mode=SINGLE, requiredClusterType=UNKNOWN, serverSelectionTimeout='30000 ms', maxWaitQueueSize=500}
nov 09, 2024 11:29:15 P. M. conexion.Conexion crearConexion
INFO: Se ha establecido la conexión con el servidor.
nov 09, 2024 11:29:15 P. M. com.mongodb.diagnostics.logging.JULLogger log
INFO: Cluster description not yet available. Waiting for 30000 ms before timing out
nov 09, 2024 11:29:15 P. M. com.mongodb.diagnostics.logging.JULLogger log
INFO: Opened connection [connectionId{localValue:77}] to localhost:27017
nov 09, 2024 11:29:15 P. M. com.mongodb.diagnostics.logging.JULLogger log
INFO: Monitor thread successfully connected to server with description ServerDescription{address=localhost:27017, type=STANDALONE, state=CONNECTED, ok=true, version=ServerVersion{versionList=[8, 0, 3]}, minWireVersion=0, maxWireVersion=25, maxDocumentSize=16777216, logicalSessionTimeoutMinutes=30, roundTripTimeNanos=258000}
nov 09, 2024 11:29:15 P. M. com.mongodb.diagnostics.logging.JULLogger log
INFO: Opened connection [connectionId{localValue:78}] to localhost:27017
nov 09, 2024 11:29:15 P. M. implementaciones.UsuarioDAO obtenerEmpleadoCurp
INFO: Se ha consultado la colección 'usuarios'.
nov 09, 2024 11:29:15 P. M. com.mongodb.diagnostics.logging.JULLogger log
INFO: Closed connection [connectionId{localValue:78}] to localhost:27017 because the pool has been closed.
nov 09, 2024 11:29:15 P. M. conexion.Conexion cerrarConexion
INFO: Se ha cerrado la conexión con el servidor.
nov 09, 2024 11:29:15 P. M. com.mongodb.diagnostics.logging.JULLogger log
INFO: Cluster created with settings {hosts=[localhost:27017], mode=SINGLE, requiredClusterType=UNKNOWN, serverSelectionTimeout='30000 ms', maxWaitQueueSize=500}
nov 09, 2024 11:29:15 P. M. conexion.Conexion crearConexion
INFO: Se ha establecido la conexión con el servidor.
nov 09, 2024 11:29:15 P. M. com.mongodb.diagnostics.logging.JULLogger log
INFO: Cluster description not yet available. Waiting for 30000 ms before timing out
nov 09, 2024 11:29:15 P. M. com.mongodb.diagnostics.logging.JULLogger log
INFO: Opened connection [connectionId{localValue:79}] to localhost:27017
nov 09, 2024 11:29:15 P. M. com.mongodb.diagnostics.logging.JULLogger log
INFO: Monitor thread successfully connected to server with description ServerDescription{address=localhost:27017, type=STANDALONE, state=CONNECTED, ok=true, version=ServerVersion{versionList=[8, 0, 3]}, minWireVersion=0, maxWireVersion=25, maxDocumentSize=16777216, logicalSessionTimeoutMinutes=30, roundTripTimeNanos=260300}
nov 09, 2024 11:29:15 P. M. com.mongodb.diagnostics.logging.JULLogger log
INFO: Opened connection [connectionId{localValue:80}] to localhost:27017
nov 09, 2024 11:29:15 P. M. implementaciones.UsuarioDAO obtenerEmpleadoRfc
INFO: Se ha consultado la colección 'usuarios'.
nov 09, 2024 11:29:15 P. M. com.mongodb.diagnostics.logging.JULLogger log
INFO: Closed connection [connectionId{localValue:80}] to localhost:27017 because the pool has been closed.
nov 09, 2024 11:29:15 P. M. conexion.Conexion cerrarConexion
INFO: Se ha cerrado la conexión con el servidor.
nov 09, 2024 11:29:15 P. M. com.mongodb.diagnostics.logging.JULLogger log
INFO: Cluster created with settings {hosts=[localhost:27017], mode=SINGLE, requiredClusterType=UNKNOWN, serverSelectionTimeout='30000 ms', maxWaitQueueSize=500}
nov 09, 2024 11:29:15 P. M. conexion.Conexion crearConexion
INFO: Se ha establecido la conexión con el servidor.
nov 09, 2024 11:29:15 P. M. com.mongodb.diagnostics.logging.JULLogger log
INFO: Cluster description not yet available. Waiting for 30000 ms before timing out
nov 09, 2024 11:29:15 P. M. com.mongodb.diagnostics.logging.JULLogger log
INFO: Opened connection [connectionId{localValue:81}] to localhost:27017
nov 09, 2024 11:29:15 P. M. com.mongodb.diagnostics.logging.JULLogger log
INFO: Monitor thread successfully connected to server with description ServerDescription{address=localhost:27017, type=STANDALONE, state=CONNECTED, ok=true, version=ServerVersion{versionList=[8, 0, 3]}, minWireVersion=0, maxWireVersion=25, maxDocumentSize=16777216, logicalSessionTimeoutMinutes=30, roundTripTimeNanos=193200}
nov 09, 2024 11:29:15 P. M. com.mongodb.diagnostics.logging.JULLogger log
INFO: Opened connection [connectionId{localValue:82}] to localhost:27017
nov 09, 2024 11:29:15 P. M. implementaciones.UsuarioDAO borrarUsuarios
INFO: Se han eliminado 1 registros de la colección 'usuarios'.
nov 09, 2024 11:29:15 P. M. com.mongodb.diagnostics.logging.JULLogger log
INFO: Closed connection [connectionId{localValue:82}] to localhost:27017 because the pool has been closed.
nov 09, 2024 11:29:15 P. M. conexion.Conexion cerrarConexion
INFO: Se ha cerrado la conexión con el servidor.
]]></system-err>
  </testcase>
  <testcase name="obtenerUsuarioCorreoContra_ValoresInexistentes_ReturnSuccess" classname="implementaciones.UsuarioDAOTest" time="0.039">
    <system-err><![CDATA[nov 09, 2024 11:29:15 P. M. com.mongodb.diagnostics.logging.JULLogger log
INFO: Cluster created with settings {hosts=[localhost:27017], mode=SINGLE, requiredClusterType=UNKNOWN, serverSelectionTimeout='30000 ms', maxWaitQueueSize=500}
nov 09, 2024 11:29:15 P. M. conexion.Conexion crearConexion
INFO: Se ha establecido la conexión con el servidor.
nov 09, 2024 11:29:15 P. M. com.mongodb.diagnostics.logging.JULLogger log
INFO: Cluster description not yet available. Waiting for 30000 ms before timing out
nov 09, 2024 11:29:15 P. M. com.mongodb.diagnostics.logging.JULLogger log
INFO: Opened connection [connectionId{localValue:83}] to localhost:27017
nov 09, 2024 11:29:15 P. M. com.mongodb.diagnostics.logging.JULLogger log
INFO: Monitor thread successfully connected to server with description ServerDescription{address=localhost:27017, type=STANDALONE, state=CONNECTED, ok=true, version=ServerVersion{versionList=[8, 0, 3]}, minWireVersion=0, maxWireVersion=25, maxDocumentSize=16777216, logicalSessionTimeoutMinutes=30, roundTripTimeNanos=292900}
nov 09, 2024 11:29:15 P. M. com.mongodb.diagnostics.logging.JULLogger log
INFO: Opened connection [connectionId{localValue:84}] to localhost:27017
nov 09, 2024 11:29:15 P. M. implementaciones.UsuarioDAO obtenerUsuarioCorreo
INFO: Se ha consultado la colección 'usuarios'.
nov 09, 2024 11:29:15 P. M. com.mongodb.diagnostics.logging.JULLogger log
INFO: Closed connection [connectionId{localValue:84}] to localhost:27017 because the pool has been closed.
nov 09, 2024 11:29:15 P. M. conexion.Conexion cerrarConexion
INFO: Se ha cerrado la conexión con el servidor.
nov 09, 2024 11:29:15 P. M. com.mongodb.diagnostics.logging.JULLogger log
INFO: Cluster created with settings {hosts=[localhost:27017], mode=SINGLE, requiredClusterType=UNKNOWN, serverSelectionTimeout='30000 ms', maxWaitQueueSize=500}
nov 09, 2024 11:29:15 P. M. conexion.Conexion crearConexion
INFO: Se ha establecido la conexión con el servidor.
nov 09, 2024 11:29:15 P. M. com.mongodb.diagnostics.logging.JULLogger log
INFO: Cluster description not yet available. Waiting for 30000 ms before timing out
nov 09, 2024 11:29:15 P. M. com.mongodb.diagnostics.logging.JULLogger log
INFO: Opened connection [connectionId{localValue:85}] to localhost:27017
nov 09, 2024 11:29:15 P. M. com.mongodb.diagnostics.logging.JULLogger log
INFO: Monitor thread successfully connected to server with description ServerDescription{address=localhost:27017, type=STANDALONE, state=CONNECTED, ok=true, version=ServerVersion{versionList=[8, 0, 3]}, minWireVersion=0, maxWireVersion=25, maxDocumentSize=16777216, logicalSessionTimeoutMinutes=30, roundTripTimeNanos=207300}
nov 09, 2024 11:29:15 P. M. com.mongodb.diagnostics.logging.JULLogger log
INFO: Opened connection [connectionId{localValue:86}] to localhost:27017
nov 09, 2024 11:29:15 P. M. implementaciones.UsuarioDAO agregarCliente
INFO: Se ha insertado un documento en la colección 'usuarios'.
nov 09, 2024 11:29:15 P. M. com.mongodb.diagnostics.logging.JULLogger log
INFO: Closed connection [connectionId{localValue:86}] to localhost:27017 because the pool has been closed.
nov 09, 2024 11:29:15 P. M. conexion.Conexion cerrarConexion
INFO: Se ha cerrado la conexión con el servidor.
nov 09, 2024 11:29:15 P. M. com.mongodb.diagnostics.logging.JULLogger log
INFO: Cluster created with settings {hosts=[localhost:27017], mode=SINGLE, requiredClusterType=UNKNOWN, serverSelectionTimeout='30000 ms', maxWaitQueueSize=500}
nov 09, 2024 11:29:15 P. M. conexion.Conexion crearConexion
INFO: Se ha establecido la conexión con el servidor.
nov 09, 2024 11:29:15 P. M. com.mongodb.diagnostics.logging.JULLogger log
INFO: Cluster description not yet available. Waiting for 30000 ms before timing out
nov 09, 2024 11:29:15 P. M. com.mongodb.diagnostics.logging.JULLogger log
INFO: Opened connection [connectionId{localValue:87}] to localhost:27017
nov 09, 2024 11:29:15 P. M. com.mongodb.diagnostics.logging.JULLogger log
INFO: Monitor thread successfully connected to server with description ServerDescription{address=localhost:27017, type=STANDALONE, state=CONNECTED, ok=true, version=ServerVersion{versionList=[8, 0, 3]}, minWireVersion=0, maxWireVersion=25, maxDocumentSize=16777216, logicalSessionTimeoutMinutes=30, roundTripTimeNanos=188900}
nov 09, 2024 11:29:15 P. M. com.mongodb.diagnostics.logging.JULLogger log
INFO: Opened connection [connectionId{localValue:88}] to localhost:27017
nov 09, 2024 11:29:15 P. M. implementaciones.UsuarioDAO obtenerUsuarioCorreo
INFO: Se ha consultado la colección 'usuarios'.
nov 09, 2024 11:29:15 P. M. com.mongodb.diagnostics.logging.JULLogger log
INFO: Closed connection [connectionId{localValue:88}] to localhost:27017 because the pool has been closed.
nov 09, 2024 11:29:15 P. M. conexion.Conexion cerrarConexion
INFO: Se ha cerrado la conexión con el servidor.
nov 09, 2024 11:29:15 P. M. com.mongodb.diagnostics.logging.JULLogger log
INFO: Cluster created with settings {hosts=[localhost:27017], mode=SINGLE, requiredClusterType=UNKNOWN, serverSelectionTimeout='30000 ms', maxWaitQueueSize=500}
nov 09, 2024 11:29:15 P. M. conexion.Conexion crearConexion
INFO: Se ha establecido la conexión con el servidor.
nov 09, 2024 11:29:15 P. M. com.mongodb.diagnostics.logging.JULLogger log
INFO: Cluster description not yet available. Waiting for 30000 ms before timing out
nov 09, 2024 11:29:15 P. M. com.mongodb.diagnostics.logging.JULLogger log
INFO: Opened connection [connectionId{localValue:89}] to localhost:27017
nov 09, 2024 11:29:15 P. M. com.mongodb.diagnostics.logging.JULLogger log
INFO: Monitor thread successfully connected to server with description ServerDescription{address=localhost:27017, type=STANDALONE, state=CONNECTED, ok=true, version=ServerVersion{versionList=[8, 0, 3]}, minWireVersion=0, maxWireVersion=25, maxDocumentSize=16777216, logicalSessionTimeoutMinutes=30, roundTripTimeNanos=170900}
nov 09, 2024 11:29:15 P. M. com.mongodb.diagnostics.logging.JULLogger log
INFO: Opened connection [connectionId{localValue:90}] to localhost:27017
nov 09, 2024 11:29:15 P. M. implementaciones.UsuarioDAO obtenerUsuarioCorreoContra
INFO: Se ha consultado la colección 'usuarios'.
nov 09, 2024 11:29:15 P. M. com.mongodb.diagnostics.logging.JULLogger log
INFO: Closed connection [connectionId{localValue:90}] to localhost:27017 because the pool has been closed.
nov 09, 2024 11:29:15 P. M. conexion.Conexion cerrarConexion
INFO: Se ha cerrado la conexión con el servidor.
nov 09, 2024 11:29:15 P. M. com.mongodb.diagnostics.logging.JULLogger log
INFO: Cluster created with settings {hosts=[localhost:27017], mode=SINGLE, requiredClusterType=UNKNOWN, serverSelectionTimeout='30000 ms', maxWaitQueueSize=500}
nov 09, 2024 11:29:15 P. M. conexion.Conexion crearConexion
INFO: Se ha establecido la conexión con el servidor.
nov 09, 2024 11:29:15 P. M. com.mongodb.diagnostics.logging.JULLogger log
INFO: Cluster description not yet available. Waiting for 30000 ms before timing out
nov 09, 2024 11:29:15 P. M. com.mongodb.diagnostics.logging.JULLogger log
INFO: Opened connection [connectionId{localValue:91}] to localhost:27017
nov 09, 2024 11:29:15 P. M. com.mongodb.diagnostics.logging.JULLogger log
INFO: Monitor thread successfully connected to server with description ServerDescription{address=localhost:27017, type=STANDALONE, state=CONNECTED, ok=true, version=ServerVersion{versionList=[8, 0, 3]}, minWireVersion=0, maxWireVersion=25, maxDocumentSize=16777216, logicalSessionTimeoutMinutes=30, roundTripTimeNanos=171900}
nov 09, 2024 11:29:15 P. M. com.mongodb.diagnostics.logging.JULLogger log
INFO: Opened connection [connectionId{localValue:92}] to localhost:27017
nov 09, 2024 11:29:15 P. M. implementaciones.UsuarioDAO borrarUsuarios
INFO: Se han eliminado 1 registros de la colección 'usuarios'.
nov 09, 2024 11:29:15 P. M. com.mongodb.diagnostics.logging.JULLogger log
INFO: Closed connection [connectionId{localValue:92}] to localhost:27017 because the pool has been closed.
nov 09, 2024 11:29:15 P. M. conexion.Conexion cerrarConexion
INFO: Se ha cerrado la conexión con el servidor.
]]></system-err>
  </testcase>
  <testcase name="obtenerUsuarioCorreo_CorreoExistente_ReturnSuccess" classname="implementaciones.UsuarioDAOTest" time="0.036">
    <system-err><![CDATA[nov 09, 2024 11:29:15 P. M. com.mongodb.diagnostics.logging.JULLogger log
INFO: Cluster created with settings {hosts=[localhost:27017], mode=SINGLE, requiredClusterType=UNKNOWN, serverSelectionTimeout='30000 ms', maxWaitQueueSize=500}
nov 09, 2024 11:29:15 P. M. conexion.Conexion crearConexion
INFO: Se ha establecido la conexión con el servidor.
nov 09, 2024 11:29:15 P. M. com.mongodb.diagnostics.logging.JULLogger log
INFO: Cluster description not yet available. Waiting for 30000 ms before timing out
nov 09, 2024 11:29:15 P. M. com.mongodb.diagnostics.logging.JULLogger log
INFO: Opened connection [connectionId{localValue:93}] to localhost:27017
nov 09, 2024 11:29:15 P. M. com.mongodb.diagnostics.logging.JULLogger log
INFO: Monitor thread successfully connected to server with description ServerDescription{address=localhost:27017, type=STANDALONE, state=CONNECTED, ok=true, version=ServerVersion{versionList=[8, 0, 3]}, minWireVersion=0, maxWireVersion=25, maxDocumentSize=16777216, logicalSessionTimeoutMinutes=30, roundTripTimeNanos=235000}
nov 09, 2024 11:29:15 P. M. com.mongodb.diagnostics.logging.JULLogger log
INFO: Opened connection [connectionId{localValue:94}] to localhost:27017
nov 09, 2024 11:29:15 P. M. implementaciones.UsuarioDAO obtenerUsuarioCorreo
INFO: Se ha consultado la colección 'usuarios'.
nov 09, 2024 11:29:15 P. M. com.mongodb.diagnostics.logging.JULLogger log
INFO: Closed connection [connectionId{localValue:94}] to localhost:27017 because the pool has been closed.
nov 09, 2024 11:29:15 P. M. conexion.Conexion cerrarConexion
INFO: Se ha cerrado la conexión con el servidor.
nov 09, 2024 11:29:15 P. M. com.mongodb.diagnostics.logging.JULLogger log
INFO: Cluster created with settings {hosts=[localhost:27017], mode=SINGLE, requiredClusterType=UNKNOWN, serverSelectionTimeout='30000 ms', maxWaitQueueSize=500}
nov 09, 2024 11:29:15 P. M. conexion.Conexion crearConexion
INFO: Se ha establecido la conexión con el servidor.
nov 09, 2024 11:29:15 P. M. com.mongodb.diagnostics.logging.JULLogger log
INFO: Cluster description not yet available. Waiting for 30000 ms before timing out
nov 09, 2024 11:29:15 P. M. com.mongodb.diagnostics.logging.JULLogger log
INFO: Opened connection [connectionId{localValue:95}] to localhost:27017
nov 09, 2024 11:29:15 P. M. com.mongodb.diagnostics.logging.JULLogger log
INFO: Monitor thread successfully connected to server with description ServerDescription{address=localhost:27017, type=STANDALONE, state=CONNECTED, ok=true, version=ServerVersion{versionList=[8, 0, 3]}, minWireVersion=0, maxWireVersion=25, maxDocumentSize=16777216, logicalSessionTimeoutMinutes=30, roundTripTimeNanos=193500}
nov 09, 2024 11:29:15 P. M. com.mongodb.diagnostics.logging.JULLogger log
INFO: Opened connection [connectionId{localValue:96}] to localhost:27017
nov 09, 2024 11:29:15 P. M. implementaciones.UsuarioDAO agregarCliente
INFO: Se ha insertado un documento en la colección 'usuarios'.
nov 09, 2024 11:29:15 P. M. com.mongodb.diagnostics.logging.JULLogger log
INFO: Closed connection [connectionId{localValue:96}] to localhost:27017 because the pool has been closed.
nov 09, 2024 11:29:15 P. M. conexion.Conexion cerrarConexion
INFO: Se ha cerrado la conexión con el servidor.
nov 09, 2024 11:29:15 P. M. com.mongodb.diagnostics.logging.JULLogger log
INFO: Cluster created with settings {hosts=[localhost:27017], mode=SINGLE, requiredClusterType=UNKNOWN, serverSelectionTimeout='30000 ms', maxWaitQueueSize=500}
nov 09, 2024 11:29:15 P. M. conexion.Conexion crearConexion
INFO: Se ha establecido la conexión con el servidor.
nov 09, 2024 11:29:15 P. M. com.mongodb.diagnostics.logging.JULLogger log
INFO: Cluster description not yet available. Waiting for 30000 ms before timing out
nov 09, 2024 11:29:15 P. M. com.mongodb.diagnostics.logging.JULLogger log
INFO: Opened connection [connectionId{localValue:97}] to localhost:27017
nov 09, 2024 11:29:15 P. M. com.mongodb.diagnostics.logging.JULLogger log
INFO: Monitor thread successfully connected to server with description ServerDescription{address=localhost:27017, type=STANDALONE, state=CONNECTED, ok=true, version=ServerVersion{versionList=[8, 0, 3]}, minWireVersion=0, maxWireVersion=25, maxDocumentSize=16777216, logicalSessionTimeoutMinutes=30, roundTripTimeNanos=193500}
nov 09, 2024 11:29:15 P. M. com.mongodb.diagnostics.logging.JULLogger log
INFO: Opened connection [connectionId{localValue:98}] to localhost:27017
nov 09, 2024 11:29:15 P. M. implementaciones.UsuarioDAO obtenerUsuarioCorreo
INFO: Se ha consultado la colección 'usuarios'.
nov 09, 2024 11:29:15 P. M. com.mongodb.diagnostics.logging.JULLogger log
INFO: Closed connection [connectionId{localValue:98}] to localhost:27017 because the pool has been closed.
nov 09, 2024 11:29:15 P. M. conexion.Conexion cerrarConexion
INFO: Se ha cerrado la conexión con el servidor.
nov 09, 2024 11:29:15 P. M. com.mongodb.diagnostics.logging.JULLogger log
INFO: Cluster created with settings {hosts=[localhost:27017], mode=SINGLE, requiredClusterType=UNKNOWN, serverSelectionTimeout='30000 ms', maxWaitQueueSize=500}
nov 09, 2024 11:29:15 P. M. conexion.Conexion crearConexion
INFO: Se ha establecido la conexión con el servidor.
nov 09, 2024 11:29:15 P. M. com.mongodb.diagnostics.logging.JULLogger log
INFO: Cluster description not yet available. Waiting for 30000 ms before timing out
nov 09, 2024 11:29:15 P. M. com.mongodb.diagnostics.logging.JULLogger log
INFO: Opened connection [connectionId{localValue:99}] to localhost:27017
nov 09, 2024 11:29:15 P. M. com.mongodb.diagnostics.logging.JULLogger log
INFO: Monitor thread successfully connected to server with description ServerDescription{address=localhost:27017, type=STANDALONE, state=CONNECTED, ok=true, version=ServerVersion{versionList=[8, 0, 3]}, minWireVersion=0, maxWireVersion=25, maxDocumentSize=16777216, logicalSessionTimeoutMinutes=30, roundTripTimeNanos=199700}
nov 09, 2024 11:29:15 P. M. com.mongodb.diagnostics.logging.JULLogger log
INFO: Opened connection [connectionId{localValue:100}] to localhost:27017
nov 09, 2024 11:29:15 P. M. implementaciones.UsuarioDAO obtenerUsuarioCorreo
INFO: Se ha consultado la colección 'usuarios'.
nov 09, 2024 11:29:15 P. M. com.mongodb.diagnostics.logging.JULLogger log
INFO: Closed connection [connectionId{localValue:100}] to localhost:27017 because the pool has been closed.
nov 09, 2024 11:29:15 P. M. conexion.Conexion cerrarConexion
INFO: Se ha cerrado la conexión con el servidor.
nov 09, 2024 11:29:15 P. M. com.mongodb.diagnostics.logging.JULLogger log
INFO: Cluster created with settings {hosts=[localhost:27017], mode=SINGLE, requiredClusterType=UNKNOWN, serverSelectionTimeout='30000 ms', maxWaitQueueSize=500}
nov 09, 2024 11:29:15 P. M. conexion.Conexion crearConexion
INFO: Se ha establecido la conexión con el servidor.
nov 09, 2024 11:29:15 P. M. com.mongodb.diagnostics.logging.JULLogger log
INFO: Cluster description not yet available. Waiting for 30000 ms before timing out
nov 09, 2024 11:29:15 P. M. com.mongodb.diagnostics.logging.JULLogger log
INFO: Opened connection [connectionId{localValue:101}] to localhost:27017
nov 09, 2024 11:29:15 P. M. com.mongodb.diagnostics.logging.JULLogger log
INFO: Monitor thread successfully connected to server with description ServerDescription{address=localhost:27017, type=STANDALONE, state=CONNECTED, ok=true, version=ServerVersion{versionList=[8, 0, 3]}, minWireVersion=0, maxWireVersion=25, maxDocumentSize=16777216, logicalSessionTimeoutMinutes=30, roundTripTimeNanos=277000}
nov 09, 2024 11:29:15 P. M. com.mongodb.diagnostics.logging.JULLogger log
INFO: Opened connection [connectionId{localValue:102}] to localhost:27017
nov 09, 2024 11:29:15 P. M. implementaciones.UsuarioDAO borrarUsuarios
INFO: Se han eliminado 1 registros de la colección 'usuarios'.
nov 09, 2024 11:29:15 P. M. com.mongodb.diagnostics.logging.JULLogger log
INFO: Closed connection [connectionId{localValue:102}] to localhost:27017 because the pool has been closed.
nov 09, 2024 11:29:15 P. M. conexion.Conexion cerrarConexion
INFO: Se ha cerrado la conexión con el servidor.
]]></system-err>
  </testcase>
  <testcase name="obtenerEmpleadoRfc_RfcInexistente_ReturnSuccess" classname="implementaciones.UsuarioDAOTest" time="0.02">
    <system-err><![CDATA[nov 09, 2024 11:29:15 P. M. com.mongodb.diagnostics.logging.JULLogger log
INFO: Cluster created with settings {hosts=[localhost:27017], mode=SINGLE, requiredClusterType=UNKNOWN, serverSelectionTimeout='30000 ms', maxWaitQueueSize=500}
nov 09, 2024 11:29:15 P. M. conexion.Conexion crearConexion
INFO: Se ha establecido la conexión con el servidor.
nov 09, 2024 11:29:15 P. M. com.mongodb.diagnostics.logging.JULLogger log
INFO: Cluster description not yet available. Waiting for 30000 ms before timing out
nov 09, 2024 11:29:15 P. M. com.mongodb.diagnostics.logging.JULLogger log
INFO: Opened connection [connectionId{localValue:103}] to localhost:27017
nov 09, 2024 11:29:15 P. M. com.mongodb.diagnostics.logging.JULLogger log
INFO: Monitor thread successfully connected to server with description ServerDescription{address=localhost:27017, type=STANDALONE, state=CONNECTED, ok=true, version=ServerVersion{versionList=[8, 0, 3]}, minWireVersion=0, maxWireVersion=25, maxDocumentSize=16777216, logicalSessionTimeoutMinutes=30, roundTripTimeNanos=194400}
nov 09, 2024 11:29:15 P. M. com.mongodb.diagnostics.logging.JULLogger log
INFO: Opened connection [connectionId{localValue:104}] to localhost:27017
nov 09, 2024 11:29:15 P. M. implementaciones.UsuarioDAO obtenerEmpleadoRfc
INFO: Se ha consultado la colección 'usuarios'.
nov 09, 2024 11:29:15 P. M. com.mongodb.diagnostics.logging.JULLogger log
INFO: Closed connection [connectionId{localValue:104}] to localhost:27017 because the pool has been closed.
nov 09, 2024 11:29:15 P. M. conexion.Conexion cerrarConexion
INFO: Se ha cerrado la conexión con el servidor.
nov 09, 2024 11:29:15 P. M. com.mongodb.diagnostics.logging.JULLogger log
INFO: Cluster created with settings {hosts=[localhost:27017], mode=SINGLE, requiredClusterType=UNKNOWN, serverSelectionTimeout='30000 ms', maxWaitQueueSize=500}
nov 09, 2024 11:29:15 P. M. conexion.Conexion crearConexion
INFO: Se ha establecido la conexión con el servidor.
nov 09, 2024 11:29:15 P. M. com.mongodb.diagnostics.logging.JULLogger log
INFO: Cluster description not yet available. Waiting for 30000 ms before timing out
nov 09, 2024 11:29:15 P. M. com.mongodb.diagnostics.logging.JULLogger log
INFO: Opened connection [connectionId{localValue:105}] to localhost:27017
nov 09, 2024 11:29:15 P. M. com.mongodb.diagnostics.logging.JULLogger log
INFO: Monitor thread successfully connected to server with description ServerDescription{address=localhost:27017, type=STANDALONE, state=CONNECTED, ok=true, version=ServerVersion{versionList=[8, 0, 3]}, minWireVersion=0, maxWireVersion=25, maxDocumentSize=16777216, logicalSessionTimeoutMinutes=30, roundTripTimeNanos=234900}
nov 09, 2024 11:29:15 P. M. com.mongodb.diagnostics.logging.JULLogger log
INFO: Opened connection [connectionId{localValue:106}] to localhost:27017
nov 09, 2024 11:29:15 P. M. implementaciones.UsuarioDAO borrarUsuarios
INFO: Se han eliminado 0 registros de la colección 'usuarios'.
nov 09, 2024 11:29:15 P. M. com.mongodb.diagnostics.logging.JULLogger log
INFO: Closed connection [connectionId{localValue:106}] to localhost:27017 because the pool has been closed.
nov 09, 2024 11:29:15 P. M. conexion.Conexion cerrarConexion
INFO: Se ha cerrado la conexión con el servidor.
]]></system-err>
  </testcase>
  <testcase name="obtenerUsuarioCorreo_CorreoInexistente_ReturnSuccess" classname="implementaciones.UsuarioDAOTest" time="0.017">
    <system-err><![CDATA[nov 09, 2024 11:29:15 P. M. com.mongodb.diagnostics.logging.JULLogger log
INFO: Cluster created with settings {hosts=[localhost:27017], mode=SINGLE, requiredClusterType=UNKNOWN, serverSelectionTimeout='30000 ms', maxWaitQueueSize=500}
nov 09, 2024 11:29:15 P. M. conexion.Conexion crearConexion
INFO: Se ha establecido la conexión con el servidor.
nov 09, 2024 11:29:15 P. M. com.mongodb.diagnostics.logging.JULLogger log
INFO: Cluster description not yet available. Waiting for 30000 ms before timing out
nov 09, 2024 11:29:15 P. M. com.mongodb.diagnostics.logging.JULLogger log
INFO: Opened connection [connectionId{localValue:107}] to localhost:27017
nov 09, 2024 11:29:15 P. M. com.mongodb.diagnostics.logging.JULLogger log
INFO: Monitor thread successfully connected to server with description ServerDescription{address=localhost:27017, type=STANDALONE, state=CONNECTED, ok=true, version=ServerVersion{versionList=[8, 0, 3]}, minWireVersion=0, maxWireVersion=25, maxDocumentSize=16777216, logicalSessionTimeoutMinutes=30, roundTripTimeNanos=387500}
nov 09, 2024 11:29:15 P. M. com.mongodb.diagnostics.logging.JULLogger log
INFO: Opened connection [connectionId{localValue:108}] to localhost:27017
nov 09, 2024 11:29:15 P. M. implementaciones.UsuarioDAO obtenerUsuarioCorreo
INFO: Se ha consultado la colección 'usuarios'.
nov 09, 2024 11:29:15 P. M. com.mongodb.diagnostics.logging.JULLogger log
INFO: Closed connection [connectionId{localValue:108}] to localhost:27017 because the pool has been closed.
nov 09, 2024 11:29:15 P. M. conexion.Conexion cerrarConexion
INFO: Se ha cerrado la conexión con el servidor.
nov 09, 2024 11:29:15 P. M. com.mongodb.diagnostics.logging.JULLogger log
INFO: Cluster created with settings {hosts=[localhost:27017], mode=SINGLE, requiredClusterType=UNKNOWN, serverSelectionTimeout='30000 ms', maxWaitQueueSize=500}
nov 09, 2024 11:29:15 P. M. conexion.Conexion crearConexion
INFO: Se ha establecido la conexión con el servidor.
nov 09, 2024 11:29:15 P. M. com.mongodb.diagnostics.logging.JULLogger log
INFO: Cluster description not yet available. Waiting for 30000 ms before timing out
nov 09, 2024 11:29:15 P. M. com.mongodb.diagnostics.logging.JULLogger log
INFO: Opened connection [connectionId{localValue:109}] to localhost:27017
nov 09, 2024 11:29:15 P. M. com.mongodb.diagnostics.logging.JULLogger log
INFO: Monitor thread successfully connected to server with description ServerDescription{address=localhost:27017, type=STANDALONE, state=CONNECTED, ok=true, version=ServerVersion{versionList=[8, 0, 3]}, minWireVersion=0, maxWireVersion=25, maxDocumentSize=16777216, logicalSessionTimeoutMinutes=30, roundTripTimeNanos=197100}
nov 09, 2024 11:29:15 P. M. com.mongodb.diagnostics.logging.JULLogger log
INFO: Opened connection [connectionId{localValue:110}] to localhost:27017
nov 09, 2024 11:29:15 P. M. implementaciones.UsuarioDAO borrarUsuarios
INFO: Se han eliminado 0 registros de la colección 'usuarios'.
nov 09, 2024 11:29:15 P. M. com.mongodb.diagnostics.logging.JULLogger log
INFO: Closed connection [connectionId{localValue:110}] to localhost:27017 because the pool has been closed.
nov 09, 2024 11:29:15 P. M. conexion.Conexion cerrarConexion
INFO: Se ha cerrado la conexión con el servidor.
]]></system-err>
  </testcase>
  <testcase name="obtenerUsuarioCorreoContra_CorreoInexistente_ReturnSuccess" classname="implementaciones.UsuarioDAOTest" time="0.031">
    <system-err><![CDATA[nov 09, 2024 11:29:15 P. M. com.mongodb.diagnostics.logging.JULLogger log
INFO: Cluster created with settings {hosts=[localhost:27017], mode=SINGLE, requiredClusterType=UNKNOWN, serverSelectionTimeout='30000 ms', maxWaitQueueSize=500}
nov 09, 2024 11:29:15 P. M. conexion.Conexion crearConexion
INFO: Se ha establecido la conexión con el servidor.
nov 09, 2024 11:29:15 P. M. com.mongodb.diagnostics.logging.JULLogger log
INFO: Cluster description not yet available. Waiting for 30000 ms before timing out
nov 09, 2024 11:29:15 P. M. com.mongodb.diagnostics.logging.JULLogger log
INFO: Opened connection [connectionId{localValue:111}] to localhost:27017
nov 09, 2024 11:29:15 P. M. com.mongodb.diagnostics.logging.JULLogger log
INFO: Monitor thread successfully connected to server with description ServerDescription{address=localhost:27017, type=STANDALONE, state=CONNECTED, ok=true, version=ServerVersion{versionList=[8, 0, 3]}, minWireVersion=0, maxWireVersion=25, maxDocumentSize=16777216, logicalSessionTimeoutMinutes=30, roundTripTimeNanos=262000}
nov 09, 2024 11:29:15 P. M. com.mongodb.diagnostics.logging.JULLogger log
INFO: Opened connection [connectionId{localValue:112}] to localhost:27017
nov 09, 2024 11:29:15 P. M. implementaciones.UsuarioDAO obtenerUsuarioCorreo
INFO: Se ha consultado la colección 'usuarios'.
nov 09, 2024 11:29:15 P. M. com.mongodb.diagnostics.logging.JULLogger log
INFO: Closed connection [connectionId{localValue:112}] to localhost:27017 because the pool has been closed.
nov 09, 2024 11:29:15 P. M. conexion.Conexion cerrarConexion
INFO: Se ha cerrado la conexión con el servidor.
nov 09, 2024 11:29:15 P. M. com.mongodb.diagnostics.logging.JULLogger log
INFO: Cluster created with settings {hosts=[localhost:27017], mode=SINGLE, requiredClusterType=UNKNOWN, serverSelectionTimeout='30000 ms', maxWaitQueueSize=500}
nov 09, 2024 11:29:15 P. M. conexion.Conexion crearConexion
INFO: Se ha establecido la conexión con el servidor.
nov 09, 2024 11:29:15 P. M. com.mongodb.diagnostics.logging.JULLogger log
INFO: Cluster description not yet available. Waiting for 30000 ms before timing out
nov 09, 2024 11:29:15 P. M. com.mongodb.diagnostics.logging.JULLogger log
INFO: Opened connection [connectionId{localValue:113}] to localhost:27017
nov 09, 2024 11:29:15 P. M. com.mongodb.diagnostics.logging.JULLogger log
INFO: Monitor thread successfully connected to server with description ServerDescription{address=localhost:27017, type=STANDALONE, state=CONNECTED, ok=true, version=ServerVersion{versionList=[8, 0, 3]}, minWireVersion=0, maxWireVersion=25, maxDocumentSize=16777216, logicalSessionTimeoutMinutes=30, roundTripTimeNanos=170400}
nov 09, 2024 11:29:15 P. M. com.mongodb.diagnostics.logging.JULLogger log
INFO: Opened connection [connectionId{localValue:114}] to localhost:27017
nov 09, 2024 11:29:15 P. M. implementaciones.UsuarioDAO agregarCliente
INFO: Se ha insertado un documento en la colección 'usuarios'.
nov 09, 2024 11:29:15 P. M. com.mongodb.diagnostics.logging.JULLogger log
INFO: Closed connection [connectionId{localValue:114}] to localhost:27017 because the pool has been closed.
nov 09, 2024 11:29:15 P. M. conexion.Conexion cerrarConexion
INFO: Se ha cerrado la conexión con el servidor.
nov 09, 2024 11:29:15 P. M. com.mongodb.diagnostics.logging.JULLogger log
INFO: Cluster created with settings {hosts=[localhost:27017], mode=SINGLE, requiredClusterType=UNKNOWN, serverSelectionTimeout='30000 ms', maxWaitQueueSize=500}
nov 09, 2024 11:29:15 P. M. conexion.Conexion crearConexion
INFO: Se ha establecido la conexión con el servidor.
nov 09, 2024 11:29:15 P. M. com.mongodb.diagnostics.logging.JULLogger log
INFO: Cluster description not yet available. Waiting for 30000 ms before timing out
nov 09, 2024 11:29:15 P. M. com.mongodb.diagnostics.logging.JULLogger log
INFO: Opened connection [connectionId{localValue:115}] to localhost:27017
nov 09, 2024 11:29:15 P. M. com.mongodb.diagnostics.logging.JULLogger log
INFO: Monitor thread successfully connected to server with description ServerDescription{address=localhost:27017, type=STANDALONE, state=CONNECTED, ok=true, version=ServerVersion{versionList=[8, 0, 3]}, minWireVersion=0, maxWireVersion=25, maxDocumentSize=16777216, logicalSessionTimeoutMinutes=30, roundTripTimeNanos=175600}
nov 09, 2024 11:29:15 P. M. com.mongodb.diagnostics.logging.JULLogger log
INFO: Opened connection [connectionId{localValue:116}] to localhost:27017
nov 09, 2024 11:29:15 P. M. implementaciones.UsuarioDAO obtenerUsuarioCorreo
INFO: Se ha consultado la colección 'usuarios'.
nov 09, 2024 11:29:15 P. M. com.mongodb.diagnostics.logging.JULLogger log
INFO: Closed connection [connectionId{localValue:116}] to localhost:27017 because the pool has been closed.
nov 09, 2024 11:29:15 P. M. conexion.Conexion cerrarConexion
INFO: Se ha cerrado la conexión con el servidor.
nov 09, 2024 11:29:15 P. M. com.mongodb.diagnostics.logging.JULLogger log
INFO: Cluster created with settings {hosts=[localhost:27017], mode=SINGLE, requiredClusterType=UNKNOWN, serverSelectionTimeout='30000 ms', maxWaitQueueSize=500}
nov 09, 2024 11:29:15 P. M. conexion.Conexion crearConexion
INFO: Se ha establecido la conexión con el servidor.
nov 09, 2024 11:29:15 P. M. com.mongodb.diagnostics.logging.JULLogger log
INFO: Cluster description not yet available. Waiting for 30000 ms before timing out
nov 09, 2024 11:29:15 P. M. com.mongodb.diagnostics.logging.JULLogger log
INFO: Opened connection [connectionId{localValue:117}] to localhost:27017
nov 09, 2024 11:29:15 P. M. com.mongodb.diagnostics.logging.JULLogger log
INFO: Monitor thread successfully connected to server with description ServerDescription{address=localhost:27017, type=STANDALONE, state=CONNECTED, ok=true, version=ServerVersion{versionList=[8, 0, 3]}, minWireVersion=0, maxWireVersion=25, maxDocumentSize=16777216, logicalSessionTimeoutMinutes=30, roundTripTimeNanos=367600}
nov 09, 2024 11:29:15 P. M. com.mongodb.diagnostics.logging.JULLogger log
INFO: Opened connection [connectionId{localValue:118}] to localhost:27017
nov 09, 2024 11:29:15 P. M. implementaciones.UsuarioDAO obtenerUsuarioCorreoContra
INFO: Se ha consultado la colección 'usuarios'.
nov 09, 2024 11:29:15 P. M. com.mongodb.diagnostics.logging.JULLogger log
INFO: Closed connection [connectionId{localValue:118}] to localhost:27017 because the pool has been closed.
nov 09, 2024 11:29:15 P. M. conexion.Conexion cerrarConexion
INFO: Se ha cerrado la conexión con el servidor.
nov 09, 2024 11:29:15 P. M. com.mongodb.diagnostics.logging.JULLogger log
INFO: Cluster created with settings {hosts=[localhost:27017], mode=SINGLE, requiredClusterType=UNKNOWN, serverSelectionTimeout='30000 ms', maxWaitQueueSize=500}
nov 09, 2024 11:29:15 P. M. conexion.Conexion crearConexion
INFO: Se ha establecido la conexión con el servidor.
nov 09, 2024 11:29:15 P. M. com.mongodb.diagnostics.logging.JULLogger log
INFO: Cluster description not yet available. Waiting for 30000 ms before timing out
nov 09, 2024 11:29:15 P. M. com.mongodb.diagnostics.logging.JULLogger log
INFO: Opened connection [connectionId{localValue:119}] to localhost:27017
nov 09, 2024 11:29:15 P. M. com.mongodb.diagnostics.logging.JULLogger log
INFO: Monitor thread successfully connected to server with description ServerDescription{address=localhost:27017, type=STANDALONE, state=CONNECTED, ok=true, version=ServerVersion{versionList=[8, 0, 3]}, minWireVersion=0, maxWireVersion=25, maxDocumentSize=16777216, logicalSessionTimeoutMinutes=30, roundTripTimeNanos=151800}
nov 09, 2024 11:29:15 P. M. com.mongodb.diagnostics.logging.JULLogger log
INFO: Opened connection [connectionId{localValue:120}] to localhost:27017
nov 09, 2024 11:29:15 P. M. implementaciones.UsuarioDAO borrarUsuarios
INFO: Se han eliminado 1 registros de la colección 'usuarios'.
nov 09, 2024 11:29:15 P. M. com.mongodb.diagnostics.logging.JULLogger log
INFO: Closed connection [connectionId{localValue:120}] to localhost:27017 because the pool has been closed.
nov 09, 2024 11:29:15 P. M. conexion.Conexion cerrarConexion
INFO: Se ha cerrado la conexión con el servidor.
]]></system-err>
  </testcase>
  <testcase name="agregarEmpleado_EmpleadoGerente_ReturnSuccess" classname="implementaciones.UsuarioDAOTest" time="0.034">
    <system-err><![CDATA[nov 09, 2024 11:29:15 P. M. com.mongodb.diagnostics.logging.JULLogger log
INFO: Cluster created with settings {hosts=[localhost:27017], mode=SINGLE, requiredClusterType=UNKNOWN, serverSelectionTimeout='30000 ms', maxWaitQueueSize=500}
nov 09, 2024 11:29:15 P. M. conexion.Conexion crearConexion
INFO: Se ha establecido la conexión con el servidor.
nov 09, 2024 11:29:15 P. M. com.mongodb.diagnostics.logging.JULLogger log
INFO: Cluster description not yet available. Waiting for 30000 ms before timing out
nov 09, 2024 11:29:15 P. M. com.mongodb.diagnostics.logging.JULLogger log
INFO: Opened connection [connectionId{localValue:121}] to localhost:27017
nov 09, 2024 11:29:15 P. M. com.mongodb.diagnostics.logging.JULLogger log
INFO: Monitor thread successfully connected to server with description ServerDescription{address=localhost:27017, type=STANDALONE, state=CONNECTED, ok=true, version=ServerVersion{versionList=[8, 0, 3]}, minWireVersion=0, maxWireVersion=25, maxDocumentSize=16777216, logicalSessionTimeoutMinutes=30, roundTripTimeNanos=233400}
nov 09, 2024 11:29:15 P. M. com.mongodb.diagnostics.logging.JULLogger log
INFO: Opened connection [connectionId{localValue:122}] to localhost:27017
nov 09, 2024 11:29:15 P. M. implementaciones.UsuarioDAO obtenerUsuarioCorreo
INFO: Se ha consultado la colección 'usuarios'.
nov 09, 2024 11:29:15 P. M. com.mongodb.diagnostics.logging.JULLogger log
INFO: Closed connection [connectionId{localValue:122}] to localhost:27017 because the pool has been closed.
nov 09, 2024 11:29:15 P. M. conexion.Conexion cerrarConexion
INFO: Se ha cerrado la conexión con el servidor.
nov 09, 2024 11:29:15 P. M. com.mongodb.diagnostics.logging.JULLogger log
INFO: Cluster created with settings {hosts=[localhost:27017], mode=SINGLE, requiredClusterType=UNKNOWN, serverSelectionTimeout='30000 ms', maxWaitQueueSize=500}
nov 09, 2024 11:29:15 P. M. conexion.Conexion crearConexion
INFO: Se ha establecido la conexión con el servidor.
nov 09, 2024 11:29:15 P. M. com.mongodb.diagnostics.logging.JULLogger log
INFO: Cluster description not yet available. Waiting for 30000 ms before timing out
nov 09, 2024 11:29:15 P. M. com.mongodb.diagnostics.logging.JULLogger log
INFO: Opened connection [connectionId{localValue:123}] to localhost:27017
nov 09, 2024 11:29:15 P. M. com.mongodb.diagnostics.logging.JULLogger log
INFO: Monitor thread successfully connected to server with description ServerDescription{address=localhost:27017, type=STANDALONE, state=CONNECTED, ok=true, version=ServerVersion{versionList=[8, 0, 3]}, minWireVersion=0, maxWireVersion=25, maxDocumentSize=16777216, logicalSessionTimeoutMinutes=30, roundTripTimeNanos=143800}
nov 09, 2024 11:29:15 P. M. com.mongodb.diagnostics.logging.JULLogger log
INFO: Opened connection [connectionId{localValue:124}] to localhost:27017
nov 09, 2024 11:29:15 P. M. implementaciones.UsuarioDAO obtenerEmpleadoCurp
INFO: Se ha consultado la colección 'usuarios'.
nov 09, 2024 11:29:15 P. M. com.mongodb.diagnostics.logging.JULLogger log
INFO: Closed connection [connectionId{localValue:124}] to localhost:27017 because the pool has been closed.
nov 09, 2024 11:29:15 P. M. conexion.Conexion cerrarConexion
INFO: Se ha cerrado la conexión con el servidor.
nov 09, 2024 11:29:15 P. M. com.mongodb.diagnostics.logging.JULLogger log
INFO: Cluster created with settings {hosts=[localhost:27017], mode=SINGLE, requiredClusterType=UNKNOWN, serverSelectionTimeout='30000 ms', maxWaitQueueSize=500}
nov 09, 2024 11:29:15 P. M. conexion.Conexion crearConexion
INFO: Se ha establecido la conexión con el servidor.
nov 09, 2024 11:29:15 P. M. com.mongodb.diagnostics.logging.JULLogger log
INFO: Cluster description not yet available. Waiting for 30000 ms before timing out
nov 09, 2024 11:29:15 P. M. com.mongodb.diagnostics.logging.JULLogger log
INFO: Opened connection [connectionId{localValue:125}] to localhost:27017
nov 09, 2024 11:29:15 P. M. com.mongodb.diagnostics.logging.JULLogger log
INFO: Monitor thread successfully connected to server with description ServerDescription{address=localhost:27017, type=STANDALONE, state=CONNECTED, ok=true, version=ServerVersion{versionList=[8, 0, 3]}, minWireVersion=0, maxWireVersion=25, maxDocumentSize=16777216, logicalSessionTimeoutMinutes=30, roundTripTimeNanos=154000}
nov 09, 2024 11:29:15 P. M. com.mongodb.diagnostics.logging.JULLogger log
INFO: Opened connection [connectionId{localValue:126}] to localhost:27017
nov 09, 2024 11:29:15 P. M. implementaciones.UsuarioDAO obtenerEmpleadoRfc
INFO: Se ha consultado la colección 'usuarios'.
nov 09, 2024 11:29:15 P. M. com.mongodb.diagnostics.logging.JULLogger log
INFO: Closed connection [connectionId{localValue:126}] to localhost:27017 because the pool has been closed.
nov 09, 2024 11:29:15 P. M. conexion.Conexion cerrarConexion
INFO: Se ha cerrado la conexión con el servidor.
nov 09, 2024 11:29:15 P. M. com.mongodb.diagnostics.logging.JULLogger log
INFO: Cluster created with settings {hosts=[localhost:27017], mode=SINGLE, requiredClusterType=UNKNOWN, serverSelectionTimeout='30000 ms', maxWaitQueueSize=500}
nov 09, 2024 11:29:15 P. M. conexion.Conexion crearConexion
INFO: Se ha establecido la conexión con el servidor.
nov 09, 2024 11:29:15 P. M. com.mongodb.diagnostics.logging.JULLogger log
INFO: Cluster description not yet available. Waiting for 30000 ms before timing out
nov 09, 2024 11:29:15 P. M. com.mongodb.diagnostics.logging.JULLogger log
INFO: Opened connection [connectionId{localValue:127}] to localhost:27017
nov 09, 2024 11:29:15 P. M. com.mongodb.diagnostics.logging.JULLogger log
INFO: Monitor thread successfully connected to server with description ServerDescription{address=localhost:27017, type=STANDALONE, state=CONNECTED, ok=true, version=ServerVersion{versionList=[8, 0, 3]}, minWireVersion=0, maxWireVersion=25, maxDocumentSize=16777216, logicalSessionTimeoutMinutes=30, roundTripTimeNanos=166100}
nov 09, 2024 11:29:15 P. M. com.mongodb.diagnostics.logging.JULLogger log
INFO: Opened connection [connectionId{localValue:128}] to localhost:27017
nov 09, 2024 11:29:15 P. M. implementaciones.UsuarioDAO agregarEmpleado
INFO: Se ha insertado un documento en la colección 'usuarios'.
nov 09, 2024 11:29:15 P. M. com.mongodb.diagnostics.logging.JULLogger log
INFO: Closed connection [connectionId{localValue:128}] to localhost:27017 because the pool has been closed.
nov 09, 2024 11:29:15 P. M. conexion.Conexion cerrarConexion
INFO: Se ha cerrado la conexión con el servidor.
nov 09, 2024 11:29:15 P. M. com.mongodb.diagnostics.logging.JULLogger log
INFO: Cluster created with settings {hosts=[localhost:27017], mode=SINGLE, requiredClusterType=UNKNOWN, serverSelectionTimeout='30000 ms', maxWaitQueueSize=500}
nov 09, 2024 11:29:15 P. M. conexion.Conexion crearConexion
INFO: Se ha establecido la conexión con el servidor.
nov 09, 2024 11:29:15 P. M. com.mongodb.diagnostics.logging.JULLogger log
INFO: Cluster description not yet available. Waiting for 30000 ms before timing out
nov 09, 2024 11:29:15 P. M. com.mongodb.diagnostics.logging.JULLogger log
INFO: Opened connection [connectionId{localValue:129}] to localhost:27017
nov 09, 2024 11:29:15 P. M. com.mongodb.diagnostics.logging.JULLogger log
INFO: Monitor thread successfully connected to server with description ServerDescription{address=localhost:27017, type=STANDALONE, state=CONNECTED, ok=true, version=ServerVersion{versionList=[8, 0, 3]}, minWireVersion=0, maxWireVersion=25, maxDocumentSize=16777216, logicalSessionTimeoutMinutes=30, roundTripTimeNanos=235500}
nov 09, 2024 11:29:15 P. M. com.mongodb.diagnostics.logging.JULLogger log
INFO: Opened connection [connectionId{localValue:130}] to localhost:27017
nov 09, 2024 11:29:15 P. M. implementaciones.UsuarioDAO obtenerUsuarioCorreo
INFO: Se ha consultado la colección 'usuarios'.
nov 09, 2024 11:29:15 P. M. com.mongodb.diagnostics.logging.JULLogger log
INFO: Closed connection [connectionId{localValue:130}] to localhost:27017 because the pool has been closed.
nov 09, 2024 11:29:15 P. M. conexion.Conexion cerrarConexion
INFO: Se ha cerrado la conexión con el servidor.
nov 09, 2024 11:29:15 P. M. com.mongodb.diagnostics.logging.JULLogger log
INFO: Cluster created with settings {hosts=[localhost:27017], mode=SINGLE, requiredClusterType=UNKNOWN, serverSelectionTimeout='30000 ms', maxWaitQueueSize=500}
nov 09, 2024 11:29:15 P. M. conexion.Conexion crearConexion
INFO: Se ha establecido la conexión con el servidor.
nov 09, 2024 11:29:15 P. M. com.mongodb.diagnostics.logging.JULLogger log
INFO: Cluster description not yet available. Waiting for 30000 ms before timing out
nov 09, 2024 11:29:15 P. M. com.mongodb.diagnostics.logging.JULLogger log
INFO: Opened connection [connectionId{localValue:131}] to localhost:27017
nov 09, 2024 11:29:15 P. M. com.mongodb.diagnostics.logging.JULLogger log
INFO: Monitor thread successfully connected to server with description ServerDescription{address=localhost:27017, type=STANDALONE, state=CONNECTED, ok=true, version=ServerVersion{versionList=[8, 0, 3]}, minWireVersion=0, maxWireVersion=25, maxDocumentSize=16777216, logicalSessionTimeoutMinutes=30, roundTripTimeNanos=189700}
nov 09, 2024 11:29:15 P. M. com.mongodb.diagnostics.logging.JULLogger log
INFO: Opened connection [connectionId{localValue:132}] to localhost:27017
nov 09, 2024 11:29:15 P. M. implementaciones.UsuarioDAO borrarUsuarios
INFO: Se han eliminado 1 registros de la colección 'usuarios'.
nov 09, 2024 11:29:15 P. M. com.mongodb.diagnostics.logging.JULLogger log
INFO: Closed connection [connectionId{localValue:132}] to localhost:27017 because the pool has been closed.
nov 09, 2024 11:29:15 P. M. conexion.Conexion cerrarConexion
INFO: Se ha cerrado la conexión con el servidor.
]]></system-err>
  </testcase>
  <testcase name="obtenerUsuarioCorreoContra_ContraInexistente_ReturnSuccess" classname="implementaciones.UsuarioDAOTest" time="0.014">
    <system-err><![CDATA[nov 09, 2024 11:29:15 P. M. com.mongodb.diagnostics.logging.JULLogger log
INFO: Cluster created with settings {hosts=[localhost:27017], mode=SINGLE, requiredClusterType=UNKNOWN, serverSelectionTimeout='30000 ms', maxWaitQueueSize=500}
nov 09, 2024 11:29:15 P. M. conexion.Conexion crearConexion
INFO: Se ha establecido la conexión con el servidor.
nov 09, 2024 11:29:15 P. M. com.mongodb.diagnostics.logging.JULLogger log
INFO: Cluster description not yet available. Waiting for 30000 ms before timing out
nov 09, 2024 11:29:15 P. M. com.mongodb.diagnostics.logging.JULLogger log
INFO: Opened connection [connectionId{localValue:133}] to localhost:27017
nov 09, 2024 11:29:15 P. M. com.mongodb.diagnostics.logging.JULLogger log
INFO: Monitor thread successfully connected to server with description ServerDescription{address=localhost:27017, type=STANDALONE, state=CONNECTED, ok=true, version=ServerVersion{versionList=[8, 0, 3]}, minWireVersion=0, maxWireVersion=25, maxDocumentSize=16777216, logicalSessionTimeoutMinutes=30, roundTripTimeNanos=519300}
nov 09, 2024 11:29:15 P. M. com.mongodb.diagnostics.logging.JULLogger log
INFO: Opened connection [connectionId{localValue:134}] to localhost:27017
nov 09, 2024 11:29:15 P. M. implementaciones.UsuarioDAO obtenerUsuarioCorreoContra
INFO: Se ha consultado la colección 'usuarios'.
nov 09, 2024 11:29:15 P. M. com.mongodb.diagnostics.logging.JULLogger log
INFO: Closed connection [connectionId{localValue:134}] to localhost:27017 because the pool has been closed.
nov 09, 2024 11:29:15 P. M. conexion.Conexion cerrarConexion
INFO: Se ha cerrado la conexión con el servidor.
nov 09, 2024 11:29:15 P. M. com.mongodb.diagnostics.logging.JULLogger log
INFO: Cluster created with settings {hosts=[localhost:27017], mode=SINGLE, requiredClusterType=UNKNOWN, serverSelectionTimeout='30000 ms', maxWaitQueueSize=500}
nov 09, 2024 11:29:15 P. M. conexion.Conexion crearConexion
INFO: Se ha establecido la conexión con el servidor.
nov 09, 2024 11:29:15 P. M. com.mongodb.diagnostics.logging.JULLogger log
INFO: Cluster description not yet available. Waiting for 30000 ms before timing out
nov 09, 2024 11:29:15 P. M. com.mongodb.diagnostics.logging.JULLogger log
INFO: Opened connection [connectionId{localValue:135}] to localhost:27017
nov 09, 2024 11:29:15 P. M. com.mongodb.diagnostics.logging.JULLogger log
INFO: Monitor thread successfully connected to server with description ServerDescription{address=localhost:27017, type=STANDALONE, state=CONNECTED, ok=true, version=ServerVersion{versionList=[8, 0, 3]}, minWireVersion=0, maxWireVersion=25, maxDocumentSize=16777216, logicalSessionTimeoutMinutes=30, roundTripTimeNanos=179700}
nov 09, 2024 11:29:15 P. M. com.mongodb.diagnostics.logging.JULLogger log
INFO: Opened connection [connectionId{localValue:136}] to localhost:27017
nov 09, 2024 11:29:15 P. M. implementaciones.UsuarioDAO borrarUsuarios
INFO: Se han eliminado 0 registros de la colección 'usuarios'.
nov 09, 2024 11:29:15 P. M. com.mongodb.diagnostics.logging.JULLogger log
INFO: Closed connection [connectionId{localValue:136}] to localhost:27017 because the pool has been closed.
nov 09, 2024 11:29:15 P. M. conexion.Conexion cerrarConexion
INFO: Se ha cerrado la conexión con el servidor.
]]></system-err>
  </testcase>
  <testcase name="agregarEmpleado_EmpleadoRecursosHumanos_ReturnSuccess" classname="implementaciones.UsuarioDAOTest" time="0.035">
    <system-err><![CDATA[nov 09, 2024 11:29:15 P. M. com.mongodb.diagnostics.logging.JULLogger log
INFO: Cluster created with settings {hosts=[localhost:27017], mode=SINGLE, requiredClusterType=UNKNOWN, serverSelectionTimeout='30000 ms', maxWaitQueueSize=500}
nov 09, 2024 11:29:15 P. M. conexion.Conexion crearConexion
INFO: Se ha establecido la conexión con el servidor.
nov 09, 2024 11:29:15 P. M. com.mongodb.diagnostics.logging.JULLogger log
INFO: Cluster description not yet available. Waiting for 30000 ms before timing out
nov 09, 2024 11:29:15 P. M. com.mongodb.diagnostics.logging.JULLogger log
INFO: Opened connection [connectionId{localValue:137}] to localhost:27017
nov 09, 2024 11:29:15 P. M. com.mongodb.diagnostics.logging.JULLogger log
INFO: Monitor thread successfully connected to server with description ServerDescription{address=localhost:27017, type=STANDALONE, state=CONNECTED, ok=true, version=ServerVersion{versionList=[8, 0, 3]}, minWireVersion=0, maxWireVersion=25, maxDocumentSize=16777216, logicalSessionTimeoutMinutes=30, roundTripTimeNanos=219900}
nov 09, 2024 11:29:15 P. M. com.mongodb.diagnostics.logging.JULLogger log
INFO: Opened connection [connectionId{localValue:138}] to localhost:27017
nov 09, 2024 11:29:15 P. M. implementaciones.UsuarioDAO obtenerUsuarioCorreo
INFO: Se ha consultado la colección 'usuarios'.
nov 09, 2024 11:29:15 P. M. com.mongodb.diagnostics.logging.JULLogger log
INFO: Closed connection [connectionId{localValue:138}] to localhost:27017 because the pool has been closed.
nov 09, 2024 11:29:15 P. M. conexion.Conexion cerrarConexion
INFO: Se ha cerrado la conexión con el servidor.
nov 09, 2024 11:29:15 P. M. com.mongodb.diagnostics.logging.JULLogger log
INFO: Cluster created with settings {hosts=[localhost:27017], mode=SINGLE, requiredClusterType=UNKNOWN, serverSelectionTimeout='30000 ms', maxWaitQueueSize=500}
nov 09, 2024 11:29:15 P. M. conexion.Conexion crearConexion
INFO: Se ha establecido la conexión con el servidor.
nov 09, 2024 11:29:15 P. M. com.mongodb.diagnostics.logging.JULLogger log
INFO: Cluster description not yet available. Waiting for 30000 ms before timing out
nov 09, 2024 11:29:15 P. M. com.mongodb.diagnostics.logging.JULLogger log
INFO: Opened connection [connectionId{localValue:139}] to localhost:27017
nov 09, 2024 11:29:15 P. M. com.mongodb.diagnostics.logging.JULLogger log
INFO: Monitor thread successfully connected to server with description ServerDescription{address=localhost:27017, type=STANDALONE, state=CONNECTED, ok=true, version=ServerVersion{versionList=[8, 0, 3]}, minWireVersion=0, maxWireVersion=25, maxDocumentSize=16777216, logicalSessionTimeoutMinutes=30, roundTripTimeNanos=186100}
nov 09, 2024 11:29:15 P. M. com.mongodb.diagnostics.logging.JULLogger log
INFO: Opened connection [connectionId{localValue:140}] to localhost:27017
nov 09, 2024 11:29:15 P. M. implementaciones.UsuarioDAO obtenerEmpleadoCurp
INFO: Se ha consultado la colección 'usuarios'.
nov 09, 2024 11:29:15 P. M. com.mongodb.diagnostics.logging.JULLogger log
INFO: Closed connection [connectionId{localValue:140}] to localhost:27017 because the pool has been closed.
nov 09, 2024 11:29:15 P. M. conexion.Conexion cerrarConexion
INFO: Se ha cerrado la conexión con el servidor.
nov 09, 2024 11:29:15 P. M. com.mongodb.diagnostics.logging.JULLogger log
INFO: Cluster created with settings {hosts=[localhost:27017], mode=SINGLE, requiredClusterType=UNKNOWN, serverSelectionTimeout='30000 ms', maxWaitQueueSize=500}
nov 09, 2024 11:29:15 P. M. conexion.Conexion crearConexion
INFO: Se ha establecido la conexión con el servidor.
nov 09, 2024 11:29:15 P. M. com.mongodb.diagnostics.logging.JULLogger log
INFO: Cluster description not yet available. Waiting for 30000 ms before timing out
nov 09, 2024 11:29:15 P. M. com.mongodb.diagnostics.logging.JULLogger log
INFO: Opened connection [connectionId{localValue:141}] to localhost:27017
nov 09, 2024 11:29:15 P. M. com.mongodb.diagnostics.logging.JULLogger log
INFO: Monitor thread successfully connected to server with description ServerDescription{address=localhost:27017, type=STANDALONE, state=CONNECTED, ok=true, version=ServerVersion{versionList=[8, 0, 3]}, minWireVersion=0, maxWireVersion=25, maxDocumentSize=16777216, logicalSessionTimeoutMinutes=30, roundTripTimeNanos=134000}
nov 09, 2024 11:29:15 P. M. com.mongodb.diagnostics.logging.JULLogger log
INFO: Opened connection [connectionId{localValue:142}] to localhost:27017
nov 09, 2024 11:29:15 P. M. implementaciones.UsuarioDAO obtenerEmpleadoRfc
INFO: Se ha consultado la colección 'usuarios'.
nov 09, 2024 11:29:15 P. M. com.mongodb.diagnostics.logging.JULLogger log
INFO: Closed connection [connectionId{localValue:142}] to localhost:27017 because the pool has been closed.
nov 09, 2024 11:29:15 P. M. conexion.Conexion cerrarConexion
INFO: Se ha cerrado la conexión con el servidor.
nov 09, 2024 11:29:15 P. M. com.mongodb.diagnostics.logging.JULLogger log
INFO: Cluster created with settings {hosts=[localhost:27017], mode=SINGLE, requiredClusterType=UNKNOWN, serverSelectionTimeout='30000 ms', maxWaitQueueSize=500}
nov 09, 2024 11:29:15 P. M. conexion.Conexion crearConexion
INFO: Se ha establecido la conexión con el servidor.
nov 09, 2024 11:29:15 P. M. com.mongodb.diagnostics.logging.JULLogger log
INFO: Cluster description not yet available. Waiting for 30000 ms before timing out
nov 09, 2024 11:29:15 P. M. com.mongodb.diagnostics.logging.JULLogger log
INFO: Opened connection [connectionId{localValue:143}] to localhost:27017
nov 09, 2024 11:29:15 P. M. com.mongodb.diagnostics.logging.JULLogger log
INFO: Monitor thread successfully connected to server with description ServerDescription{address=localhost:27017, type=STANDALONE, state=CONNECTED, ok=true, version=ServerVersion{versionList=[8, 0, 3]}, minWireVersion=0, maxWireVersion=25, maxDocumentSize=16777216, logicalSessionTimeoutMinutes=30, roundTripTimeNanos=183500}
nov 09, 2024 11:29:15 P. M. com.mongodb.diagnostics.logging.JULLogger log
INFO: Opened connection [connectionId{localValue:144}] to localhost:27017
nov 09, 2024 11:29:15 P. M. implementaciones.UsuarioDAO agregarEmpleado
INFO: Se ha insertado un documento en la colección 'usuarios'.
nov 09, 2024 11:29:15 P. M. com.mongodb.diagnostics.logging.JULLogger log
INFO: Closed connection [connectionId{localValue:144}] to localhost:27017 because the pool has been closed.
nov 09, 2024 11:29:15 P. M. conexion.Conexion cerrarConexion
INFO: Se ha cerrado la conexión con el servidor.
nov 09, 2024 11:29:15 P. M. com.mongodb.diagnostics.logging.JULLogger log
INFO: Cluster created with settings {hosts=[localhost:27017], mode=SINGLE, requiredClusterType=UNKNOWN, serverSelectionTimeout='30000 ms', maxWaitQueueSize=500}
nov 09, 2024 11:29:15 P. M. conexion.Conexion crearConexion
INFO: Se ha establecido la conexión con el servidor.
nov 09, 2024 11:29:15 P. M. com.mongodb.diagnostics.logging.JULLogger log
INFO: Cluster description not yet available. Waiting for 30000 ms before timing out
nov 09, 2024 11:29:15 P. M. com.mongodb.diagnostics.logging.JULLogger log
INFO: Opened connection [connectionId{localValue:145}] to localhost:27017
nov 09, 2024 11:29:15 P. M. com.mongodb.diagnostics.logging.JULLogger log
INFO: Monitor thread successfully connected to server with description ServerDescription{address=localhost:27017, type=STANDALONE, state=CONNECTED, ok=true, version=ServerVersion{versionList=[8, 0, 3]}, minWireVersion=0, maxWireVersion=25, maxDocumentSize=16777216, logicalSessionTimeoutMinutes=30, roundTripTimeNanos=159700}
nov 09, 2024 11:29:15 P. M. com.mongodb.diagnostics.logging.JULLogger log
INFO: Opened connection [connectionId{localValue:146}] to localhost:27017
nov 09, 2024 11:29:15 P. M. implementaciones.UsuarioDAO obtenerUsuarioCorreo
INFO: Se ha consultado la colección 'usuarios'.
nov 09, 2024 11:29:15 P. M. com.mongodb.diagnostics.logging.JULLogger log
INFO: Closed connection [connectionId{localValue:146}] to localhost:27017 because the pool has been closed.
nov 09, 2024 11:29:15 P. M. conexion.Conexion cerrarConexion
INFO: Se ha cerrado la conexión con el servidor.
nov 09, 2024 11:29:15 P. M. com.mongodb.diagnostics.logging.JULLogger log
INFO: Cluster created with settings {hosts=[localhost:27017], mode=SINGLE, requiredClusterType=UNKNOWN, serverSelectionTimeout='30000 ms', maxWaitQueueSize=500}
nov 09, 2024 11:29:15 P. M. conexion.Conexion crearConexion
INFO: Se ha establecido la conexión con el servidor.
nov 09, 2024 11:29:15 P. M. com.mongodb.diagnostics.logging.JULLogger log
INFO: Cluster description not yet available. Waiting for 30000 ms before timing out
nov 09, 2024 11:29:15 P. M. com.mongodb.diagnostics.logging.JULLogger log
INFO: Opened connection [connectionId{localValue:147}] to localhost:27017
nov 09, 2024 11:29:15 P. M. com.mongodb.diagnostics.logging.JULLogger log
INFO: Monitor thread successfully connected to server with description ServerDescription{address=localhost:27017, type=STANDALONE, state=CONNECTED, ok=true, version=ServerVersion{versionList=[8, 0, 3]}, minWireVersion=0, maxWireVersion=25, maxDocumentSize=16777216, logicalSessionTimeoutMinutes=30, roundTripTimeNanos=148600}
nov 09, 2024 11:29:15 P. M. com.mongodb.diagnostics.logging.JULLogger log
INFO: Opened connection [connectionId{localValue:148}] to localhost:27017
nov 09, 2024 11:29:15 P. M. implementaciones.UsuarioDAO borrarUsuarios
INFO: Se han eliminado 1 registros de la colección 'usuarios'.
nov 09, 2024 11:29:15 P. M. com.mongodb.diagnostics.logging.JULLogger log
INFO: Closed connection [connectionId{localValue:148}] to localhost:27017 because the pool has been closed.
nov 09, 2024 11:29:15 P. M. conexion.Conexion cerrarConexion
INFO: Se ha cerrado la conexión con el servidor.
]]></system-err>
  </testcase>
  <testcase name="agregarCliente_ClienteCorreoDuplicado_ReturnFail" classname="implementaciones.UsuarioDAOTest" time="0.031">
    <error message="Ya existe un usuario con ese correo." type="java.lang.Exception"><![CDATA[java.lang.Exception: Ya existe un usuario con ese correo.
	at implementaciones.UsuarioDAOTest.agregarCliente_ClienteCorreoDuplicado_ReturnFail(UsuarioDAOTest.java:76)
	at java.base/java.lang.reflect.Method.invoke(Method.java:580)
	at java.base/java.util.ArrayList.forEach(ArrayList.java:1596)
	at java.base/java.util.ArrayList.forEach(ArrayList.java:1596)
]]></error>
    <system-err><![CDATA[nov 09, 2024 11:29:15 P. M. com.mongodb.diagnostics.logging.JULLogger log
INFO: Cluster created with settings {hosts=[localhost:27017], mode=SINGLE, requiredClusterType=UNKNOWN, serverSelectionTimeout='30000 ms', maxWaitQueueSize=500}
nov 09, 2024 11:29:15 P. M. conexion.Conexion crearConexion
INFO: Se ha establecido la conexión con el servidor.
nov 09, 2024 11:29:15 P. M. com.mongodb.diagnostics.logging.JULLogger log
INFO: Cluster description not yet available. Waiting for 30000 ms before timing out
nov 09, 2024 11:29:15 P. M. com.mongodb.diagnostics.logging.JULLogger log
INFO: Opened connection [connectionId{localValue:149}] to localhost:27017
nov 09, 2024 11:29:15 P. M. com.mongodb.diagnostics.logging.JULLogger log
INFO: Monitor thread successfully connected to server with description ServerDescription{address=localhost:27017, type=STANDALONE, state=CONNECTED, ok=true, version=ServerVersion{versionList=[8, 0, 3]}, minWireVersion=0, maxWireVersion=25, maxDocumentSize=16777216, logicalSessionTimeoutMinutes=30, roundTripTimeNanos=322200}
nov 09, 2024 11:29:15 P. M. com.mongodb.diagnostics.logging.JULLogger log
INFO: Opened connection [connectionId{localValue:150}] to localhost:27017
nov 09, 2024 11:29:15 P. M. implementaciones.UsuarioDAO obtenerUsuarioCorreo
INFO: Se ha consultado la colección 'usuarios'.
nov 09, 2024 11:29:15 P. M. com.mongodb.diagnostics.logging.JULLogger log
INFO: Closed connection [connectionId{localValue:150}] to localhost:27017 because the pool has been closed.
nov 09, 2024 11:29:15 P. M. conexion.Conexion cerrarConexion
INFO: Se ha cerrado la conexión con el servidor.
nov 09, 2024 11:29:15 P. M. com.mongodb.diagnostics.logging.JULLogger log
INFO: Cluster created with settings {hosts=[localhost:27017], mode=SINGLE, requiredClusterType=UNKNOWN, serverSelectionTimeout='30000 ms', maxWaitQueueSize=500}
nov 09, 2024 11:29:15 P. M. conexion.Conexion crearConexion
INFO: Se ha establecido la conexión con el servidor.
nov 09, 2024 11:29:15 P. M. com.mongodb.diagnostics.logging.JULLogger log
INFO: Cluster description not yet available. Waiting for 30000 ms before timing out
nov 09, 2024 11:29:15 P. M. com.mongodb.diagnostics.logging.JULLogger log
INFO: Opened connection [connectionId{localValue:151}] to localhost:27017
nov 09, 2024 11:29:15 P. M. com.mongodb.diagnostics.logging.JULLogger log
INFO: Monitor thread successfully connected to server with description ServerDescription{address=localhost:27017, type=STANDALONE, state=CONNECTED, ok=true, version=ServerVersion{versionList=[8, 0, 3]}, minWireVersion=0, maxWireVersion=25, maxDocumentSize=16777216, logicalSessionTimeoutMinutes=30, roundTripTimeNanos=166700}
nov 09, 2024 11:29:15 P. M. com.mongodb.diagnostics.logging.JULLogger log
INFO: Opened connection [connectionId{localValue:152}] to localhost:27017
nov 09, 2024 11:29:15 P. M. implementaciones.UsuarioDAO agregarCliente
INFO: Se ha insertado un documento en la colección 'usuarios'.
nov 09, 2024 11:29:15 P. M. com.mongodb.diagnostics.logging.JULLogger log
INFO: Closed connection [connectionId{localValue:152}] to localhost:27017 because the pool has been closed.
nov 09, 2024 11:29:15 P. M. conexion.Conexion cerrarConexion
INFO: Se ha cerrado la conexión con el servidor.
nov 09, 2024 11:29:15 P. M. com.mongodb.diagnostics.logging.JULLogger log
INFO: Cluster created with settings {hosts=[localhost:27017], mode=SINGLE, requiredClusterType=UNKNOWN, serverSelectionTimeout='30000 ms', maxWaitQueueSize=500}
nov 09, 2024 11:29:15 P. M. conexion.Conexion crearConexion
INFO: Se ha establecido la conexión con el servidor.
nov 09, 2024 11:29:15 P. M. com.mongodb.diagnostics.logging.JULLogger log
INFO: Cluster description not yet available. Waiting for 30000 ms before timing out
nov 09, 2024 11:29:15 P. M. com.mongodb.diagnostics.logging.JULLogger log
INFO: Opened connection [connectionId{localValue:153}] to localhost:27017
nov 09, 2024 11:29:15 P. M. com.mongodb.diagnostics.logging.JULLogger log
INFO: Monitor thread successfully connected to server with description ServerDescription{address=localhost:27017, type=STANDALONE, state=CONNECTED, ok=true, version=ServerVersion{versionList=[8, 0, 3]}, minWireVersion=0, maxWireVersion=25, maxDocumentSize=16777216, logicalSessionTimeoutMinutes=30, roundTripTimeNanos=168700}
nov 09, 2024 11:29:15 P. M. com.mongodb.diagnostics.logging.JULLogger log
INFO: Opened connection [connectionId{localValue:154}] to localhost:27017
nov 09, 2024 11:29:15 P. M. implementaciones.UsuarioDAO obtenerUsuarioCorreo
INFO: Se ha consultado la colección 'usuarios'.
nov 09, 2024 11:29:15 P. M. com.mongodb.diagnostics.logging.JULLogger log
INFO: Closed connection [connectionId{localValue:154}] to localhost:27017 because the pool has been closed.
nov 09, 2024 11:29:15 P. M. conexion.Conexion cerrarConexion
INFO: Se ha cerrado la conexión con el servidor.
nov 09, 2024 11:29:15 P. M. com.mongodb.diagnostics.logging.JULLogger log
INFO: Cluster created with settings {hosts=[localhost:27017], mode=SINGLE, requiredClusterType=UNKNOWN, serverSelectionTimeout='30000 ms', maxWaitQueueSize=500}
nov 09, 2024 11:29:15 P. M. conexion.Conexion crearConexion
INFO: Se ha establecido la conexión con el servidor.
nov 09, 2024 11:29:15 P. M. com.mongodb.diagnostics.logging.JULLogger log
INFO: Cluster description not yet available. Waiting for 30000 ms before timing out
nov 09, 2024 11:29:15 P. M. com.mongodb.diagnostics.logging.JULLogger log
INFO: Opened connection [connectionId{localValue:155}] to localhost:27017
nov 09, 2024 11:29:15 P. M. com.mongodb.diagnostics.logging.JULLogger log
INFO: Monitor thread successfully connected to server with description ServerDescription{address=localhost:27017, type=STANDALONE, state=CONNECTED, ok=true, version=ServerVersion{versionList=[8, 0, 3]}, minWireVersion=0, maxWireVersion=25, maxDocumentSize=16777216, logicalSessionTimeoutMinutes=30, roundTripTimeNanos=278400}
nov 09, 2024 11:29:15 P. M. com.mongodb.diagnostics.logging.JULLogger log
INFO: Opened connection [connectionId{localValue:156}] to localhost:27017
nov 09, 2024 11:29:15 P. M. implementaciones.UsuarioDAO obtenerUsuarioCorreo
INFO: Se ha consultado la colección 'usuarios'.
nov 09, 2024 11:29:15 P. M. com.mongodb.diagnostics.logging.JULLogger log
INFO: Closed connection [connectionId{localValue:156}] to localhost:27017 because the pool has been closed.
nov 09, 2024 11:29:15 P. M. conexion.Conexion cerrarConexion
INFO: Se ha cerrado la conexión con el servidor.
nov 09, 2024 11:29:15 P. M. com.mongodb.diagnostics.logging.JULLogger log
INFO: Cluster created with settings {hosts=[localhost:27017], mode=SINGLE, requiredClusterType=UNKNOWN, serverSelectionTimeout='30000 ms', maxWaitQueueSize=500}
nov 09, 2024 11:29:15 P. M. conexion.Conexion crearConexion
INFO: Se ha establecido la conexión con el servidor.
nov 09, 2024 11:29:15 P. M. com.mongodb.diagnostics.logging.JULLogger log
INFO: Cluster description not yet available. Waiting for 30000 ms before timing out
nov 09, 2024 11:29:15 P. M. com.mongodb.diagnostics.logging.JULLogger log
INFO: Opened connection [connectionId{localValue:157}] to localhost:27017
nov 09, 2024 11:29:15 P. M. com.mongodb.diagnostics.logging.JULLogger log
INFO: Monitor thread successfully connected to server with description ServerDescription{address=localhost:27017, type=STANDALONE, state=CONNECTED, ok=true, version=ServerVersion{versionList=[8, 0, 3]}, minWireVersion=0, maxWireVersion=25, maxDocumentSize=16777216, logicalSessionTimeoutMinutes=30, roundTripTimeNanos=155400}
nov 09, 2024 11:29:15 P. M. com.mongodb.diagnostics.logging.JULLogger log
INFO: Opened connection [connectionId{localValue:158}] to localhost:27017
nov 09, 2024 11:29:15 P. M. implementaciones.UsuarioDAO borrarUsuarios
INFO: Se han eliminado 1 registros de la colección 'usuarios'.
nov 09, 2024 11:29:15 P. M. com.mongodb.diagnostics.logging.JULLogger log
INFO: Closed connection [connectionId{localValue:158}] to localhost:27017 because the pool has been closed.
nov 09, 2024 11:29:15 P. M. conexion.Conexion cerrarConexion
INFO: Se ha cerrado la conexión con el servidor.
]]></system-err>
  </testcase>
  <testcase name="obtenerEmpleadoCurp_CurpExistente_ReturnSuccess" classname="implementaciones.UsuarioDAOTest" time="0.045">
    <system-err><![CDATA[nov 09, 2024 11:29:15 P. M. com.mongodb.diagnostics.logging.JULLogger log
INFO: Cluster created with settings {hosts=[localhost:27017], mode=SINGLE, requiredClusterType=UNKNOWN, serverSelectionTimeout='30000 ms', maxWaitQueueSize=500}
nov 09, 2024 11:29:15 P. M. conexion.Conexion crearConexion
INFO: Se ha establecido la conexión con el servidor.
nov 09, 2024 11:29:15 P. M. com.mongodb.diagnostics.logging.JULLogger log
INFO: Cluster description not yet available. Waiting for 30000 ms before timing out
nov 09, 2024 11:29:15 P. M. com.mongodb.diagnostics.logging.JULLogger log
INFO: Opened connection [connectionId{localValue:159}] to localhost:27017
nov 09, 2024 11:29:15 P. M. com.mongodb.diagnostics.logging.JULLogger log
INFO: Monitor thread successfully connected to server with description ServerDescription{address=localhost:27017, type=STANDALONE, state=CONNECTED, ok=true, version=ServerVersion{versionList=[8, 0, 3]}, minWireVersion=0, maxWireVersion=25, maxDocumentSize=16777216, logicalSessionTimeoutMinutes=30, roundTripTimeNanos=196900}
nov 09, 2024 11:29:15 P. M. com.mongodb.diagnostics.logging.JULLogger log
INFO: Opened connection [connectionId{localValue:160}] to localhost:27017
nov 09, 2024 11:29:15 P. M. implementaciones.UsuarioDAO obtenerUsuarioCorreo
INFO: Se ha consultado la colección 'usuarios'.
nov 09, 2024 11:29:15 P. M. com.mongodb.diagnostics.logging.JULLogger log
INFO: Closed connection [connectionId{localValue:160}] to localhost:27017 because the pool has been closed.
nov 09, 2024 11:29:15 P. M. conexion.Conexion cerrarConexion
INFO: Se ha cerrado la conexión con el servidor.
nov 09, 2024 11:29:15 P. M. com.mongodb.diagnostics.logging.JULLogger log
INFO: Cluster created with settings {hosts=[localhost:27017], mode=SINGLE, requiredClusterType=UNKNOWN, serverSelectionTimeout='30000 ms', maxWaitQueueSize=500}
nov 09, 2024 11:29:15 P. M. conexion.Conexion crearConexion
INFO: Se ha establecido la conexión con el servidor.
nov 09, 2024 11:29:15 P. M. com.mongodb.diagnostics.logging.JULLogger log
INFO: Cluster description not yet available. Waiting for 30000 ms before timing out
nov 09, 2024 11:29:15 P. M. com.mongodb.diagnostics.logging.JULLogger log
INFO: Opened connection [connectionId{localValue:161}] to localhost:27017
nov 09, 2024 11:29:15 P. M. com.mongodb.diagnostics.logging.JULLogger log
INFO: Monitor thread successfully connected to server with description ServerDescription{address=localhost:27017, type=STANDALONE, state=CONNECTED, ok=true, version=ServerVersion{versionList=[8, 0, 3]}, minWireVersion=0, maxWireVersion=25, maxDocumentSize=16777216, logicalSessionTimeoutMinutes=30, roundTripTimeNanos=168200}
nov 09, 2024 11:29:15 P. M. com.mongodb.diagnostics.logging.JULLogger log
INFO: Opened connection [connectionId{localValue:162}] to localhost:27017
nov 09, 2024 11:29:15 P. M. implementaciones.UsuarioDAO obtenerEmpleadoCurp
INFO: Se ha consultado la colección 'usuarios'.
nov 09, 2024 11:29:15 P. M. com.mongodb.diagnostics.logging.JULLogger log
INFO: Closed connection [connectionId{localValue:162}] to localhost:27017 because the pool has been closed.
nov 09, 2024 11:29:15 P. M. conexion.Conexion cerrarConexion
INFO: Se ha cerrado la conexión con el servidor.
nov 09, 2024 11:29:15 P. M. com.mongodb.diagnostics.logging.JULLogger log
INFO: Cluster created with settings {hosts=[localhost:27017], mode=SINGLE, requiredClusterType=UNKNOWN, serverSelectionTimeout='30000 ms', maxWaitQueueSize=500}
nov 09, 2024 11:29:15 P. M. conexion.Conexion crearConexion
INFO: Se ha establecido la conexión con el servidor.
nov 09, 2024 11:29:15 P. M. com.mongodb.diagnostics.logging.JULLogger log
INFO: Cluster description not yet available. Waiting for 30000 ms before timing out
nov 09, 2024 11:29:15 P. M. com.mongodb.diagnostics.logging.JULLogger log
INFO: Opened connection [connectionId{localValue:163}] to localhost:27017
nov 09, 2024 11:29:15 P. M. com.mongodb.diagnostics.logging.JULLogger log
INFO: Monitor thread successfully connected to server with description ServerDescription{address=localhost:27017, type=STANDALONE, state=CONNECTED, ok=true, version=ServerVersion{versionList=[8, 0, 3]}, minWireVersion=0, maxWireVersion=25, maxDocumentSize=16777216, logicalSessionTimeoutMinutes=30, roundTripTimeNanos=170500}
nov 09, 2024 11:29:16 P. M. com.mongodb.diagnostics.logging.JULLogger log
INFO: Opened connection [connectionId{localValue:164}] to localhost:27017
nov 09, 2024 11:29:16 P. M. implementaciones.UsuarioDAO obtenerEmpleadoRfc
INFO: Se ha consultado la colección 'usuarios'.
nov 09, 2024 11:29:16 P. M. com.mongodb.diagnostics.logging.JULLogger log
INFO: Closed connection [connectionId{localValue:164}] to localhost:27017 because the pool has been closed.
nov 09, 2024 11:29:16 P. M. conexion.Conexion cerrarConexion
INFO: Se ha cerrado la conexión con el servidor.
nov 09, 2024 11:29:16 P. M. com.mongodb.diagnostics.logging.JULLogger log
INFO: Cluster created with settings {hosts=[localhost:27017], mode=SINGLE, requiredClusterType=UNKNOWN, serverSelectionTimeout='30000 ms', maxWaitQueueSize=500}
nov 09, 2024 11:29:16 P. M. conexion.Conexion crearConexion
INFO: Se ha establecido la conexión con el servidor.
nov 09, 2024 11:29:16 P. M. com.mongodb.diagnostics.logging.JULLogger log
INFO: Cluster description not yet available. Waiting for 30000 ms before timing out
nov 09, 2024 11:29:16 P. M. com.mongodb.diagnostics.logging.JULLogger log
INFO: Opened connection [connectionId{localValue:165}] to localhost:27017
nov 09, 2024 11:29:16 P. M. com.mongodb.diagnostics.logging.JULLogger log
INFO: Monitor thread successfully connected to server with description ServerDescription{address=localhost:27017, type=STANDALONE, state=CONNECTED, ok=true, version=ServerVersion{versionList=[8, 0, 3]}, minWireVersion=0, maxWireVersion=25, maxDocumentSize=16777216, logicalSessionTimeoutMinutes=30, roundTripTimeNanos=171500}
nov 09, 2024 11:29:16 P. M. com.mongodb.diagnostics.logging.JULLogger log
INFO: Opened connection [connectionId{localValue:166}] to localhost:27017
nov 09, 2024 11:29:16 P. M. implementaciones.UsuarioDAO agregarEmpleado
INFO: Se ha insertado un documento en la colección 'usuarios'.
nov 09, 2024 11:29:16 P. M. com.mongodb.diagnostics.logging.JULLogger log
INFO: Closed connection [connectionId{localValue:166}] to localhost:27017 because the pool has been closed.
nov 09, 2024 11:29:16 P. M. conexion.Conexion cerrarConexion
INFO: Se ha cerrado la conexión con el servidor.
nov 09, 2024 11:29:16 P. M. com.mongodb.diagnostics.logging.JULLogger log
INFO: Cluster created with settings {hosts=[localhost:27017], mode=SINGLE, requiredClusterType=UNKNOWN, serverSelectionTimeout='30000 ms', maxWaitQueueSize=500}
nov 09, 2024 11:29:16 P. M. conexion.Conexion crearConexion
INFO: Se ha establecido la conexión con el servidor.
nov 09, 2024 11:29:16 P. M. com.mongodb.diagnostics.logging.JULLogger log
INFO: Cluster description not yet available. Waiting for 30000 ms before timing out
nov 09, 2024 11:29:16 P. M. com.mongodb.diagnostics.logging.JULLogger log
INFO: Opened connection [connectionId{localValue:167}] to localhost:27017
nov 09, 2024 11:29:16 P. M. com.mongodb.diagnostics.logging.JULLogger log
INFO: Monitor thread successfully connected to server with description ServerDescription{address=localhost:27017, type=STANDALONE, state=CONNECTED, ok=true, version=ServerVersion{versionList=[8, 0, 3]}, minWireVersion=0, maxWireVersion=25, maxDocumentSize=16777216, logicalSessionTimeoutMinutes=30, roundTripTimeNanos=221000}
nov 09, 2024 11:29:16 P. M. com.mongodb.diagnostics.logging.JULLogger log
INFO: Opened connection [connectionId{localValue:168}] to localhost:27017
nov 09, 2024 11:29:16 P. M. implementaciones.UsuarioDAO obtenerUsuarioCorreo
INFO: Se ha consultado la colección 'usuarios'.
nov 09, 2024 11:29:16 P. M. com.mongodb.diagnostics.logging.JULLogger log
INFO: Closed connection [connectionId{localValue:168}] to localhost:27017 because the pool has been closed.
nov 09, 2024 11:29:16 P. M. conexion.Conexion cerrarConexion
INFO: Se ha cerrado la conexión con el servidor.
nov 09, 2024 11:29:16 P. M. com.mongodb.diagnostics.logging.JULLogger log
INFO: Cluster created with settings {hosts=[localhost:27017], mode=SINGLE, requiredClusterType=UNKNOWN, serverSelectionTimeout='30000 ms', maxWaitQueueSize=500}
nov 09, 2024 11:29:16 P. M. conexion.Conexion crearConexion
INFO: Se ha establecido la conexión con el servidor.
nov 09, 2024 11:29:16 P. M. com.mongodb.diagnostics.logging.JULLogger log
INFO: Cluster description not yet available. Waiting for 30000 ms before timing out
nov 09, 2024 11:29:16 P. M. com.mongodb.diagnostics.logging.JULLogger log
INFO: Opened connection [connectionId{localValue:169}] to localhost:27017
nov 09, 2024 11:29:16 P. M. com.mongodb.diagnostics.logging.JULLogger log
INFO: Monitor thread successfully connected to server with description ServerDescription{address=localhost:27017, type=STANDALONE, state=CONNECTED, ok=true, version=ServerVersion{versionList=[8, 0, 3]}, minWireVersion=0, maxWireVersion=25, maxDocumentSize=16777216, logicalSessionTimeoutMinutes=30, roundTripTimeNanos=223000}
nov 09, 2024 11:29:16 P. M. com.mongodb.diagnostics.logging.JULLogger log
INFO: Opened connection [connectionId{localValue:170}] to localhost:27017
nov 09, 2024 11:29:16 P. M. implementaciones.UsuarioDAO obtenerEmpleadoCurp
INFO: Se ha consultado la colección 'usuarios'.
nov 09, 2024 11:29:16 P. M. com.mongodb.diagnostics.logging.JULLogger log
INFO: Closed connection [connectionId{localValue:170}] to localhost:27017 because the pool has been closed.
nov 09, 2024 11:29:16 P. M. conexion.Conexion cerrarConexion
INFO: Se ha cerrado la conexión con el servidor.
nov 09, 2024 11:29:16 P. M. com.mongodb.diagnostics.logging.JULLogger log
INFO: Cluster created with settings {hosts=[localhost:27017], mode=SINGLE, requiredClusterType=UNKNOWN, serverSelectionTimeout='30000 ms', maxWaitQueueSize=500}
nov 09, 2024 11:29:16 P. M. conexion.Conexion crearConexion
INFO: Se ha establecido la conexión con el servidor.
nov 09, 2024 11:29:16 P. M. com.mongodb.diagnostics.logging.JULLogger log
INFO: Cluster description not yet available. Waiting for 30000 ms before timing out
nov 09, 2024 11:29:16 P. M. com.mongodb.diagnostics.logging.JULLogger log
INFO: Opened connection [connectionId{localValue:171}] to localhost:27017
nov 09, 2024 11:29:16 P. M. com.mongodb.diagnostics.logging.JULLogger log
INFO: Monitor thread successfully connected to server with description ServerDescription{address=localhost:27017, type=STANDALONE, state=CONNECTED, ok=true, version=ServerVersion{versionList=[8, 0, 3]}, minWireVersion=0, maxWireVersion=25, maxDocumentSize=16777216, logicalSessionTimeoutMinutes=30, roundTripTimeNanos=250200}
nov 09, 2024 11:29:16 P. M. com.mongodb.diagnostics.logging.JULLogger log
INFO: Opened connection [connectionId{localValue:172}] to localhost:27017
nov 09, 2024 11:29:16 P. M. implementaciones.UsuarioDAO borrarUsuarios
INFO: Se han eliminado 1 registros de la colección 'usuarios'.
nov 09, 2024 11:29:16 P. M. com.mongodb.diagnostics.logging.JULLogger log
INFO: Closed connection [connectionId{localValue:172}] to localhost:27017 because the pool has been closed.
nov 09, 2024 11:29:16 P. M. conexion.Conexion cerrarConexion
INFO: Se ha cerrado la conexión con el servidor.
]]></system-err>
  </testcase>
  <testcase name="obtenerUsuarioCorreoContra_ValoresExistentes_ReturnSuccess" classname="implementaciones.UsuarioDAOTest" time="0.035">
    <system-err><![CDATA[nov 09, 2024 11:29:16 P. M. com.mongodb.diagnostics.logging.JULLogger log
INFO: Cluster created with settings {hosts=[localhost:27017], mode=SINGLE, requiredClusterType=UNKNOWN, serverSelectionTimeout='30000 ms', maxWaitQueueSize=500}
nov 09, 2024 11:29:16 P. M. conexion.Conexion crearConexion
INFO: Se ha establecido la conexión con el servidor.
nov 09, 2024 11:29:16 P. M. com.mongodb.diagnostics.logging.JULLogger log
INFO: Cluster description not yet available. Waiting for 30000 ms before timing out
nov 09, 2024 11:29:16 P. M. com.mongodb.diagnostics.logging.JULLogger log
INFO: Opened connection [connectionId{localValue:173}] to localhost:27017
nov 09, 2024 11:29:16 P. M. com.mongodb.diagnostics.logging.JULLogger log
INFO: Monitor thread successfully connected to server with description ServerDescription{address=localhost:27017, type=STANDALONE, state=CONNECTED, ok=true, version=ServerVersion{versionList=[8, 0, 3]}, minWireVersion=0, maxWireVersion=25, maxDocumentSize=16777216, logicalSessionTimeoutMinutes=30, roundTripTimeNanos=281900}
nov 09, 2024 11:29:16 P. M. com.mongodb.diagnostics.logging.JULLogger log
INFO: Opened connection [connectionId{localValue:174}] to localhost:27017
nov 09, 2024 11:29:16 P. M. implementaciones.UsuarioDAO obtenerUsuarioCorreo
INFO: Se ha consultado la colección 'usuarios'.
nov 09, 2024 11:29:16 P. M. com.mongodb.diagnostics.logging.JULLogger log
INFO: Closed connection [connectionId{localValue:174}] to localhost:27017 because the pool has been closed.
nov 09, 2024 11:29:16 P. M. conexion.Conexion cerrarConexion
INFO: Se ha cerrado la conexión con el servidor.
nov 09, 2024 11:29:16 P. M. com.mongodb.diagnostics.logging.JULLogger log
INFO: Cluster created with settings {hosts=[localhost:27017], mode=SINGLE, requiredClusterType=UNKNOWN, serverSelectionTimeout='30000 ms', maxWaitQueueSize=500}
nov 09, 2024 11:29:16 P. M. conexion.Conexion crearConexion
INFO: Se ha establecido la conexión con el servidor.
nov 09, 2024 11:29:16 P. M. com.mongodb.diagnostics.logging.JULLogger log
INFO: Cluster description not yet available. Waiting for 30000 ms before timing out
nov 09, 2024 11:29:16 P. M. com.mongodb.diagnostics.logging.JULLogger log
INFO: Opened connection [connectionId{localValue:175}] to localhost:27017
nov 09, 2024 11:29:16 P. M. com.mongodb.diagnostics.logging.JULLogger log
INFO: Monitor thread successfully connected to server with description ServerDescription{address=localhost:27017, type=STANDALONE, state=CONNECTED, ok=true, version=ServerVersion{versionList=[8, 0, 3]}, minWireVersion=0, maxWireVersion=25, maxDocumentSize=16777216, logicalSessionTimeoutMinutes=30, roundTripTimeNanos=190600}
nov 09, 2024 11:29:16 P. M. com.mongodb.diagnostics.logging.JULLogger log
INFO: Opened connection [connectionId{localValue:176}] to localhost:27017
nov 09, 2024 11:29:16 P. M. implementaciones.UsuarioDAO agregarCliente
INFO: Se ha insertado un documento en la colección 'usuarios'.
nov 09, 2024 11:29:16 P. M. com.mongodb.diagnostics.logging.JULLogger log
INFO: Closed connection [connectionId{localValue:176}] to localhost:27017 because the pool has been closed.
nov 09, 2024 11:29:16 P. M. conexion.Conexion cerrarConexion
INFO: Se ha cerrado la conexión con el servidor.
nov 09, 2024 11:29:16 P. M. com.mongodb.diagnostics.logging.JULLogger log
INFO: Cluster created with settings {hosts=[localhost:27017], mode=SINGLE, requiredClusterType=UNKNOWN, serverSelectionTimeout='30000 ms', maxWaitQueueSize=500}
nov 09, 2024 11:29:16 P. M. conexion.Conexion crearConexion
INFO: Se ha establecido la conexión con el servidor.
nov 09, 2024 11:29:16 P. M. com.mongodb.diagnostics.logging.JULLogger log
INFO: Cluster description not yet available. Waiting for 30000 ms before timing out
nov 09, 2024 11:29:16 P. M. com.mongodb.diagnostics.logging.JULLogger log
INFO: Opened connection [connectionId{localValue:177}] to localhost:27017
nov 09, 2024 11:29:16 P. M. com.mongodb.diagnostics.logging.JULLogger log
INFO: Monitor thread successfully connected to server with description ServerDescription{address=localhost:27017, type=STANDALONE, state=CONNECTED, ok=true, version=ServerVersion{versionList=[8, 0, 3]}, minWireVersion=0, maxWireVersion=25, maxDocumentSize=16777216, logicalSessionTimeoutMinutes=30, roundTripTimeNanos=245900}
nov 09, 2024 11:29:16 P. M. com.mongodb.diagnostics.logging.JULLogger log
INFO: Opened connection [connectionId{localValue:178}] to localhost:27017
nov 09, 2024 11:29:16 P. M. implementaciones.UsuarioDAO obtenerUsuarioCorreo
INFO: Se ha consultado la colección 'usuarios'.
nov 09, 2024 11:29:16 P. M. com.mongodb.diagnostics.logging.JULLogger log
INFO: Closed connection [connectionId{localValue:178}] to localhost:27017 because the pool has been closed.
nov 09, 2024 11:29:16 P. M. conexion.Conexion cerrarConexion
INFO: Se ha cerrado la conexión con el servidor.
nov 09, 2024 11:29:16 P. M. com.mongodb.diagnostics.logging.JULLogger log
INFO: Cluster created with settings {hosts=[localhost:27017], mode=SINGLE, requiredClusterType=UNKNOWN, serverSelectionTimeout='30000 ms', maxWaitQueueSize=500}
nov 09, 2024 11:29:16 P. M. conexion.Conexion crearConexion
INFO: Se ha establecido la conexión con el servidor.
nov 09, 2024 11:29:16 P. M. com.mongodb.diagnostics.logging.JULLogger log
INFO: Cluster description not yet available. Waiting for 30000 ms before timing out
nov 09, 2024 11:29:16 P. M. com.mongodb.diagnostics.logging.JULLogger log
INFO: Opened connection [connectionId{localValue:179}] to localhost:27017
nov 09, 2024 11:29:16 P. M. com.mongodb.diagnostics.logging.JULLogger log
INFO: Monitor thread successfully connected to server with description ServerDescription{address=localhost:27017, type=STANDALONE, state=CONNECTED, ok=true, version=ServerVersion{versionList=[8, 0, 3]}, minWireVersion=0, maxWireVersion=25, maxDocumentSize=16777216, logicalSessionTimeoutMinutes=30, roundTripTimeNanos=148300}
nov 09, 2024 11:29:16 P. M. com.mongodb.diagnostics.logging.JULLogger log
INFO: Opened connection [connectionId{localValue:180}] to localhost:27017
nov 09, 2024 11:29:16 P. M. implementaciones.UsuarioDAO obtenerUsuarioCorreoContra
INFO: Se ha consultado la colección 'usuarios'.
nov 09, 2024 11:29:16 P. M. com.mongodb.diagnostics.logging.JULLogger log
INFO: Closed connection [connectionId{localValue:180}] to localhost:27017 because the pool has been closed.
nov 09, 2024 11:29:16 P. M. conexion.Conexion cerrarConexion
INFO: Se ha cerrado la conexión con el servidor.
nov 09, 2024 11:29:16 P. M. com.mongodb.diagnostics.logging.JULLogger log
INFO: Cluster created with settings {hosts=[localhost:27017], mode=SINGLE, requiredClusterType=UNKNOWN, serverSelectionTimeout='30000 ms', maxWaitQueueSize=500}
nov 09, 2024 11:29:16 P. M. conexion.Conexion crearConexion
INFO: Se ha establecido la conexión con el servidor.
nov 09, 2024 11:29:16 P. M. com.mongodb.diagnostics.logging.JULLogger log
INFO: Cluster description not yet available. Waiting for 30000 ms before timing out
nov 09, 2024 11:29:16 P. M. com.mongodb.diagnostics.logging.JULLogger log
INFO: Opened connection [connectionId{localValue:181}] to localhost:27017
nov 09, 2024 11:29:16 P. M. com.mongodb.diagnostics.logging.JULLogger log
INFO: Monitor thread successfully connected to server with description ServerDescription{address=localhost:27017, type=STANDALONE, state=CONNECTED, ok=true, version=ServerVersion{versionList=[8, 0, 3]}, minWireVersion=0, maxWireVersion=25, maxDocumentSize=16777216, logicalSessionTimeoutMinutes=30, roundTripTimeNanos=349500}
nov 09, 2024 11:29:16 P. M. com.mongodb.diagnostics.logging.JULLogger log
INFO: Opened connection [connectionId{localValue:182}] to localhost:27017
nov 09, 2024 11:29:16 P. M. implementaciones.UsuarioDAO borrarUsuarios
INFO: Se han eliminado 1 registros de la colección 'usuarios'.
nov 09, 2024 11:29:16 P. M. com.mongodb.diagnostics.logging.JULLogger log
INFO: Closed connection [connectionId{localValue:182}] to localhost:27017 because the pool has been closed.
nov 09, 2024 11:29:16 P. M. conexion.Conexion cerrarConexion
INFO: Se ha cerrado la conexión con el servidor.
]]></system-err>
  </testcase>
  <testcase name="agregarEmpleado_EmpleadoCurpExistente_ReturnFail" classname="implementaciones.UsuarioDAOTest" time="0.047">
    <error message="Ya existe un empleado con esa CURP." type="java.lang.Exception"><![CDATA[java.lang.Exception: Ya existe un empleado con esa CURP.
	at implementaciones.UsuarioDAOTest.agregarEmpleado_EmpleadoCurpExistente_ReturnFail(UsuarioDAOTest.java:318)
	at java.base/java.lang.reflect.Method.invoke(Method.java:580)
	at java.base/java.util.ArrayList.forEach(ArrayList.java:1596)
	at java.base/java.util.ArrayList.forEach(ArrayList.java:1596)
]]></error>
    <system-err><![CDATA[nov 09, 2024 11:29:16 P. M. com.mongodb.diagnostics.logging.JULLogger log
INFO: Cluster created with settings {hosts=[localhost:27017], mode=SINGLE, requiredClusterType=UNKNOWN, serverSelectionTimeout='30000 ms', maxWaitQueueSize=500}
nov 09, 2024 11:29:16 P. M. conexion.Conexion crearConexion
INFO: Se ha establecido la conexión con el servidor.
nov 09, 2024 11:29:16 P. M. com.mongodb.diagnostics.logging.JULLogger log
INFO: Cluster description not yet available. Waiting for 30000 ms before timing out
nov 09, 2024 11:29:16 P. M. com.mongodb.diagnostics.logging.JULLogger log
INFO: Opened connection [connectionId{localValue:183}] to localhost:27017
nov 09, 2024 11:29:16 P. M. com.mongodb.diagnostics.logging.JULLogger log
INFO: Monitor thread successfully connected to server with description ServerDescription{address=localhost:27017, type=STANDALONE, state=CONNECTED, ok=true, version=ServerVersion{versionList=[8, 0, 3]}, minWireVersion=0, maxWireVersion=25, maxDocumentSize=16777216, logicalSessionTimeoutMinutes=30, roundTripTimeNanos=171700}
nov 09, 2024 11:29:16 P. M. com.mongodb.diagnostics.logging.JULLogger log
INFO: Opened connection [connectionId{localValue:184}] to localhost:27017
nov 09, 2024 11:29:16 P. M. implementaciones.UsuarioDAO obtenerUsuarioCorreo
INFO: Se ha consultado la colección 'usuarios'.
nov 09, 2024 11:29:16 P. M. com.mongodb.diagnostics.logging.JULLogger log
INFO: Closed connection [connectionId{localValue:184}] to localhost:27017 because the pool has been closed.
nov 09, 2024 11:29:16 P. M. conexion.Conexion cerrarConexion
INFO: Se ha cerrado la conexión con el servidor.
nov 09, 2024 11:29:16 P. M. com.mongodb.diagnostics.logging.JULLogger log
INFO: Cluster created with settings {hosts=[localhost:27017], mode=SINGLE, requiredClusterType=UNKNOWN, serverSelectionTimeout='30000 ms', maxWaitQueueSize=500}
nov 09, 2024 11:29:16 P. M. conexion.Conexion crearConexion
INFO: Se ha establecido la conexión con el servidor.
nov 09, 2024 11:29:16 P. M. com.mongodb.diagnostics.logging.JULLogger log
INFO: Cluster description not yet available. Waiting for 30000 ms before timing out
nov 09, 2024 11:29:16 P. M. com.mongodb.diagnostics.logging.JULLogger log
INFO: Opened connection [connectionId{localValue:185}] to localhost:27017
nov 09, 2024 11:29:16 P. M. com.mongodb.diagnostics.logging.JULLogger log
INFO: Monitor thread successfully connected to server with description ServerDescription{address=localhost:27017, type=STANDALONE, state=CONNECTED, ok=true, version=ServerVersion{versionList=[8, 0, 3]}, minWireVersion=0, maxWireVersion=25, maxDocumentSize=16777216, logicalSessionTimeoutMinutes=30, roundTripTimeNanos=183000}
nov 09, 2024 11:29:16 P. M. com.mongodb.diagnostics.logging.JULLogger log
INFO: Opened connection [connectionId{localValue:186}] to localhost:27017
nov 09, 2024 11:29:16 P. M. implementaciones.UsuarioDAO obtenerEmpleadoCurp
INFO: Se ha consultado la colección 'usuarios'.
nov 09, 2024 11:29:16 P. M. com.mongodb.diagnostics.logging.JULLogger log
INFO: Closed connection [connectionId{localValue:186}] to localhost:27017 because the pool has been closed.
nov 09, 2024 11:29:16 P. M. conexion.Conexion cerrarConexion
INFO: Se ha cerrado la conexión con el servidor.
nov 09, 2024 11:29:16 P. M. com.mongodb.diagnostics.logging.JULLogger log
INFO: Cluster created with settings {hosts=[localhost:27017], mode=SINGLE, requiredClusterType=UNKNOWN, serverSelectionTimeout='30000 ms', maxWaitQueueSize=500}
nov 09, 2024 11:29:16 P. M. conexion.Conexion crearConexion
INFO: Se ha establecido la conexión con el servidor.
nov 09, 2024 11:29:16 P. M. com.mongodb.diagnostics.logging.JULLogger log
INFO: Cluster description not yet available. Waiting for 30000 ms before timing out
nov 09, 2024 11:29:16 P. M. com.mongodb.diagnostics.logging.JULLogger log
INFO: Opened connection [connectionId{localValue:187}] to localhost:27017
nov 09, 2024 11:29:16 P. M. com.mongodb.diagnostics.logging.JULLogger log
INFO: Monitor thread successfully connected to server with description ServerDescription{address=localhost:27017, type=STANDALONE, state=CONNECTED, ok=true, version=ServerVersion{versionList=[8, 0, 3]}, minWireVersion=0, maxWireVersion=25, maxDocumentSize=16777216, logicalSessionTimeoutMinutes=30, roundTripTimeNanos=185800}
nov 09, 2024 11:29:16 P. M. com.mongodb.diagnostics.logging.JULLogger log
INFO: Opened connection [connectionId{localValue:188}] to localhost:27017
nov 09, 2024 11:29:16 P. M. implementaciones.UsuarioDAO obtenerEmpleadoRfc
INFO: Se ha consultado la colección 'usuarios'.
nov 09, 2024 11:29:16 P. M. com.mongodb.diagnostics.logging.JULLogger log
INFO: Closed connection [connectionId{localValue:188}] to localhost:27017 because the pool has been closed.
nov 09, 2024 11:29:16 P. M. conexion.Conexion cerrarConexion
INFO: Se ha cerrado la conexión con el servidor.
nov 09, 2024 11:29:16 P. M. com.mongodb.diagnostics.logging.JULLogger log
INFO: Cluster created with settings {hosts=[localhost:27017], mode=SINGLE, requiredClusterType=UNKNOWN, serverSelectionTimeout='30000 ms', maxWaitQueueSize=500}
nov 09, 2024 11:29:16 P. M. conexion.Conexion crearConexion
INFO: Se ha establecido la conexión con el servidor.
nov 09, 2024 11:29:16 P. M. com.mongodb.diagnostics.logging.JULLogger log
INFO: Cluster description not yet available. Waiting for 30000 ms before timing out
nov 09, 2024 11:29:16 P. M. com.mongodb.diagnostics.logging.JULLogger log
INFO: Opened connection [connectionId{localValue:189}] to localhost:27017
nov 09, 2024 11:29:16 P. M. com.mongodb.diagnostics.logging.JULLogger log
INFO: Monitor thread successfully connected to server with description ServerDescription{address=localhost:27017, type=STANDALONE, state=CONNECTED, ok=true, version=ServerVersion{versionList=[8, 0, 3]}, minWireVersion=0, maxWireVersion=25, maxDocumentSize=16777216, logicalSessionTimeoutMinutes=30, roundTripTimeNanos=169800}
nov 09, 2024 11:29:16 P. M. com.mongodb.diagnostics.logging.JULLogger log
INFO: Opened connection [connectionId{localValue:190}] to localhost:27017
nov 09, 2024 11:29:16 P. M. implementaciones.UsuarioDAO agregarEmpleado
INFO: Se ha insertado un documento en la colección 'usuarios'.
nov 09, 2024 11:29:16 P. M. com.mongodb.diagnostics.logging.JULLogger log
INFO: Closed connection [connectionId{localValue:190}] to localhost:27017 because the pool has been closed.
nov 09, 2024 11:29:16 P. M. conexion.Conexion cerrarConexion
INFO: Se ha cerrado la conexión con el servidor.
nov 09, 2024 11:29:16 P. M. com.mongodb.diagnostics.logging.JULLogger log
INFO: Cluster created with settings {hosts=[localhost:27017], mode=SINGLE, requiredClusterType=UNKNOWN, serverSelectionTimeout='30000 ms', maxWaitQueueSize=500}
nov 09, 2024 11:29:16 P. M. conexion.Conexion crearConexion
INFO: Se ha establecido la conexión con el servidor.
nov 09, 2024 11:29:16 P. M. com.mongodb.diagnostics.logging.JULLogger log
INFO: Cluster description not yet available. Waiting for 30000 ms before timing out
nov 09, 2024 11:29:16 P. M. com.mongodb.diagnostics.logging.JULLogger log
INFO: Opened connection [connectionId{localValue:191}] to localhost:27017
nov 09, 2024 11:29:16 P. M. com.mongodb.diagnostics.logging.JULLogger log
INFO: Monitor thread successfully connected to server with description ServerDescription{address=localhost:27017, type=STANDALONE, state=CONNECTED, ok=true, version=ServerVersion{versionList=[8, 0, 3]}, minWireVersion=0, maxWireVersion=25, maxDocumentSize=16777216, logicalSessionTimeoutMinutes=30, roundTripTimeNanos=214700}
nov 09, 2024 11:29:16 P. M. com.mongodb.diagnostics.logging.JULLogger log
INFO: Opened connection [connectionId{localValue:192}] to localhost:27017
nov 09, 2024 11:29:16 P. M. implementaciones.UsuarioDAO obtenerUsuarioCorreo
INFO: Se ha consultado la colección 'usuarios'.
nov 09, 2024 11:29:16 P. M. com.mongodb.diagnostics.logging.JULLogger log
INFO: Closed connection [connectionId{localValue:192}] to localhost:27017 because the pool has been closed.
nov 09, 2024 11:29:16 P. M. conexion.Conexion cerrarConexion
INFO: Se ha cerrado la conexión con el servidor.
nov 09, 2024 11:29:16 P. M. com.mongodb.diagnostics.logging.JULLogger log
INFO: Cluster created with settings {hosts=[localhost:27017], mode=SINGLE, requiredClusterType=UNKNOWN, serverSelectionTimeout='30000 ms', maxWaitQueueSize=500}
nov 09, 2024 11:29:16 P. M. conexion.Conexion crearConexion
INFO: Se ha establecido la conexión con el servidor.
nov 09, 2024 11:29:16 P. M. com.mongodb.diagnostics.logging.JULLogger log
INFO: Cluster description not yet available. Waiting for 30000 ms before timing out
nov 09, 2024 11:29:16 P. M. com.mongodb.diagnostics.logging.JULLogger log
INFO: Opened connection [connectionId{localValue:193}] to localhost:27017
nov 09, 2024 11:29:16 P. M. com.mongodb.diagnostics.logging.JULLogger log
INFO: Monitor thread successfully connected to server with description ServerDescription{address=localhost:27017, type=STANDALONE, state=CONNECTED, ok=true, version=ServerVersion{versionList=[8, 0, 3]}, minWireVersion=0, maxWireVersion=25, maxDocumentSize=16777216, logicalSessionTimeoutMinutes=30, roundTripTimeNanos=157900}
nov 09, 2024 11:29:16 P. M. com.mongodb.diagnostics.logging.JULLogger log
INFO: Opened connection [connectionId{localValue:194}] to localhost:27017
nov 09, 2024 11:29:16 P. M. implementaciones.UsuarioDAO obtenerUsuarioCorreo
INFO: Se ha consultado la colección 'usuarios'.
nov 09, 2024 11:29:16 P. M. com.mongodb.diagnostics.logging.JULLogger log
INFO: Closed connection [connectionId{localValue:194}] to localhost:27017 because the pool has been closed.
nov 09, 2024 11:29:16 P. M. conexion.Conexion cerrarConexion
INFO: Se ha cerrado la conexión con el servidor.
nov 09, 2024 11:29:16 P. M. com.mongodb.diagnostics.logging.JULLogger log
INFO: Cluster created with settings {hosts=[localhost:27017], mode=SINGLE, requiredClusterType=UNKNOWN, serverSelectionTimeout='30000 ms', maxWaitQueueSize=500}
nov 09, 2024 11:29:16 P. M. conexion.Conexion crearConexion
INFO: Se ha establecido la conexión con el servidor.
nov 09, 2024 11:29:16 P. M. com.mongodb.diagnostics.logging.JULLogger log
INFO: Cluster description not yet available. Waiting for 30000 ms before timing out
nov 09, 2024 11:29:16 P. M. com.mongodb.diagnostics.logging.JULLogger log
INFO: Opened connection [connectionId{localValue:195}] to localhost:27017
nov 09, 2024 11:29:16 P. M. com.mongodb.diagnostics.logging.JULLogger log
INFO: Monitor thread successfully connected to server with description ServerDescription{address=localhost:27017, type=STANDALONE, state=CONNECTED, ok=true, version=ServerVersion{versionList=[8, 0, 3]}, minWireVersion=0, maxWireVersion=25, maxDocumentSize=16777216, logicalSessionTimeoutMinutes=30, roundTripTimeNanos=162500}
nov 09, 2024 11:29:16 P. M. com.mongodb.diagnostics.logging.JULLogger log
INFO: Opened connection [connectionId{localValue:196}] to localhost:27017
nov 09, 2024 11:29:16 P. M. implementaciones.UsuarioDAO obtenerEmpleadoCurp
INFO: Se ha consultado la colección 'usuarios'.
nov 09, 2024 11:29:16 P. M. com.mongodb.diagnostics.logging.JULLogger log
INFO: Closed connection [connectionId{localValue:196}] to localhost:27017 because the pool has been closed.
nov 09, 2024 11:29:16 P. M. conexion.Conexion cerrarConexion
INFO: Se ha cerrado la conexión con el servidor.
nov 09, 2024 11:29:16 P. M. com.mongodb.diagnostics.logging.JULLogger log
INFO: Cluster created with settings {hosts=[localhost:27017], mode=SINGLE, requiredClusterType=UNKNOWN, serverSelectionTimeout='30000 ms', maxWaitQueueSize=500}
nov 09, 2024 11:29:16 P. M. conexion.Conexion crearConexion
INFO: Se ha establecido la conexión con el servidor.
nov 09, 2024 11:29:16 P. M. com.mongodb.diagnostics.logging.JULLogger log
INFO: Cluster description not yet available. Waiting for 30000 ms before timing out
nov 09, 2024 11:29:16 P. M. com.mongodb.diagnostics.logging.JULLogger log
INFO: Opened connection [connectionId{localValue:197}] to localhost:27017
nov 09, 2024 11:29:16 P. M. com.mongodb.diagnostics.logging.JULLogger log
INFO: Monitor thread successfully connected to server with description ServerDescription{address=localhost:27017, type=STANDALONE, state=CONNECTED, ok=true, version=ServerVersion{versionList=[8, 0, 3]}, minWireVersion=0, maxWireVersion=25, maxDocumentSize=16777216, logicalSessionTimeoutMinutes=30, roundTripTimeNanos=237200}
nov 09, 2024 11:29:16 P. M. com.mongodb.diagnostics.logging.JULLogger log
INFO: Opened connection [connectionId{localValue:198}] to localhost:27017
nov 09, 2024 11:29:16 P. M. implementaciones.UsuarioDAO borrarUsuarios
INFO: Se han eliminado 1 registros de la colección 'usuarios'.
nov 09, 2024 11:29:16 P. M. com.mongodb.diagnostics.logging.JULLogger log
INFO: Closed connection [connectionId{localValue:198}] to localhost:27017 because the pool has been closed.
nov 09, 2024 11:29:16 P. M. conexion.Conexion cerrarConexion
INFO: Se ha cerrado la conexión con el servidor.
]]></system-err>
  </testcase>
</testsuite>