<?xml version="1.0" encoding="UTF-8"?>
<testsuite xmlns:xsi="http://www.w3.org/2001/XMLSchema-instance" xsi:noNamespaceSchemaLocation="https://maven.apache.org/surefire/maven-surefire-plugin/xsd/surefire-test-report-3.0.xsd" version="3.0" name="utilidades.ValidadorTest" time="0.204" tests="20" errors="0" skipped="0" failures="0">
  <properties>
    <property name="java.specification.version" value="21"/>
    <property name="sun.cpu.isalist" value="amd64"/>
    <property name="sun.jnu.encoding" value="Cp1252"/>
    <property name="java.class.path" value="C:\Users\karim\Documents\GitHub\Ejteechi_Pruebas\Presentacion\target\test-classes;C:\Users\karim\Documents\GitHub\Ejteechi_Pruebas\Presentacion\target\classes;C:\Users\karim\.m2\repository\org\netbeans\external\AbsoluteLayout\RELEASE210\AbsoluteLayout-RELEASE210.jar;C:\Users\karim\.m2\repository\com\formdev\flatlaf\3.4\flatlaf-3.4.jar;C:\Users\karim\.m2\repository\banco\itson\edu\AdministrarQuejas\1.0-SNAPSHOT\AdministrarQuejas-1.0-SNAPSHOT.jar;C:\Users\karim\.m2\repository\com\mycompany\AtenderTickets\1.0-SNAPSHOT\AtenderTickets-1.0-SNAPSHOT.jar;C:\Users\karim\.m2\repository\com\mycompany\AdministrarTickets\1.0-SNAPSHOT\AdministrarTickets-1.0-SNAPSHOT.jar;C:\Users\karim\.m2\repository\com\mycompany\IniciarSesion\1.0-SNAPSHOT\IniciarSesion-1.0-SNAPSHOT.jar;C:\Users\karim\.m2\repository\com\mycompany\MostrarMapa\1.0-SNAPSHOT\MostrarMapa-1.0-SNAPSHOT.jar;C:\Users\karim\.m2\repository\com\mycompany\ObtenerImagenesMapa\1.0-SNAPSHOT\ObtenerImagenesMapa-1.0-SNAPSHOT.jar;C:\Users\karim\.m2\repository\banco\itson\edu\VisualizarQuejas\1.0-SNAPSHOT\VisualizarQuejas-1.0-SNAPSHOT.jar;C:\Users\karim\.m2\repository\com\mycompany\RegistrarEmpleado\1.0-SNAPSHOT\RegistrarEmpleado-1.0-SNAPSHOT.jar;C:\Users\karim\.m2\repository\com\mycompany\RegistrarCliente\1.0-SNAPSHOT\RegistrarCliente-1.0-SNAPSHOT.jar;C:\Users\karim\.m2\repository\banco\itson\edu\ProgramarMantenimiento\1.0-SNAPSHOT\ProgramarMantenimiento-1.0-SNAPSHOT.jar;C:\Users\karim\.m2\repository\com\mycompany\DTOs\1.0-SNAPSHOT\DTOs-1.0-SNAPSHOT.jar;C:\Users\karim\.m2\repository\org\jxmapviewer\jxmapviewer2\2.8\jxmapviewer2-2.8.jar;C:\Users\karim\.m2\repository\commons-logging\commons-logging\1.2\commons-logging-1.2.jar;C:\Users\karim\.m2\repository\com\graphhopper\graphhopper-core\9.0-pre1\graphhopper-core-9.0-pre1.jar;C:\Users\karim\.m2\repository\com\graphhopper\graphhopper-web-api\9.0-pre1\graphhopper-web-api-9.0-pre1.jar;C:\Users\karim\.m2\repository\com\carrotsearch\hppc\0.8.1\hppc-0.8.1.jar;C:\Users\karim\.m2\repository\org\codehaus\janino\janino\3.1.9\janino-3.1.9.jar;C:\Users\karim\.m2\repository\org\codehaus\janino\commons-compiler\3.1.9\commons-compiler-3.1.9.jar;C:\Users\karim\.m2\repository\org\locationtech\jts\jts-core\1.19.0\jts-core-1.19.0.jar;C:\Users\karim\.m2\repository\com\fasterxml\jackson\core\jackson-core\2.13.5\jackson-core-2.13.5.jar;C:\Users\karim\.m2\repository\com\fasterxml\jackson\core\jackson-databind\2.13.5\jackson-databind-2.13.5.jar;C:\Users\karim\.m2\repository\com\fasterxml\jackson\core\jackson-annotations\2.13.5\jackson-annotations-2.13.5.jar;C:\Users\karim\.m2\repository\com\graphhopper\external\jackson-datatype-jts\2.14\jackson-datatype-jts-2.14.jar;C:\Users\karim\.m2\repository\com\fasterxml\jackson\dataformat\jackson-dataformat-xml\2.13.5\jackson-dataformat-xml-2.13.5.jar;C:\Users\karim\.m2\repository\org\codehaus\woodstox\stax2-api\4.2.1\stax2-api-4.2.1.jar;C:\Users\karim\.m2\repository\com\fasterxml\woodstox\woodstox-core\6.4.0\woodstox-core-6.4.0.jar;C:\Users\karim\.m2\repository\org\apache\xmlgraphics\xmlgraphics-commons\2.7\xmlgraphics-commons-2.7.jar;C:\Users\karim\.m2\repository\commons-io\commons-io\1.3.1\commons-io-1.3.1.jar;C:\Users\karim\.m2\repository\de\westnordost\osm-legal-default-speeds-jvm\1.4\osm-legal-default-speeds-jvm-1.4.jar;C:\Users\karim\.m2\repository\org\jetbrains\kotlin\kotlin-stdlib\1.6.20\kotlin-stdlib-1.6.20.jar;C:\Users\karim\.m2\repository\org\jetbrains\kotlin\kotlin-stdlib-common\1.6.20\kotlin-stdlib-common-1.6.20.jar;C:\Users\karim\.m2\repository\org\jetbrains\annotations\13.0\annotations-13.0.jar;C:\Users\karim\.m2\repository\org\openstreetmap\osmosis\osmosis-osm-binary\0.48.3\osmosis-osm-binary-0.48.3.jar;C:\Users\karim\.m2\repository\com\google\protobuf\protobuf-java\3.12.2\protobuf-java-3.12.2.jar;C:\Users\karim\.m2\repository\org\slf4j\slf4j-api\1.7.36\slf4j-api-1.7.36.jar;C:\Users\karim\.m2\repository\org\mongodb\bson\3.10.2\bson-3.10.2.jar;C:\Users\karim\.m2\repository\com\mycompany\ObjetosNegocio\1.0-SNAPSHOT\ObjetosNegocio-1.0-SNAPSHOT.jar;C:\Users\karim\.m2\repository\com\mycompany\Persistencia\1.0-SNAPSHOT\Persistencia-1.0-SNAPSHOT.jar;C:\Users\karim\.m2\repository\org\mongodb\mongo-java-driver\3.10.2\mongo-java-driver-3.10.2.jar;C:\Users\karim\.m2\repository\org\mongodb\mongodb-driver-core\3.10.2\mongodb-driver-core-3.10.2.jar;C:\Users\karim\.m2\repository\org\junit\jupiter\junit-jupiter-api\5.10.3\junit-jupiter-api-5.10.3.jar;C:\Users\karim\.m2\repository\org\opentest4j\opentest4j\1.3.0\opentest4j-1.3.0.jar;C:\Users\karim\.m2\repository\org\junit\platform\junit-platform-commons\1.10.3\junit-platform-commons-1.10.3.jar;C:\Users\karim\.m2\repository\org\apiguardian\apiguardian-api\1.1.2\apiguardian-api-1.1.2.jar;C:\Users\karim\.m2\repository\org\junit\jupiter\junit-jupiter-params\5.10.3\junit-jupiter-params-5.10.3.jar;C:\Users\karim\.m2\repository\org\junit\jupiter\junit-jupiter-engine\5.10.3\junit-jupiter-engine-5.10.3.jar;C:\Users\karim\.m2\repository\org\junit\platform\junit-platform-engine\1.10.3\junit-platform-engine-1.10.3.jar;"/>
    <property name="java.vm.vendor" value="Oracle Corporation"/>
    <property name="sun.arch.data.model" value="64"/>
    <property name="user.variant" value=""/>
    <property name="java.vendor.url" value="https://java.oracle.com/"/>
    <property name="user.timezone" value="America/Hermosillo"/>
    <property name="os.name" value="Windows 11"/>
    <property name="java.vm.specification.version" value="21"/>
    <property name="user.country" value="MX"/>
    <property name="sun.java.launcher" value="SUN_STANDARD"/>
    <property name="sun.boot.library.path" value="C:\Program Files\Java\jdk-21\bin"/>
    <property name="sun.java.command" value="C:\Users\karim\AppData\Local\Temp\surefire4010113435167437245\surefirebooter-20241111095237124_3.jar C:\Users\karim\AppData\Local\Temp\surefire4010113435167437245 2024-11-11T09-52-36_836-jvmRun1 surefire-20241111095237124_1tmp surefire_0-20241111095237124_2tmp"/>
    <property name="jdk.debug" value="release"/>
    <property name="test" value="utilidades.ValidadorTest"/>
    <property name="surefire.test.class.path" value="C:\Users\karim\Documents\GitHub\Ejteechi_Pruebas\Presentacion\target\test-classes;C:\Users\karim\Documents\GitHub\Ejteechi_Pruebas\Presentacion\target\classes;C:\Users\karim\.m2\repository\org\netbeans\external\AbsoluteLayout\RELEASE210\AbsoluteLayout-RELEASE210.jar;C:\Users\karim\.m2\repository\com\formdev\flatlaf\3.4\flatlaf-3.4.jar;C:\Users\karim\.m2\repository\banco\itson\edu\AdministrarQuejas\1.0-SNAPSHOT\AdministrarQuejas-1.0-SNAPSHOT.jar;C:\Users\karim\.m2\repository\com\mycompany\AtenderTickets\1.0-SNAPSHOT\AtenderTickets-1.0-SNAPSHOT.jar;C:\Users\karim\.m2\repository\com\mycompany\AdministrarTickets\1.0-SNAPSHOT\AdministrarTickets-1.0-SNAPSHOT.jar;C:\Users\karim\.m2\repository\com\mycompany\IniciarSesion\1.0-SNAPSHOT\IniciarSesion-1.0-SNAPSHOT.jar;C:\Users\karim\.m2\repository\com\mycompany\MostrarMapa\1.0-SNAPSHOT\MostrarMapa-1.0-SNAPSHOT.jar;C:\Users\karim\.m2\repository\com\mycompany\ObtenerImagenesMapa\1.0-SNAPSHOT\ObtenerImagenesMapa-1.0-SNAPSHOT.jar;C:\Users\karim\.m2\repository\banco\itson\edu\VisualizarQuejas\1.0-SNAPSHOT\VisualizarQuejas-1.0-SNAPSHOT.jar;C:\Users\karim\.m2\repository\com\mycompany\RegistrarEmpleado\1.0-SNAPSHOT\RegistrarEmpleado-1.0-SNAPSHOT.jar;C:\Users\karim\.m2\repository\com\mycompany\RegistrarCliente\1.0-SNAPSHOT\RegistrarCliente-1.0-SNAPSHOT.jar;C:\Users\karim\.m2\repository\banco\itson\edu\ProgramarMantenimiento\1.0-SNAPSHOT\ProgramarMantenimiento-1.0-SNAPSHOT.jar;C:\Users\karim\.m2\repository\com\mycompany\DTOs\1.0-SNAPSHOT\DTOs-1.0-SNAPSHOT.jar;C:\Users\karim\.m2\repository\org\jxmapviewer\jxmapviewer2\2.8\jxmapviewer2-2.8.jar;C:\Users\karim\.m2\repository\commons-logging\commons-logging\1.2\commons-logging-1.2.jar;C:\Users\karim\.m2\repository\com\graphhopper\graphhopper-core\9.0-pre1\graphhopper-core-9.0-pre1.jar;C:\Users\karim\.m2\repository\com\graphhopper\graphhopper-web-api\9.0-pre1\graphhopper-web-api-9.0-pre1.jar;C:\Users\karim\.m2\repository\com\carrotsearch\hppc\0.8.1\hppc-0.8.1.jar;C:\Users\karim\.m2\repository\org\codehaus\janino\janino\3.1.9\janino-3.1.9.jar;C:\Users\karim\.m2\repository\org\codehaus\janino\commons-compiler\3.1.9\commons-compiler-3.1.9.jar;C:\Users\karim\.m2\repository\org\locationtech\jts\jts-core\1.19.0\jts-core-1.19.0.jar;C:\Users\karim\.m2\repository\com\fasterxml\jackson\core\jackson-core\2.13.5\jackson-core-2.13.5.jar;C:\Users\karim\.m2\repository\com\fasterxml\jackson\core\jackson-databind\2.13.5\jackson-databind-2.13.5.jar;C:\Users\karim\.m2\repository\com\fasterxml\jackson\core\jackson-annotations\2.13.5\jackson-annotations-2.13.5.jar;C:\Users\karim\.m2\repository\com\graphhopper\external\jackson-datatype-jts\2.14\jackson-datatype-jts-2.14.jar;C:\Users\karim\.m2\repository\com\fasterxml\jackson\dataformat\jackson-dataformat-xml\2.13.5\jackson-dataformat-xml-2.13.5.jar;C:\Users\karim\.m2\repository\org\codehaus\woodstox\stax2-api\4.2.1\stax2-api-4.2.1.jar;C:\Users\karim\.m2\repository\com\fasterxml\woodstox\woodstox-core\6.4.0\woodstox-core-6.4.0.jar;C:\Users\karim\.m2\repository\org\apache\xmlgraphics\xmlgraphics-commons\2.7\xmlgraphics-commons-2.7.jar;C:\Users\karim\.m2\repository\commons-io\commons-io\1.3.1\commons-io-1.3.1.jar;C:\Users\karim\.m2\repository\de\westnordost\osm-legal-default-speeds-jvm\1.4\osm-legal-default-speeds-jvm-1.4.jar;C:\Users\karim\.m2\repository\org\jetbrains\kotlin\kotlin-stdlib\1.6.20\kotlin-stdlib-1.6.20.jar;C:\Users\karim\.m2\repository\org\jetbrains\kotlin\kotlin-stdlib-common\1.6.20\kotlin-stdlib-common-1.6.20.jar;C:\Users\karim\.m2\repository\org\jetbrains\annotations\13.0\annotations-13.0.jar;C:\Users\karim\.m2\repository\org\openstreetmap\osmosis\osmosis-osm-binary\0.48.3\osmosis-osm-binary-0.48.3.jar;C:\Users\karim\.m2\repository\com\google\protobuf\protobuf-java\3.12.2\protobuf-java-3.12.2.jar;C:\Users\karim\.m2\repository\org\slf4j\slf4j-api\1.7.36\slf4j-api-1.7.36.jar;C:\Users\karim\.m2\repository\org\mongodb\bson\3.10.2\bson-3.10.2.jar;C:\Users\karim\.m2\repository\com\mycompany\ObjetosNegocio\1.0-SNAPSHOT\ObjetosNegocio-1.0-SNAPSHOT.jar;C:\Users\karim\.m2\repository\com\mycompany\Persistencia\1.0-SNAPSHOT\Persistencia-1.0-SNAPSHOT.jar;C:\Users\karim\.m2\repository\org\mongodb\mongo-java-driver\3.10.2\mongo-java-driver-3.10.2.jar;C:\Users\karim\.m2\repository\org\mongodb\mongodb-driver-core\3.10.2\mongodb-driver-core-3.10.2.jar;C:\Users\karim\.m2\repository\org\junit\jupiter\junit-jupiter-api\5.10.3\junit-jupiter-api-5.10.3.jar;C:\Users\karim\.m2\repository\org\opentest4j\opentest4j\1.3.0\opentest4j-1.3.0.jar;C:\Users\karim\.m2\repository\org\junit\platform\junit-platform-commons\1.10.3\junit-platform-commons-1.10.3.jar;C:\Users\karim\.m2\repository\org\apiguardian\apiguardian-api\1.1.2\apiguardian-api-1.1.2.jar;C:\Users\karim\.m2\repository\org\junit\jupiter\junit-jupiter-params\5.10.3\junit-jupiter-params-5.10.3.jar;C:\Users\karim\.m2\repository\org\junit\jupiter\junit-jupiter-engine\5.10.3\junit-jupiter-engine-5.10.3.jar;C:\Users\karim\.m2\repository\org\junit\platform\junit-platform-engine\1.10.3\junit-platform-engine-1.10.3.jar;"/>
    <property name="sun.cpu.endian" value="little"/>
    <property name="user.home" value="C:\Users\karim"/>
    <property name="user.language" value="es"/>
    <property name="java.specification.vendor" value="Oracle Corporation"/>
    <property name="java.version.date" value="2024-07-16"/>
    <property name="java.home" value="C:\Program Files\Java\jdk-21"/>
    <property name="file.separator" value="\"/>
    <property name="basedir" value="C:\Users\karim\Documents\GitHub\Ejteechi_Pruebas\Presentacion"/>
    <property name="java.vm.compressedOopsMode" value="32-bit"/>
    <property name="line.separator" value="&#10;"/>
    <property name="java.vm.specification.vendor" value="Oracle Corporation"/>
    <property name="java.specification.name" value="Java Platform API Specification"/>
    <property name="surefire.real.class.path" value="C:\Users\karim\AppData\Local\Temp\surefire4010113435167437245\surefirebooter-20241111095237124_3.jar"/>
    <property name="user.script" value=""/>
    <property name="sun.management.compiler" value="HotSpot 64-Bit Tiered Compilers"/>
    <property name="java.runtime.version" value="21.0.4+8-LTS-274"/>
    <property name="user.name" value="karim"/>
    <property name="stdout.encoding" value="Cp1252"/>
    <property name="path.separator" value=";"/>
    <property name="os.version" value="10.0"/>
    <property name="java.runtime.name" value="Java(TM) SE Runtime Environment"/>
    <property name="file.encoding" value="UTF-8"/>
    <property name="java.vm.name" value="Java HotSpot(TM) 64-Bit Server VM"/>
    <property name="maven.ext.class.path" value="C:\Program Files\NetBeans-23\netbeans\java\maven-nblib\netbeans-eventspy.jar"/>
    <property name="localRepository" value="C:\Users\karim\.m2\repository"/>
    <property name="java.vendor.url.bug" value="https://bugreport.java.com/bugreport/"/>
    <property name="java.io.tmpdir" value="C:\Users\karim\AppData\Local\Temp\"/>
    <property name="java.version" value="21.0.4"/>
    <property name="user.dir" value="C:\Users\karim\Documents\GitHub\Ejteechi_Pruebas\Presentacion"/>
    <property name="os.arch" value="amd64"/>
    <property name="java.vm.specification.name" value="Java Virtual Machine Specification"/>
    <property name="sun.os.patch.level" value=""/>
    <property name="native.encoding" value="Cp1252"/>
    <property name="java.library.path" value="C:\Program Files\Java\jdk-21\bin;C:\Windows\Sun\Java\bin;C:\Windows\system32;C:\Windows;C:\Program Files\Common Files\Oracle\Java\javapath;C:\Windows\system32;C:\Windows;C:\Windows\System32\Wbem;C:\Windows\System32\WindowsPowerShell\v1.0\;C:\Windows\System32\OpenSSH\;C:\Program Files (x86)\Microsoft SQL Server\160\Tools\Binn\;C:\Program Files\Microsoft SQL Server\160\Tools\Binn\;C:\Program Files\Microsoft SQL Server\Client SDK\ODBC\170\Tools\Binn\;C:\Program Files\Microsoft SQL Server\160\DTS\Binn\;C:\Program Files (x86)\Microsoft SQL Server\160\DTS\Binn\;C:\Program Files\Microsoft SQL Server\150\Tools\Binn\;C:\Program Files (x86)\Windows Kits\10\Windows Performance Toolkit\;C:\Program Files\Git\cmd;C:\Program Files\dotnet\;C:\Program Files\nodejs\;C:\Program Files\MySQL\MySQL Shell 8.0\bin\;C:\Users\karim\AppData\Local\Programs\Python\Launcher\;C:\Users\karim\AppData\Local\Microsoft\WindowsApps;C:\Users\karim\AppData\Local\GitHubDesktop\bin;C:\Users\karim\AppData\Local\Programs\Microsoft VS Code\bin;C:\Users\karim\.dotnet\tools;C:\Program Files\MongoDB\Server\8.0\bin;C:\Program Files\MongoDB\mongosh-2.3.2-win32-x64\bin;C:\Users\karim\AppData\Roaming\npm;."/>
    <property name="java.vm.info" value="mixed mode, sharing"/>
    <property name="stderr.encoding" value="Cp1252"/>
    <property name="java.vendor" value="Oracle Corporation"/>
    <property name="java.vm.version" value="21.0.4+8-LTS-274"/>
    <property name="sun.io.unicode.encoding" value="UnicodeLittle"/>
    <property name="java.class.version" value="65.0"/>
  </properties>
  <testcase name="testValidarApellidoConNumeros" classname="utilidades.ValidadorTest" time="0.077"/>
  <testcase name="testValidarContrasenia_ConContraseniaValida_NoLanzaExcepcion" classname="utilidades.ValidadorTest" time="0.005"/>
  <testcase name="testValidarVacio_ConCadenaVacia_LanzaExcepcion" classname="utilidades.ValidadorTest" time="0.003"/>
  <testcase name="testValidarVacio_ConCadenaConEspacios_LanzaExcepcion" classname="utilidades.ValidadorTest" time="0.002"/>
  <testcase name="testValidarTicket" classname="utilidades.ValidadorTest" time="0.002"/>
  <testcase name="testValidarNombreValido" classname="utilidades.ValidadorTest" time="0.003"/>
  <testcase name="testValidarApellidoP" classname="utilidades.ValidadorTest" time="0.002"/>
  <testcase name="testValidarTicketPorLongitud" classname="utilidades.ValidadorTest" time="0.002"/>
  <testcase name="testValidarVacio_ConCadenaNoVacia_NoLanzaExcepcion" classname="utilidades.ValidadorTest" time="0.002"/>
  <testcase name="testValidarRespuesta" classname="utilidades.ValidadorTest" time="0.002"/>
  <testcase name="testValidarTelefono_ConTelefonoValido_NoLanzaExcepcion" classname="utilidades.ValidadorTest" time="0.002"/>
  <testcase name="testValidarContrasenia_ConContraseniaInvalida_LanzaExcepcion" classname="utilidades.ValidadorTest" time="0.002"/>
  <testcase name="testValidarCorreo_ConCorreoValido_NoLanzaExcepcion" classname="utilidades.ValidadorTest" time="0.003"/>
  <testcase name="testValidarNombres" classname="utilidades.ValidadorTest" time="0.002"/>
  <testcase name="testValidarRFC_ConRfcValido_NoLanzaExcepcion" classname="utilidades.ValidadorTest" time="0.002"/>
  <testcase name="testValidarTelefono_ConTelefonoInvalido_LanzaExcepcion" classname="utilidades.ValidadorTest" time="0.002"/>
  <testcase name="testValidarCorreo_ConCorreoInvalido_LanzaExcepcion" classname="utilidades.ValidadorTest" time="0.003"/>
  <testcase name="testValidarApellidoLargo" classname="utilidades.ValidadorTest" time="0.003"/>
  <testcase name="testValidarRFC_ConRfcInvalido_LanzaExcepcion" classname="utilidades.ValidadorTest" time="0.002"/>
  <testcase name="testValidarRespuestaVacia" classname="utilidades.ValidadorTest" time="0.002"/>
</testsuite>